<!DOCTYPE html>
<html>
<head>
  
<meta http-equiv="Content-Type" content="text/html; charset=UTF-8" />

<script type="text/javascript" src="js/jquery.min.js"></script>
<script type="text/javascript" src="js/jquery.tablesorter.min.js"></script>
<script type="text/javascript" src="js/Chart.min.js"></script>
<script type="text/javascript" src="js/moment.min.js"></script>
<script type="text/javascript" src="js/bootstrap.min.js"></script>

<link rel="stylesheet" href="css/bootstrap.min.css" type="text/css"/>
<link rel="stylesheet" href="css/cucumber.css" type="text/css"/>
<link rel="stylesheet" href="css/font-awesome.min.css"/>
<link rel="shortcut icon" href="images/favicon.png"/>

<script type="text/javascript">
$(document).ready(function() {
    // this will tell tablesorter to try looking for the data-value attribute
    // if present, it'll sort by that instead
    // otherwise, it'll sort by the text content of the table cell
    $("#tablesorter").tablesorter({
        textAttribute: 'data-value',
        // ignores the first row of the header, the 'scenario', 'steps', since
        // sorting those doesn't make sense
        selectorHeaders: '> thead tr:not(.dont-sort) th',
        // use a stable sort
        sortStable: true
    });
});
</script>











  
<title>Cucumber Reports (no 1) - Failures Overview</title>

</head>

<body>

<nav class="navbar navbar-default navbar-fixed-top" id="navigation">
  <div class="container-fluid">
    <div class="collapse navbar-collapse">
      <p class="navbar-text navbar-left">Cucumber Report</p>
      <ul class="nav navbar-nav navbar-right">
                <li role="presentation" ><a href="overview-features.html">Features</a></li>
        <li role="presentation" ><a href="overview-tags.html">Tags</a></li>
        <li role="presentation" ><a href="overview-steps.html">Steps</a></li>
                <li role="presentation"  class="active" ><a href="overview-failures.html">Failures</a></li>
      </ul>
    </div>
  </div>
</nav>


<div class="container-fluid">
  <div class="col-md-5 col-md-offset-1">
    
<table class="table table-bordered" id="build-info">
  <thead>
    <tr>
      <th>Project</th>
              <th>Number</th>
            <th>Date</th>
    </tr>
  </thead>
  <tbody>
    <tr class="info">
      <td>CucumberAutomationPage</td>
              <td>1</td>
            <td>29 Apr 2022, 00:21</td>
    </tr>
  </tbody>
</table>

  </div>
  <div class="col-md-3 col-md-offset-2">
      </div>
</div>


<div id="report-lead" class="container-fluid">
  <div class="col-md-10 col-md-offset-1">
    <h2>Failures Overview</h2>
          <p>The following summary displays scenarios that failed.</p>
      </div>
</div>


<div class="container-fluid">
  <div class="row">
    <div class="col-md-10 col-md-offset-10">
      <i class="fa fa-chevron-circle-down fa-2x collapsable-control"
        onClick="javascript:$('#report .collapsable-details').collapse('show')"></i>
      <i class="fa fa-chevron-circle-up fa-2x collapsable-control"
        onClick="javascript:$('#report .collapsable-details').collapse('hide')"></i>
    </div>
  </div>
</div>


<div class="container-fluid" id="report">
  <div class="row">
    <div class="col-md-10 col-md-offset-1">

              <div class="elements">
                      
<div class="element">
      <div class="indention">
      <b>Feature:</b>
      <a href="report-feature_file-src-test-resources-Features-AddToCart-feature.html">Add to cart</a>
    </div>
  
  
<div class="tags indention">
  </div>

  
  <span class="lead-duration duration">19.551</span>


    <span data-toggle="collapse" class=" collapsable-control" data-target="#element-1">
    
<div class="brief failed">
  <span class="keyword indention">Background</span>
  <span class="name"></span>
  

       <i class="chevron fa fa-fw"></i>
  </div>

  </span>
  <div class="description indention"></div>

  <div id="element-1" class="collapse collapsable-details  in ">
    


    
<div class="steps inner-level">
    <div data-toggle="collapse" class=" collapsable-control" data-target="#steps-2">
    
<div class="brief failed">
  <span class="keyword indention">Steps</span>
  <span class="name"></span>
  

       <i class="chevron fa fa-fw"></i>
  </div>

  </div>

  <div id="steps-2" class="inner-level collapse collapsable-details  in ">
          <div class="step">
        
<div class="brief failed">
  <span class="keyword indention">Given</span>
  <span class="name">El usuario esta en la home page</span>
  
  <span class="lead-duration duration">19.551</span>

  </div>

        

        

  <div class="inner-level">
    <div class="message indention">
      <div data-toggle="collapse" class=" collapsable-control" data-target="#msg-3">
          <a>java.lang.AssertionError:</a>
      </div>
      <div id="msg-3" class="collapse collapsable-details  in ">
        <pre>java.lang.AssertionError: No esta en la home page
	at org.junit.Assert.fail(Assert.java:89)
	at org.junit.Assert.assertTrue(Assert.java:42)
	at TestGlue.SearchSteps.elUsuarioEstaEnLaHomePage(SearchSteps.java:12)
	at &#10045;.El usuario esta en la home page(file:///D:/a/CucumberAutomationPage/CucumberAutomationPage/./src/test/resources/Features/AddToCart.feature:6)
</pre>
      </div>
    </div>
  </div>


        
        

        

        
  
        

      </div>
      </div>
</div>


    

  </div>
</div>

                      
<div class="element">
      <div class="indention">
      <b>Feature:</b>
      <a href="report-feature_file-src-test-resources-Features-AddToCart-feature.html">Add to cart</a>
    </div>
  
  
<div class="tags indention">
      <b>Tags:</b>
           <a href="report-tag_addCart.html">@addCart</a>
      </div>

  
  <span class="lead-duration duration">0.000</span>


    <span data-toggle="collapse" class=" collapsable-control" data-target="#element-4">
    
<div class="brief failed">
  <span class="keyword indention">Scenario Outline</span>
  <span class="name"></span>
  

       <i class="chevron fa fa-fw"></i>
  </div>

  </span>
  <div class="description indention">    Agregar producto/s al carrito de compras desde la pagina de detalle del producto View page</div>

  <div id="element-4" class="collapse collapsable-details  in ">
    
  <div class="inner-level hooks-element-before">
        <div data-toggle="collapse" class=" collapsed  collapsable-control" data-target="#before-5">
      
<div class="brief passed">
  <span class="keyword indention">Hooks</span>
  <span class="name"></span>
  

       <i class="chevron fa fa-fw"></i>
  </div>

    </div>

    <div id="before-5" class="inner-level collapse collapsable-details ">
              <div class="hook">
          <div class="brief passed">
            <span class="keyword indention">Before</span>
                          <span class="location name">TestGlue.Hooks.setUp()</span>
                        
  <span class="lead-duration duration">20.799</span>

          </div>

                      

          
                    

          
  
        </div>
          </div>
  </div>


    
<div class="steps inner-level">
    <div data-toggle="collapse" class=" collapsable-control" data-target="#steps-6">
    
<div class="brief failed">
  <span class="keyword indention">Steps</span>
  <span class="name"></span>
  

       <i class="chevron fa fa-fw"></i>
  </div>

  </div>

  <div id="steps-6" class="inner-level collapse collapsable-details  in ">
          <div class="step">
        
<div class="brief skipped">
  <span class="keyword indention">When</span>
  <span class="name">realiza la busqueda de un producto &quot;Blouse&quot;</span>
  
  <span class="lead-duration duration">0.000</span>

  </div>

        

        


        
        

        

        
  
        

      </div>
          <div class="step">
        
<div class="brief skipped">
  <span class="keyword indention">And</span>
  <span class="name">Selecciona el producto &quot;Blouse&quot;</span>
  
  <span class="lead-duration duration">0.000</span>

  </div>

        

        


        
        

        

        
  
        

      </div>
          <div class="step">
        
<div class="brief skipped">
  <span class="keyword indention">And</span>
  <span class="name">agrega el producto al carrito &quot;3&quot; &quot;M&quot; &quot;Black&quot;</span>
  
  <span class="lead-duration duration">0.000</span>

  </div>

        

        


        
        

        

        
  
        

      </div>
          <div class="step">
        
<div class="brief skipped">
  <span class="keyword indention">Then</span>
  <span class="name">deveria mostrar un mensaje de confirmacion &quot;Product successfully added to your shopping cart&quot;</span>
  
  <span class="lead-duration duration">0.000</span>

  </div>

        

        


        
        

        

        
  
        

      </div>
      </div>
</div>


    
  <div class="inner-level hooks-element-after">
        <div data-toggle="collapse" class=" collapsed  collapsable-control" data-target="#after-7">
      
<div class="brief passed">
  <span class="keyword indention">Hooks</span>
  <span class="name"></span>
  

       <i class="chevron fa fa-fw"></i>
  </div>

    </div>

    <div id="after-7" class="inner-level collapse collapsable-details ">
              <div class="hook">
          <div class="brief passed">
            <span class="keyword indention">After</span>
                          <span class="location name">TestGlue.Hooks.tearDown(io.cucumber.java.Scenario)</span>
                        
  <span class="lead-duration duration">1.930</span>

          </div>

                      

          
                    

          
    <div class="embeddings inner-level">
                <div class="embedding indention">
        <div data-toggle="collapse" data-target="#embedding-8" class="collapsable-control">
      <a>Attachment 1 (png)</a>
      <a href="embeddings/embedding_-1708017312.png" download target="_blank">
        <span class="download-button glyphicon glyphicon-download-alt"></span>
      </a>
    </div>
    <div id="embedding-8" class="collapse collapsable-details">
      <div class="embedding-content">
        <img src="embeddings/embedding_-1708017312.png">
      </div>
    </div>
  </div>
        </div>
  
        </div>
          </div>
  </div>

  </div>
</div>

                      
<div class="element">
      <div class="indention">
      <b>Feature:</b>
      <a href="report-feature_file-src-test-resources-Features-AddToCart-feature.html">Add to cart</a>
    </div>
  
  
<div class="tags indention">
      <b>Tags:</b>
           <a href="report-tag_addCart.html">@addCart</a>
      </div>

  
  <span class="lead-duration duration">21.518</span>


    <span data-toggle="collapse" class=" collapsable-control" data-target="#element-9">
    
<div class="brief failed">
  <span class="keyword indention">Scenario Outline</span>
  <span class="name"></span>
  

       <i class="chevron fa fa-fw"></i>
  </div>

  </span>
  <div class="description indention">    Agregar producto/s al carrito de compras desde la pagina de detalle del producto View page</div>

  <div id="element-9" class="collapse collapsable-details  in ">
    
  <div class="inner-level hooks-element-before">
        <div data-toggle="collapse" class=" collapsed  collapsable-control" data-target="#before-10">
      
<div class="brief passed">
  <span class="keyword indention">Hooks</span>
  <span class="name"></span>
  

       <i class="chevron fa fa-fw"></i>
  </div>

    </div>

    <div id="before-10" class="inner-level collapse collapsable-details ">
              <div class="hook">
          <div class="brief passed">
            <span class="keyword indention">Before</span>
                          <span class="location name">TestGlue.Hooks.setUp()</span>
                        
  <span class="lead-duration duration">3.247</span>

          </div>

                      

          
                    

          
  
        </div>
          </div>
  </div>


    
<div class="steps inner-level">
    <div data-toggle="collapse" class=" collapsable-control" data-target="#steps-11">
    
<div class="brief failed">
  <span class="keyword indention">Steps</span>
  <span class="name"></span>
  

       <i class="chevron fa fa-fw"></i>
  </div>

  </div>

  <div id="steps-11" class="inner-level collapse collapsable-details  in ">
          <div class="step">
        
<div class="brief passed">
  <span class="keyword indention">When</span>
  <span class="name">realiza la busqueda de un producto &quot;Faded Short Sleeve T-shirts&quot;</span>
  
  <span class="lead-duration duration">6.206</span>

  </div>

        

        


        
        

        

        
  
        

      </div>
          <div class="step">
        
<div class="brief passed">
  <span class="keyword indention">And</span>
  <span class="name">Selecciona el producto &quot;Faded Short Sleeve T-shirts&quot;</span>
  
  <span class="lead-duration duration">4.655</span>

  </div>

        

        


        
        

        

        
  
        

      </div>
          <div class="step">
        
<div class="brief failed">
  <span class="keyword indention">And</span>
  <span class="name">agrega el producto al carrito &quot;2&quot; &quot;L&quot; &quot;Blue&quot;</span>
  
  <span class="lead-duration duration">10.656</span>

  </div>

        

        

  <div class="inner-level">
    <div class="message indention">
      <div data-toggle="collapse" class=" collapsable-control" data-target="#msg-12">
          <a>java.lang.Error:</a>
      </div>
      <div id="msg-12" class="collapse collapsable-details  in ">
        <pre>java.lang.Error: El locator //*[@id=&quot;quantity_wanted&quot;] no fue encontrado
	at Pages.Base.findElement(Base.java:32)
	at Pages.Base.clear(Base.java:153)
	at Pages.Base.sendKeys(Base.java:169)
	at Pages.ViewPage.quantity(ViewPage.java:23)
	at Pages.ViewPage.addToCart(ViewPage.java:76)
	at TestGlue.AddToCartSteps.agregaElProductoAlCarrito(AddToCartSteps.java:16)
	at &#10045;.agrega el producto al carrito &quot;2&quot; &quot;L&quot; &quot;Blue&quot;(file:///D:/a/CucumberAutomationPage/CucumberAutomationPage/./src/test/resources/Features/AddToCart.feature:13)
</pre>
      </div>
    </div>
  </div>


        
        

        

        
  
        

      </div>
          <div class="step">
        
<div class="brief skipped">
  <span class="keyword indention">Then</span>
  <span class="name">deveria mostrar un mensaje de confirmacion &quot;Product successfully added to your shopping cart&quot;</span>
  
  <span class="lead-duration duration">0.000</span>

  </div>

        

        


        
        

        

        
  
        

      </div>
      </div>
</div>


    
  <div class="inner-level hooks-element-after">
        <div data-toggle="collapse" class=" collapsed  collapsable-control" data-target="#after-13">
      
<div class="brief passed">
  <span class="keyword indention">Hooks</span>
  <span class="name"></span>
  

       <i class="chevron fa fa-fw"></i>
  </div>

    </div>

    <div id="after-13" class="inner-level collapse collapsable-details ">
              <div class="hook">
          <div class="brief passed">
            <span class="keyword indention">After</span>
                          <span class="location name">TestGlue.Hooks.tearDown(io.cucumber.java.Scenario)</span>
                        
  <span class="lead-duration duration">7.087</span>

          </div>

                      

          
                    

          
    <div class="embeddings inner-level">
                <div class="embedding indention">
        <div data-toggle="collapse" data-target="#embedding-14" class="collapsable-control">
      <a>Attachment 1 (png)</a>
      <a href="embeddings/embedding_-435501476.png" download target="_blank">
        <span class="download-button glyphicon glyphicon-download-alt"></span>
      </a>
    </div>
    <div id="embedding-14" class="collapse collapsable-details">
      <div class="embedding-content">
        <img src="embeddings/embedding_-435501476.png">
      </div>
    </div>
  </div>
        </div>
  
        </div>
          </div>
  </div>

  </div>
</div>

                      
<div class="element">
      <div class="indention">
      <b>Feature:</b>
      <a href="report-feature_file-src-test-resources-Features-AddToCart-feature.html">Add to cart</a>
    </div>
  
  
<div class="tags indention">
      <b>Tags:</b>
           <a href="report-tag_addCart.html">@addCart</a>
      </div>

  
  <span class="lead-duration duration">19.203</span>


    <span data-toggle="collapse" class=" collapsable-control" data-target="#element-15">
    
<div class="brief failed">
  <span class="keyword indention">Scenario Outline</span>
  <span class="name"></span>
  

       <i class="chevron fa fa-fw"></i>
  </div>

  </span>
  <div class="description indention">    Ingresar cantidades invalidas cuando se quiere agregar producto/s al carrito de compras desde la pagina de detalle del producto View page</div>

  <div id="element-15" class="collapse collapsable-details  in ">
    
  <div class="inner-level hooks-element-before">
        <div data-toggle="collapse" class=" collapsed  collapsable-control" data-target="#before-16">
      
<div class="brief passed">
  <span class="keyword indention">Hooks</span>
  <span class="name"></span>
  

       <i class="chevron fa fa-fw"></i>
  </div>

    </div>

    <div id="before-16" class="inner-level collapse collapsable-details ">
              <div class="hook">
          <div class="brief passed">
            <span class="keyword indention">Before</span>
                          <span class="location name">TestGlue.Hooks.setUp()</span>
                        
  <span class="lead-duration duration">1.749</span>

          </div>

                      

          
                    

          
  
        </div>
          </div>
  </div>


    
<div class="steps inner-level">
    <div data-toggle="collapse" class=" collapsable-control" data-target="#steps-17">
    
<div class="brief failed">
  <span class="keyword indention">Steps</span>
  <span class="name"></span>
  

       <i class="chevron fa fa-fw"></i>
  </div>

  </div>

  <div id="steps-17" class="inner-level collapse collapsable-details  in ">
          <div class="step">
        
<div class="brief passed">
  <span class="keyword indention">When</span>
  <span class="name">realiza la busqueda de un producto &quot;Blouse&quot;</span>
  
  <span class="lead-duration duration">8.983</span>

  </div>

        

        


        
        

        

        
  
        

      </div>
          <div class="step">
        
<div class="brief failed">
  <span class="keyword indention">And</span>
  <span class="name">Selecciona el producto &quot;Blouse&quot;</span>
  
  <span class="lead-duration duration">10.219</span>

  </div>

        

        

  <div class="inner-level">
    <div class="message indention">
      <div data-toggle="collapse" class=" collapsable-control" data-target="#msg-18">
          <a>java.lang.Error:</a>
      </div>
      <div id="msg-18" class="collapse collapsable-details  in ">
        <pre>java.lang.Error: El locator Blouse no fue encontrado
	at Pages.Base.findElementLinkText(Base.java:41)
	at Pages.Base.clicLinkText(Base.java:71)
	at Pages.SearchPage.clicTextProduct(SearchPage.java:33)
	at TestGlue.AddToCartSteps.seleccionaElProducto(AddToCartSteps.java:11)
	at &#10045;.Selecciona el producto &quot;Blouse&quot;(file:///D:/a/CucumberAutomationPage/CucumberAutomationPage/./src/test/resources/Features/AddToCart.feature:26)
</pre>
      </div>
    </div>
  </div>


        
        

        

        
  
        

      </div>
          <div class="step">
        
<div class="brief skipped">
  <span class="keyword indention">And</span>
  <span class="name">agrega el producto al carrito &quot;0&quot; &quot;M&quot; &quot;Black&quot;</span>
  
  <span class="lead-duration duration">0.000</span>

  </div>

        

        


        
        

        

        
  
        

      </div>
          <div class="step">
        
<div class="brief skipped">
  <span class="keyword indention">Then</span>
  <span class="name">deveria mostrar un mensaje de error &quot;Null quantity.&quot;</span>
  
  <span class="lead-duration duration">0.000</span>

  </div>

        

        


        
        

        

        
  
        

      </div>
      </div>
</div>


    
  <div class="inner-level hooks-element-after">
        <div data-toggle="collapse" class=" collapsed  collapsable-control" data-target="#after-19">
      
<div class="brief passed">
  <span class="keyword indention">Hooks</span>
  <span class="name"></span>
  

       <i class="chevron fa fa-fw"></i>
  </div>

    </div>

    <div id="after-19" class="inner-level collapse collapsable-details ">
              <div class="hook">
          <div class="brief passed">
            <span class="keyword indention">After</span>
                          <span class="location name">TestGlue.Hooks.tearDown(io.cucumber.java.Scenario)</span>
                        
  <span class="lead-duration duration">5.025</span>

          </div>

                      

          
                    

          
    <div class="embeddings inner-level">
                <div class="embedding indention">
        <div data-toggle="collapse" data-target="#embedding-20" class="collapsable-control">
      <a>Attachment 1 (png)</a>
      <a href="embeddings/embedding_13213901.png" download target="_blank">
        <span class="download-button glyphicon glyphicon-download-alt"></span>
      </a>
    </div>
    <div id="embedding-20" class="collapse collapsable-details">
      <div class="embedding-content">
        <img src="embeddings/embedding_13213901.png">
      </div>
    </div>
  </div>
        </div>
  
        </div>
          </div>
  </div>

  </div>
</div>

                      
<div class="element">
      <div class="indention">
      <b>Feature:</b>
      <a href="report-feature_file-src-test-resources-Features-AddToCart-feature.html">Add to cart</a>
    </div>
  
  
<div class="tags indention">
      <b>Tags:</b>
           <a href="report-tag_addCart.html">@addCart</a>
      </div>

  
  <span class="lead-duration duration">19.000</span>


    <span data-toggle="collapse" class=" collapsable-control" data-target="#element-21">
    
<div class="brief failed">
  <span class="keyword indention">Scenario Outline</span>
  <span class="name"></span>
  

       <i class="chevron fa fa-fw"></i>
  </div>

  </span>
  <div class="description indention">    Ingresar cantidades invalidas cuando se quiere agregar producto/s al carrito de compras desde la pagina de detalle del producto View page</div>

  <div id="element-21" class="collapse collapsable-details  in ">
    
  <div class="inner-level hooks-element-before">
        <div data-toggle="collapse" class=" collapsed  collapsable-control" data-target="#before-22">
      
<div class="brief passed">
  <span class="keyword indention">Hooks</span>
  <span class="name"></span>
  

       <i class="chevron fa fa-fw"></i>
  </div>

    </div>

    <div id="before-22" class="inner-level collapse collapsable-details ">
              <div class="hook">
          <div class="brief passed">
            <span class="keyword indention">Before</span>
                          <span class="location name">TestGlue.Hooks.setUp()</span>
                        
  <span class="lead-duration duration">1.224</span>

          </div>

                      

          
                    

          
  
        </div>
          </div>
  </div>


    
<div class="steps inner-level">
    <div data-toggle="collapse" class=" collapsable-control" data-target="#steps-23">
    
<div class="brief failed">
  <span class="keyword indention">Steps</span>
  <span class="name"></span>
  

       <i class="chevron fa fa-fw"></i>
  </div>

  </div>

  <div id="steps-23" class="inner-level collapse collapsable-details  in ">
          <div class="step">
        
<div class="brief passed">
  <span class="keyword indention">When</span>
  <span class="name">realiza la busqueda de un producto &quot;Faded Short Sleeve T-shirts&quot;</span>
  
  <span class="lead-duration duration">4.011</span>

  </div>

        

        


        
        

        

        
  
        

      </div>
          <div class="step">
        
<div class="brief passed">
  <span class="keyword indention">And</span>
  <span class="name">Selecciona el producto &quot;Faded Short Sleeve T-shirts&quot;</span>
  
  <span class="lead-duration duration">9.047</span>

  </div>

        

        


        
        

        

        
  
        

      </div>
          <div class="step">
        
<div class="brief failed">
  <span class="keyword indention">And</span>
  <span class="name">agrega el producto al carrito &quot;gahaj&quot; &quot;L&quot; &quot;Blue&quot;</span>
  
  <span class="lead-duration duration">5.941</span>

  </div>

        

        

  <div class="inner-level">
    <div class="message indention">
      <div data-toggle="collapse" class=" collapsable-control" data-target="#msg-24">
          <a>org.openqa.selenium.NoSuchSessionException:</a>
      </div>
      <div id="msg-24" class="collapse collapsable-details  in ">
        <pre>org.openqa.selenium.NoSuchSessionException: Session ID is null. Using WebDriver after calling quit()?
Build info: version: '4.1.3', revision: '7b1ebf28ef'
System info: host: 'fv-az90-914', ip: '10.1.0.100', os.name: 'Windows Server 2022', os.arch: 'amd64', os.version: '10.0', java.version: '11.0.15'
Driver info: org.openqa.selenium.chrome.ChromeDriver
Command: [null, findElement {using=xpath, value=//*[@id=&quot;quantity_wanted&quot;]}]
Capabilities {acceptInsecureCerts: false, browserName: chrome, browserVersion: 101.0.4951.41, chrome: {chromedriverVersion: 101.0.4951.41 (93c720db8323..., userDataDir: C:\Users\RUNNER~1\AppData\L...}, goog:chromeOptions: {debuggerAddress: localhost:53884}, javascriptEnabled: true, networkConnectionEnabled: false, pageLoadStrategy: normal, platform: WINDOWS, platformName: WINDOWS, proxy: Proxy(), se:cdp: ws://localhost:53884/devtoo..., se:cdpVersion: 101.0.4951.41, setWindowRect: true, strictFileInteractability: false, timeouts: {implicit: 0, pageLoad: 300000, script: 30000}, unhandledPromptBehavior: dismiss and notify, webauthn:extension:credBlob: true, webauthn:extension:largeBlob: true, webauthn:virtualAuthenticators: true}
	at org.openqa.selenium.remote.HttpCommandExecutor.execute(HttpCommandExecutor.java:145)
	at org.openqa.selenium.remote.service.DriverCommandExecutor.invokeExecute(DriverCommandExecutor.java:167)
	at org.openqa.selenium.remote.service.DriverCommandExecutor.execute(DriverCommandExecutor.java:142)
	at org.openqa.selenium.remote.RemoteWebDriver.execute(RemoteWebDriver.java:567)
	at org.openqa.selenium.remote.ElementLocation$ElementFinder$2.findElement(ElementLocation.java:162)
	at org.openqa.selenium.remote.ElementLocation.findElement(ElementLocation.java:60)
	at org.openqa.selenium.remote.RemoteWebDriver.findElement(RemoteWebDriver.java:385)
	at org.openqa.selenium.remote.RemoteWebDriver.findElement(RemoteWebDriver.java:377)
	at org.openqa.selenium.support.ui.ExpectedConditions$6.apply(ExpectedConditions.java:174)
	at org.openqa.selenium.support.ui.ExpectedConditions$6.apply(ExpectedConditions.java:171)
	at org.openqa.selenium.support.ui.FluentWait.until(FluentWait.java:208)
	at Pages.Base.findElement(Base.java:30)
	at Pages.Base.clear(Base.java:153)
	at Pages.Base.sendKeys(Base.java:169)
	at Pages.ViewPage.quantity(ViewPage.java:23)
	at Pages.ViewPage.addToCart(ViewPage.java:76)
	at TestGlue.AddToCartSteps.agregaElProductoAlCarrito(AddToCartSteps.java:16)
	at &#10045;.agrega el producto al carrito &quot;gahaj&quot; &quot;L&quot; &quot;Blue&quot;(file:///D:/a/CucumberAutomationPage/CucumberAutomationPage/./src/test/resources/Features/AddToCart.feature:27)
</pre>
      </div>
    </div>
  </div>


        
        

        

        
  
        

      </div>
          <div class="step">
        
<div class="brief skipped">
  <span class="keyword indention">Then</span>
  <span class="name">deveria mostrar un mensaje de error &quot;Null quantity.&quot;</span>
  
  <span class="lead-duration duration">0.000</span>

  </div>

        

        


        
        

        

        
  
        

      </div>
      </div>
</div>


    
  <div class="inner-level hooks-element-after">
        <div data-toggle="collapse" class=" collapsed  collapsable-control" data-target="#after-25">
      
<div class="brief passed">
  <span class="keyword indention">Hooks</span>
  <span class="name"></span>
  

       <i class="chevron fa fa-fw"></i>
  </div>

    </div>

    <div id="after-25" class="inner-level collapse collapsable-details ">
              <div class="hook">
          <div class="brief passed">
            <span class="keyword indention">After</span>
                          <span class="location name">TestGlue.Hooks.tearDown(io.cucumber.java.Scenario)</span>
                        
  <span class="lead-duration duration">1.077</span>

          </div>

                      

          
                    

          
    <div class="embeddings inner-level">
                <div class="embedding indention">
        <div data-toggle="collapse" data-target="#embedding-26" class="collapsable-control">
      <a>Attachment 1 (png)</a>
      <a href="embeddings/embedding_-476300210.png" download target="_blank">
        <span class="download-button glyphicon glyphicon-download-alt"></span>
      </a>
    </div>
    <div id="embedding-26" class="collapse collapsable-details">
      <div class="embedding-content">
        <img src="embeddings/embedding_-476300210.png">
      </div>
    </div>
  </div>
        </div>
  
        </div>
          </div>
  </div>

  </div>
</div>

                      
<div class="element">
      <div class="indention">
      <b>Feature:</b>
      <a href="report-feature_file-src-test-resources-Features-AddToCart-feature.html">Add to cart</a>
    </div>
  
  
<div class="tags indention">
      <b>Tags:</b>
           <a href="report-tag_addCart.html">@addCart</a>
      </div>

  
  <span class="lead-duration duration">15.398</span>


    <span data-toggle="collapse" class=" collapsable-control" data-target="#element-27">
    
<div class="brief failed">
  <span class="keyword indention">Scenario Outline</span>
  <span class="name"></span>
  

       <i class="chevron fa fa-fw"></i>
  </div>

  </span>
  <div class="description indention">    Ingresar cantidades invalidas cuando se quiere agregar producto/s al carrito de compras desde la pagina de detalle del producto View page</div>

  <div id="element-27" class="collapse collapsable-details  in ">
    
  <div class="inner-level hooks-element-before">
        <div data-toggle="collapse" class=" collapsed  collapsable-control" data-target="#before-28">
      
<div class="brief passed">
  <span class="keyword indention">Hooks</span>
  <span class="name"></span>
  

       <i class="chevron fa fa-fw"></i>
  </div>

    </div>

    <div id="before-28" class="inner-level collapse collapsable-details ">
              <div class="hook">
          <div class="brief passed">
            <span class="keyword indention">Before</span>
                          <span class="location name">TestGlue.Hooks.setUp()</span>
                        
  <span class="lead-duration duration">1.068</span>

          </div>

                      

          
                    

          
  
        </div>
          </div>
  </div>


    
<div class="steps inner-level">
    <div data-toggle="collapse" class=" collapsable-control" data-target="#steps-29">
    
<div class="brief failed">
  <span class="keyword indention">Steps</span>
  <span class="name"></span>
  

       <i class="chevron fa fa-fw"></i>
  </div>

  </div>

  <div id="steps-29" class="inner-level collapse collapsable-details  in ">
          <div class="step">
        
<div class="brief passed">
  <span class="keyword indention">When</span>
  <span class="name">realiza la busqueda de un producto &quot;Printed Dress&quot;</span>
  
  <span class="lead-duration duration">2.099</span>

  </div>

        

        


        
        

        

        
  
        

      </div>
          <div class="step">
        
<div class="brief passed">
  <span class="keyword indention">And</span>
  <span class="name">Selecciona el producto &quot;Printed Chiffon Dress&quot;</span>
  
  <span class="lead-duration duration">3.128</span>

  </div>

        

        


        
        

        

        
  
        

      </div>
          <div class="step">
        
<div class="brief failed">
  <span class="keyword indention">And</span>
  <span class="name">agrega el producto al carrito &quot;;*&quot; &quot;M&quot; &quot;Green&quot;</span>
  
  <span class="lead-duration duration">10.170</span>

  </div>

        

        

  <div class="inner-level">
    <div class="message indention">
      <div data-toggle="collapse" class=" collapsable-control" data-target="#msg-30">
          <a>java.lang.Error:</a>
      </div>
      <div id="msg-30" class="collapse collapsable-details  in ">
        <pre>java.lang.Error: El locator //*[@id=&quot;quantity_wanted&quot;] no fue encontrado
	at Pages.Base.findElement(Base.java:32)
	at Pages.Base.clear(Base.java:153)
	at Pages.Base.sendKeys(Base.java:169)
	at Pages.ViewPage.quantity(ViewPage.java:23)
	at Pages.ViewPage.addToCart(ViewPage.java:76)
	at TestGlue.AddToCartSteps.agregaElProductoAlCarrito(AddToCartSteps.java:16)
	at &#10045;.agrega el producto al carrito &quot;;*&quot; &quot;M&quot; &quot;Green&quot;(file:///D:/a/CucumberAutomationPage/CucumberAutomationPage/./src/test/resources/Features/AddToCart.feature:27)
</pre>
      </div>
    </div>
  </div>


        
        

        

        
  
        

      </div>
          <div class="step">
        
<div class="brief skipped">
  <span class="keyword indention">Then</span>
  <span class="name">deveria mostrar un mensaje de error &quot;Null quantity.&quot;</span>
  
  <span class="lead-duration duration">0.000</span>

  </div>

        

        


        
        

        

        
  
        

      </div>
      </div>
</div>


    
  <div class="inner-level hooks-element-after">
        <div data-toggle="collapse" class=" collapsed  collapsable-control" data-target="#after-31">
      
<div class="brief passed">
  <span class="keyword indention">Hooks</span>
  <span class="name"></span>
  

       <i class="chevron fa fa-fw"></i>
  </div>

    </div>

    <div id="after-31" class="inner-level collapse collapsable-details ">
              <div class="hook">
          <div class="brief passed">
            <span class="keyword indention">After</span>
                          <span class="location name">TestGlue.Hooks.tearDown(io.cucumber.java.Scenario)</span>
                        
  <span class="lead-duration duration">0.482</span>

          </div>

                      

          
                    

          
    <div class="embeddings inner-level">
                <div class="embedding indention">
        <div data-toggle="collapse" data-target="#embedding-32" class="collapsable-control">
      <a>Attachment 1 (png)</a>
      <a href="embeddings/embedding_-543911110.png" download target="_blank">
        <span class="download-button glyphicon glyphicon-download-alt"></span>
      </a>
    </div>
    <div id="embedding-32" class="collapse collapsable-details">
      <div class="embedding-content">
        <img src="embeddings/embedding_-543911110.png">
      </div>
    </div>
  </div>
        </div>
  
        </div>
          </div>
  </div>

  </div>
</div>

                      
<div class="element">
      <div class="indention">
      <b>Feature:</b>
      <a href="report-feature_file-src-test-resources-Features-CreateAnAccount-feature.html">Registro de usuarios</a>
    </div>
  
  
<div class="tags indention">
      <b>Tags:</b>
           <a href="report-tag_registro.html">@registro</a>
      </div>

  
  <span class="lead-duration duration">24.010</span>


    <span data-toggle="collapse" class=" collapsable-control" data-target="#element-33">
    
<div class="brief failed">
  <span class="keyword indention">Scenario Outline</span>
  <span class="name">Registrarse en la pagina ingresando todos los datos</span>
  

       <i class="chevron fa fa-fw"></i>
  </div>

  </span>
  <div class="description indention"></div>

  <div id="element-33" class="collapse collapsable-details  in ">
    
  <div class="inner-level hooks-element-before">
        <div data-toggle="collapse" class=" collapsed  collapsable-control" data-target="#before-34">
      
<div class="brief passed">
  <span class="keyword indention">Hooks</span>
  <span class="name"></span>
  

       <i class="chevron fa fa-fw"></i>
  </div>

    </div>

    <div id="before-34" class="inner-level collapse collapsable-details ">
              <div class="hook">
          <div class="brief passed">
            <span class="keyword indention">Before</span>
                          <span class="location name">TestGlue.Hooks.setUp()</span>
                        
  <span class="lead-duration duration">21.006</span>

          </div>

                      

          
                    

          
  
        </div>
          </div>
  </div>


    
<div class="steps inner-level">
    <div data-toggle="collapse" class=" collapsable-control" data-target="#steps-35">
    
<div class="brief failed">
  <span class="keyword indention">Steps</span>
  <span class="name"></span>
  

       <i class="chevron fa fa-fw"></i>
  </div>

  </div>

  <div id="steps-35" class="inner-level collapse collapsable-details  in ">
          <div class="step">
        
<div class="brief passed">
  <span class="keyword indention">When</span>
  <span class="name">Ingresa a la pagina Create an account &quot;registro27@gmail.com&quot;</span>
  
  <span class="lead-duration duration">11.728</span>

  </div>

        

        


        
        

        

        
  
        

      </div>
          <div class="step">
        
<div class="brief failed">
  <span class="keyword indention">And</span>
  <span class="name">Ingresa los datos personales &quot;Mr.&quot; &quot;Daniel&quot; &quot;Farias&quot; &quot;registro27@gmail.com&quot; &quot;pass1&quot; &quot;21&quot; &quot;7&quot; &quot;2000&quot; &quot;yes&quot; &quot;no&quot;</span>
  
  <span class="lead-duration duration">12.282</span>

  </div>

        

        

  <div class="inner-level">
    <div class="message indention">
      <div data-toggle="collapse" class=" collapsable-control" data-target="#msg-36">
          <a>org.openqa.selenium.NoSuchSessionException:</a>
      </div>
      <div id="msg-36" class="collapse collapsable-details  in ">
        <pre>org.openqa.selenium.NoSuchSessionException: invalid session id
Build info: version: '4.1.3', revision: '7b1ebf28ef'
System info: host: 'fv-az90-914', ip: '10.1.0.100', os.name: 'Windows Server 2022', os.arch: 'amd64', os.version: '10.0', java.version: '11.0.15'
Driver info: org.openqa.selenium.chrome.ChromeDriver
Command: [b4f2f85944e93c735a6581e6ef60e723, findElements {using=name, value=id_gender}]
Capabilities {acceptInsecureCerts: false, browserName: chrome, browserVersion: 101.0.4951.41, chrome: {chromedriverVersion: 101.0.4951.41 (93c720db8323..., userDataDir: C:\Users\RUNNER~1\AppData\L...}, goog:chromeOptions: {debuggerAddress: localhost:53321}, javascriptEnabled: true, networkConnectionEnabled: false, pageLoadStrategy: normal, platform: WINDOWS, platformName: WINDOWS, proxy: Proxy(), se:cdp: ws://localhost:53321/devtoo..., se:cdpVersion: 101.0.4951.41, setWindowRect: true, strictFileInteractability: false, timeouts: {implicit: 0, pageLoad: 300000, script: 30000}, unhandledPromptBehavior: dismiss and notify, webauthn:extension:credBlob: true, webauthn:extension:largeBlob: true, webauthn:virtualAuthenticators: true}
Session ID: b4f2f85944e93c735a6581e6ef60e723
	at java.base/jdk.internal.reflect.NativeConstructorAccessorImpl.newInstance0(Native Method)
	at java.base/jdk.internal.reflect.NativeConstructorAccessorImpl.newInstance(NativeConstructorAccessorImpl.java:62)
	at java.base/jdk.internal.reflect.DelegatingConstructorAccessorImpl.newInstance(DelegatingConstructorAccessorImpl.java:45)
	at java.base/java.lang.reflect.Constructor.newInstance(Constructor.java:490)
	at org.openqa.selenium.remote.codec.w3c.W3CHttpResponseCodec.createException(W3CHttpResponseCodec.java:200)
	at org.openqa.selenium.remote.codec.w3c.W3CHttpResponseCodec.decode(W3CHttpResponseCodec.java:133)
	at org.openqa.selenium.remote.codec.w3c.W3CHttpResponseCodec.decode(W3CHttpResponseCodec.java:53)
	at org.openqa.selenium.remote.HttpCommandExecutor.execute(HttpCommandExecutor.java:184)
	at org.openqa.selenium.remote.service.DriverCommandExecutor.invokeExecute(DriverCommandExecutor.java:167)
	at org.openqa.selenium.remote.service.DriverCommandExecutor.execute(DriverCommandExecutor.java:142)
	at org.openqa.selenium.remote.RemoteWebDriver.execute(RemoteWebDriver.java:567)
	at org.openqa.selenium.remote.ElementLocation$ElementFinder$2.findElements(ElementLocation.java:179)
	at org.openqa.selenium.remote.ElementLocation.findElements(ElementLocation.java:102)
	at org.openqa.selenium.remote.RemoteWebDriver.findElements(RemoteWebDriver.java:400)
	at org.openqa.selenium.remote.RemoteWebDriver.findElements(RemoteWebDriver.java:392)
	at org.openqa.selenium.support.ui.ExpectedConditions$11.apply(ExpectedConditions.java:321)
	at org.openqa.selenium.support.ui.ExpectedConditions$11.apply(ExpectedConditions.java:318)
	at org.openqa.selenium.support.ui.FluentWait.until(FluentWait.java:208)
	at Pages.Base.findElementsName(Base.java:57)
	at Pages.Base.clicRadioButton(Base.java:75)
	at Pages.CreateAnAccountPage.selectGender(CreateAnAccountPage.java:63)
	at Pages.CreateAnAccountPage.yourPersonalInformation(CreateAnAccountPage.java:203)
	at TestGlue.CreateAnAccountSteps.ingresaLosDatosPersonales(CreateAnAccountSteps.java:19)
	at &#10045;.Ingresa los datos personales &quot;Mr.&quot; &quot;Daniel&quot; &quot;Farias&quot; &quot;registro27@gmail.com&quot; &quot;pass1&quot; &quot;21&quot; &quot;7&quot; &quot;2000&quot; &quot;yes&quot; &quot;no&quot;(file:///D:/a/CucumberAutomationPage/CucumberAutomationPage/./src/test/resources/Features/CreateAnAccount.feature:10)
</pre>
      </div>
    </div>
  </div>


        
        

        

        
  
        

      </div>
          <div class="step">
        
<div class="brief skipped">
  <span class="keyword indention">And</span>
  <span class="name">Ingresa datos de domicilio &quot;Daniel&quot; &quot;Farias&quot; &quot;NA&quot; &quot;direccion11&quot; &quot;direccion12&quot; &quot;United States&quot; &quot;Arizona&quot; &quot;ciudad1&quot; &quot;11111&quot; &quot;infoAdicional1&quot; &quot;4444455214&quot; &quot;301211111&quot; &quot;alias1&quot;</span>
  
  <span class="lead-duration duration">0.000</span>

  </div>

        

        


        
        

        

        
  
        

      </div>
          <div class="step">
        
<div class="brief skipped">
  <span class="keyword indention">And</span>
  <span class="name">presiona el boton de registro</span>
  
  <span class="lead-duration duration">0.000</span>

  </div>

        

        


        
        

        

        
  
        

      </div>
          <div class="step">
        
<div class="brief skipped">
  <span class="keyword indention">Then</span>
  <span class="name">deberia ser redirigido a la pagina My account</span>
  
  <span class="lead-duration duration">0.000</span>

  </div>

        

        


        
        

        

        
  
        

      </div>
          <div class="step">
        
<div class="brief skipped">
  <span class="keyword indention">And</span>
  <span class="name">deberia mostrar mi apelledo y nombre &quot;Daniel&quot; &quot;Farias&quot;</span>
  
  <span class="lead-duration duration">0.000</span>

  </div>

        

        


        
        

        

        
  
        

      </div>
      </div>
</div>


    
  <div class="inner-level hooks-element-after">
        <div data-toggle="collapse" class=" collapsed  collapsable-control" data-target="#after-37">
      
<div class="brief passed">
  <span class="keyword indention">Hooks</span>
  <span class="name"></span>
  

       <i class="chevron fa fa-fw"></i>
  </div>

    </div>

    <div id="after-37" class="inner-level collapse collapsable-details ">
              <div class="hook">
          <div class="brief passed">
            <span class="keyword indention">After</span>
                          <span class="location name">TestGlue.Hooks.tearDown(io.cucumber.java.Scenario)</span>
                        
  <span class="lead-duration duration">6.201</span>

          </div>

                      

          
                    

          
    <div class="embeddings inner-level">
                <div class="embedding indention">
        <div data-toggle="collapse" data-target="#embedding-38" class="collapsable-control">
      <a>Attachment 1 (png)</a>
      <a href="embeddings/embedding_13213901.png" download target="_blank">
        <span class="download-button glyphicon glyphicon-download-alt"></span>
      </a>
    </div>
    <div id="embedding-38" class="collapse collapsable-details">
      <div class="embedding-content">
        <img src="embeddings/embedding_13213901.png">
      </div>
    </div>
  </div>
        </div>
  
        </div>
          </div>
  </div>

  </div>
</div>

                      
<div class="element">
      <div class="indention">
      <b>Feature:</b>
      <a href="report-feature_file-src-test-resources-Features-CreateAnAccount-feature.html">Registro de usuarios</a>
    </div>
  
  
<div class="tags indention">
      <b>Tags:</b>
           <a href="report-tag_registro.html">@registro</a>
      </div>

  
  <span class="lead-duration duration">10.059</span>


    <span data-toggle="collapse" class=" collapsable-control" data-target="#element-39">
    
<div class="brief failed">
  <span class="keyword indention">Scenario Outline</span>
  <span class="name">Registrarse en la pagina ingresando solo datos obligatorios</span>
  

       <i class="chevron fa fa-fw"></i>
  </div>

  </span>
  <div class="description indention"></div>

  <div id="element-39" class="collapse collapsable-details  in ">
    
  <div class="inner-level hooks-element-before">
        <div data-toggle="collapse" class=" collapsed  collapsable-control" data-target="#before-40">
      
<div class="brief passed">
  <span class="keyword indention">Hooks</span>
  <span class="name"></span>
  

       <i class="chevron fa fa-fw"></i>
  </div>

    </div>

    <div id="before-40" class="inner-level collapse collapsable-details ">
              <div class="hook">
          <div class="brief passed">
            <span class="keyword indention">Before</span>
                          <span class="location name">TestGlue.Hooks.setUp()</span>
                        
  <span class="lead-duration duration">2.798</span>

          </div>

                      

          
                    

          
  
        </div>
          </div>
  </div>


    
<div class="steps inner-level">
    <div data-toggle="collapse" class=" collapsable-control" data-target="#steps-41">
    
<div class="brief failed">
  <span class="keyword indention">Steps</span>
  <span class="name"></span>
  

       <i class="chevron fa fa-fw"></i>
  </div>

  </div>

  <div id="steps-41" class="inner-level collapse collapsable-details  in ">
          <div class="step">
        
<div class="brief failed">
  <span class="keyword indention">When</span>
  <span class="name">Ingresa a la pagina Create an account &quot;registro28@gmail.com&quot;</span>
  
  <span class="lead-duration duration">10.059</span>

  </div>

        

        

  <div class="inner-level">
    <div class="message indention">
      <div data-toggle="collapse" class=" collapsable-control" data-target="#msg-42">
          <a>java.lang.Error:</a>
      </div>
      <div id="msg-42" class="collapse collapsable-details  in ">
        <pre>java.lang.Error: El locator //*[@id=&quot;email_create&quot;] no fue encontrado
	at Pages.Base.findElement(Base.java:32)
	at Pages.Base.clear(Base.java:153)
	at Pages.Base.sendKeys(Base.java:169)
	at Pages.LoginPage.emailAccount(LoginPage.java:71)
	at Pages.LoginPage.goToCreateAccount(LoginPage.java:86)
	at TestGlue.CreateAnAccountSteps.ingresaALaPaginaCreateAnAccount(CreateAnAccountSteps.java:11)
	at &#10045;.Ingresa a la pagina Create an account &quot;registro28@gmail.com&quot;(file:///D:/a/CucumberAutomationPage/CucumberAutomationPage/./src/test/resources/Features/CreateAnAccount.feature:21)
</pre>
      </div>
    </div>
  </div>


        
        

        

        
  
        

      </div>
          <div class="step">
        
<div class="brief skipped">
  <span class="keyword indention">And</span>
  <span class="name">Ingresa los datos personales &quot;Daniel&quot; &quot;Farias&quot; &quot;registro28@gmail.com&quot; &quot;pass1&quot;</span>
  
  <span class="lead-duration duration">0.000</span>

  </div>

        

        


        
        

        

        
  
        

      </div>
          <div class="step">
        
<div class="brief skipped">
  <span class="keyword indention">And</span>
  <span class="name">Ingresa datos de domicilio &quot;Daniel&quot; &quot;Farias&quot; &quot;direccion11&quot; &quot;United States&quot; &quot;Arizona&quot; &quot;ciudad1&quot; &quot;11111&quot; &quot;301211111&quot; &quot;alias1&quot;</span>
  
  <span class="lead-duration duration">0.000</span>

  </div>

        

        


        
        

        

        
  
        

      </div>
          <div class="step">
        
<div class="brief skipped">
  <span class="keyword indention">And</span>
  <span class="name">presiona el boton de registro</span>
  
  <span class="lead-duration duration">0.000</span>

  </div>

        

        


        
        

        

        
  
        

      </div>
          <div class="step">
        
<div class="brief skipped">
  <span class="keyword indention">Then</span>
  <span class="name">deberia ser redirigido a la pagina My account</span>
  
  <span class="lead-duration duration">0.000</span>

  </div>

        

        


        
        

        

        
  
        

      </div>
          <div class="step">
        
<div class="brief skipped">
  <span class="keyword indention">And</span>
  <span class="name">deberia mostrar mi apelledo y nombre &quot;Daniel&quot; &quot;Farias&quot;</span>
  
  <span class="lead-duration duration">0.000</span>

  </div>

        

        


        
        

        

        
  
        

      </div>
      </div>
</div>


    
  <div class="inner-level hooks-element-after">
        <div data-toggle="collapse" class=" collapsed  collapsable-control" data-target="#after-43">
      
<div class="brief passed">
  <span class="keyword indention">Hooks</span>
  <span class="name"></span>
  

       <i class="chevron fa fa-fw"></i>
  </div>

    </div>

    <div id="after-43" class="inner-level collapse collapsable-details ">
              <div class="hook">
          <div class="brief passed">
            <span class="keyword indention">After</span>
                          <span class="location name">TestGlue.Hooks.tearDown(io.cucumber.java.Scenario)</span>
                        
  <span class="lead-duration duration">5.835</span>

          </div>

                      

          
                    

          
    <div class="embeddings inner-level">
                <div class="embedding indention">
        <div data-toggle="collapse" data-target="#embedding-44" class="collapsable-control">
      <a>Attachment 1 (png)</a>
      <a href="embeddings/embedding_402703636.png" download target="_blank">
        <span class="download-button glyphicon glyphicon-download-alt"></span>
      </a>
    </div>
    <div id="embedding-44" class="collapse collapsable-details">
      <div class="embedding-content">
        <img src="embeddings/embedding_402703636.png">
      </div>
    </div>
  </div>
        </div>
  
        </div>
          </div>
  </div>

  </div>
</div>

                      
<div class="element">
      <div class="indention">
      <b>Feature:</b>
      <a href="report-feature_file-src-test-resources-Features-CreateAnAccount-feature.html">Registro de usuarios</a>
    </div>
  
  
<div class="tags indention">
      <b>Tags:</b>
           <a href="report-tag_registro.html">@registro</a>
      </div>

  
  <span class="lead-duration duration">21.378</span>


    <span data-toggle="collapse" class=" collapsable-control" data-target="#element-45">
    
<div class="brief failed">
  <span class="keyword indention">Scenario Outline</span>
  <span class="name">Registrarse en la pagina ingresando datos invalidos</span>
  

       <i class="chevron fa fa-fw"></i>
  </div>

  </span>
  <div class="description indention"></div>

  <div id="element-45" class="collapse collapsable-details  in ">
    
  <div class="inner-level hooks-element-before">
        <div data-toggle="collapse" class=" collapsed  collapsable-control" data-target="#before-46">
      
<div class="brief passed">
  <span class="keyword indention">Hooks</span>
  <span class="name"></span>
  

       <i class="chevron fa fa-fw"></i>
  </div>

    </div>

    <div id="before-46" class="inner-level collapse collapsable-details ">
              <div class="hook">
          <div class="brief passed">
            <span class="keyword indention">Before</span>
                          <span class="location name">TestGlue.Hooks.setUp()</span>
                        
  <span class="lead-duration duration">2.046</span>

          </div>

                      

          
                    

          
  
        </div>
          </div>
  </div>


    
<div class="steps inner-level">
    <div data-toggle="collapse" class=" collapsable-control" data-target="#steps-47">
    
<div class="brief failed">
  <span class="keyword indention">Steps</span>
  <span class="name"></span>
  

       <i class="chevron fa fa-fw"></i>
  </div>

  </div>

  <div id="steps-47" class="inner-level collapse collapsable-details  in ">
          <div class="step">
        
<div class="brief passed">
  <span class="keyword indention">When</span>
  <span class="name">Ingresa a la pagina Create an account &quot;registro8@gmail.com&quot;</span>
  
  <span class="lead-duration duration">10.990</span>

  </div>

        

        


        
        

        

        
  
        

      </div>
          <div class="step">
        
<div class="brief failed">
  <span class="keyword indention">When</span>
  <span class="name">Ingresa los datos personales &quot;Mr.&quot; &quot;Daniel&quot; &quot;Farias&quot; &quot;registro8@gmail.com&quot; &quot;pass1&quot; &quot;31&quot; &quot;6&quot; &quot;2000&quot; &quot;yes&quot; &quot;no&quot;</span>
  
  <span class="lead-duration duration">10.386</span>

  </div>

        

        

  <div class="inner-level">
    <div class="message indention">
      <div data-toggle="collapse" class=" collapsable-control" data-target="#msg-48">
          <a>java.lang.Error:</a>
      </div>
      <div id="msg-48" class="collapse collapsable-details  in ">
        <pre>java.lang.Error: WebElement id_gender no encontrado: org.openqa.selenium.TimeoutException: Expected condition failed: waiting for presence of any elements located by By.name: id_gender (tried for 10 second(s) with 500 milliseconds interval)
Build info: version: '4.1.3', revision: '7b1ebf28ef'
System info: host: 'fv-az90-914', ip: '10.1.0.100', os.name: 'Windows Server 2022', os.arch: 'amd64', os.version: '10.0', java.version: '11.0.15'
Driver info: org.openqa.selenium.chrome.ChromeDriver
Capabilities {acceptInsecureCerts: false, browserName: chrome, browserVersion: 101.0.4951.41, chrome: {chromedriverVersion: 101.0.4951.41 (93c720db8323..., userDataDir: C:\Users\RUNNER~1\AppData\L...}, goog:chromeOptions: {debuggerAddress: localhost:53793}, javascriptEnabled: true, networkConnectionEnabled: false, pageLoadStrategy: normal, platform: WINDOWS, platformName: WINDOWS, proxy: Proxy(), se:cdp: ws://localhost:53793/devtoo..., se:cdpVersion: 101.0.4951.41, setWindowRect: true, strictFileInteractability: false, timeouts: {implicit: 0, pageLoad: 300000, script: 30000}, unhandledPromptBehavior: dismiss and notify, webauthn:extension:credBlob: true, webauthn:extension:largeBlob: true, webauthn:virtualAuthenticators: true}
Session ID: 2012d2696a7d32a235cf91bf3831551e
	at Pages.Base.findElementsName(Base.java:59)
	at Pages.Base.clicRadioButton(Base.java:75)
	at Pages.CreateAnAccountPage.selectGender(CreateAnAccountPage.java:63)
	at Pages.CreateAnAccountPage.yourPersonalInformation(CreateAnAccountPage.java:203)
	at TestGlue.CreateAnAccountSteps.ingresaLosDatosPersonales(CreateAnAccountSteps.java:19)
	at &#10045;.Ingresa los datos personales &quot;Mr.&quot; &quot;Daniel&quot; &quot;Farias&quot; &quot;registro8@gmail.com&quot; &quot;pass1&quot; &quot;31&quot; &quot;6&quot; &quot;2000&quot; &quot;yes&quot; &quot;no&quot;(file:///D:/a/CucumberAutomationPage/CucumberAutomationPage/./src/test/resources/Features/CreateAnAccount.feature:34)
</pre>
      </div>
    </div>
  </div>


        
        

        

        
  
        

      </div>
          <div class="step">
        
<div class="brief skipped">
  <span class="keyword indention">And</span>
  <span class="name">Ingresa datos de domicilio &quot;Daniel&quot; &quot;Farias&quot; &quot;NA&quot; &quot;direccion11&quot; &quot;direccion12&quot; &quot;United States&quot; &quot;Arizona&quot; &quot;ciudad1&quot; &quot;11111&quot; &quot;infoAdicional1&quot; &quot;4444455214&quot; &quot;301211111&quot; &quot;alias1&quot;</span>
  
  <span class="lead-duration duration">0.000</span>

  </div>

        

        


        
        

        

        
  
        

      </div>
          <div class="step">
        
<div class="brief skipped">
  <span class="keyword indention">And</span>
  <span class="name">presiona el boton de registro</span>
  
  <span class="lead-duration duration">0.000</span>

  </div>

        

        


        
        

        

        
  
        

      </div>
          <div class="step">
        
<div class="brief skipped">
  <span class="keyword indention">Then</span>
  <span class="name">deberia mostrar un mensaje de error &quot;Invalid date of birth&quot;</span>
  
  <span class="lead-duration duration">0.000</span>

  </div>

        

        


        
        

        

        
  
        

      </div>
      </div>
</div>


    
  <div class="inner-level hooks-element-after">
        <div data-toggle="collapse" class=" collapsed  collapsable-control" data-target="#after-49">
      
<div class="brief passed">
  <span class="keyword indention">Hooks</span>
  <span class="name"></span>
  

       <i class="chevron fa fa-fw"></i>
  </div>

    </div>

    <div id="after-49" class="inner-level collapse collapsable-details ">
              <div class="hook">
          <div class="brief passed">
            <span class="keyword indention">After</span>
                          <span class="location name">TestGlue.Hooks.tearDown(io.cucumber.java.Scenario)</span>
                        
  <span class="lead-duration duration">4.156</span>

          </div>

                      

          
                    

          
    <div class="embeddings inner-level">
                <div class="embedding indention">
        <div data-toggle="collapse" data-target="#embedding-50" class="collapsable-control">
      <a>Attachment 1 (png)</a>
      <a href="embeddings/embedding_13213901.png" download target="_blank">
        <span class="download-button glyphicon glyphicon-download-alt"></span>
      </a>
    </div>
    <div id="embedding-50" class="collapse collapsable-details">
      <div class="embedding-content">
        <img src="embeddings/embedding_13213901.png">
      </div>
    </div>
  </div>
        </div>
  
        </div>
          </div>
  </div>

  </div>
</div>

                      
<div class="element">
      <div class="indention">
      <b>Feature:</b>
      <a href="report-feature_file-src-test-resources-Features-CreateAnAccount-feature.html">Registro de usuarios</a>
    </div>
  
  
<div class="tags indention">
      <b>Tags:</b>
           <a href="report-tag_registro.html">@registro</a>
      </div>

  
  <span class="lead-duration duration">1.406</span>


    <span data-toggle="collapse" class=" collapsable-control" data-target="#element-51">
    
<div class="brief failed">
  <span class="keyword indention">Scenario Outline</span>
  <span class="name">Registrarse en la pagina ingresando datos invalidos</span>
  

       <i class="chevron fa fa-fw"></i>
  </div>

  </span>
  <div class="description indention"></div>

  <div id="element-51" class="collapse collapsable-details  in ">
    
  <div class="inner-level hooks-element-before">
        <div data-toggle="collapse" class=" collapsed  collapsable-control" data-target="#before-52">
      
<div class="brief passed">
  <span class="keyword indention">Hooks</span>
  <span class="name"></span>
  

       <i class="chevron fa fa-fw"></i>
  </div>

    </div>

    <div id="before-52" class="inner-level collapse collapsable-details ">
              <div class="hook">
          <div class="brief passed">
            <span class="keyword indention">Before</span>
                          <span class="location name">TestGlue.Hooks.setUp()</span>
                        
  <span class="lead-duration duration">1.292</span>

          </div>

                      

          
                    

          
  
        </div>
          </div>
  </div>


    
<div class="steps inner-level">
    <div data-toggle="collapse" class=" collapsable-control" data-target="#steps-53">
    
<div class="brief failed">
  <span class="keyword indention">Steps</span>
  <span class="name"></span>
  

       <i class="chevron fa fa-fw"></i>
  </div>

  </div>

  <div id="steps-53" class="inner-level collapse collapsable-details  in ">
          <div class="step">
        
<div class="brief failed">
  <span class="keyword indention">When</span>
  <span class="name">Ingresa a la pagina Create an account &quot;registro8@gmail.com&quot;</span>
  
  <span class="lead-duration duration">1.406</span>

  </div>

        

        

  <div class="inner-level">
    <div class="message indention">
      <div data-toggle="collapse" class=" collapsable-control" data-target="#msg-54">
          <a>org.openqa.selenium.StaleElementReferenceException:</a>
      </div>
      <div id="msg-54" class="collapse collapsable-details  in ">
        <pre>org.openqa.selenium.StaleElementReferenceException: stale element reference: element is not attached to the page document
  (Session info: chrome=101.0.4951.41)
For documentation on this error, please visit: https://selenium.dev/exceptions/#stale_element_reference
Build info: version: '4.1.3', revision: '7b1ebf28ef'
System info: host: 'fv-az90-914', ip: '10.1.0.100', os.name: 'Windows Server 2022', os.arch: 'amd64', os.version: '10.0', java.version: '11.0.15'
Driver info: org.openqa.selenium.chrome.ChromeDriver
Command: [3d7ce8df6219f6c3dc15001220aafbee, clearElement {id=87755ba9-d94b-43dc-aac4-51e8b12e92d2}]
Capabilities {acceptInsecureCerts: false, browserName: chrome, browserVersion: 101.0.4951.41, chrome: {chromedriverVersion: 101.0.4951.41 (93c720db8323..., userDataDir: C:\Users\RUNNER~1\AppData\L...}, goog:chromeOptions: {debuggerAddress: localhost:53910}, javascriptEnabled: true, networkConnectionEnabled: false, pageLoadStrategy: normal, platform: WINDOWS, platformName: WINDOWS, proxy: Proxy(), se:cdp: ws://localhost:53910/devtoo..., se:cdpVersion: 101.0.4951.41, setWindowRect: true, strictFileInteractability: false, timeouts: {implicit: 0, pageLoad: 300000, script: 30000}, unhandledPromptBehavior: dismiss and notify, webauthn:extension:credBlob: true, webauthn:extension:largeBlob: true, webauthn:virtualAuthenticators: true}
Element: [[ChromeDriver: chrome on WINDOWS (3d7ce8df6219f6c3dc15001220aafbee)] -&gt; xpath: //*[@id=&quot;email_create&quot;]]
Session ID: 3d7ce8df6219f6c3dc15001220aafbee
	at java.base/jdk.internal.reflect.NativeConstructorAccessorImpl.newInstance0(Native Method)
	at java.base/jdk.internal.reflect.NativeConstructorAccessorImpl.newInstance(NativeConstructorAccessorImpl.java:62)
	at java.base/jdk.internal.reflect.DelegatingConstructorAccessorImpl.newInstance(DelegatingConstructorAccessorImpl.java:45)
	at java.base/java.lang.reflect.Constructor.newInstance(Constructor.java:490)
	at org.openqa.selenium.remote.codec.w3c.W3CHttpResponseCodec.createException(W3CHttpResponseCodec.java:200)
	at org.openqa.selenium.remote.codec.w3c.W3CHttpResponseCodec.decode(W3CHttpResponseCodec.java:133)
	at org.openqa.selenium.remote.codec.w3c.W3CHttpResponseCodec.decode(W3CHttpResponseCodec.java:53)
	at org.openqa.selenium.remote.HttpCommandExecutor.execute(HttpCommandExecutor.java:184)
	at org.openqa.selenium.remote.service.DriverCommandExecutor.invokeExecute(DriverCommandExecutor.java:167)
	at org.openqa.selenium.remote.service.DriverCommandExecutor.execute(DriverCommandExecutor.java:142)
	at org.openqa.selenium.remote.RemoteWebDriver.execute(RemoteWebDriver.java:567)
	at org.openqa.selenium.remote.RemoteWebElement.execute(RemoteWebElement.java:251)
	at org.openqa.selenium.remote.RemoteWebElement.clear(RemoteWebElement.java:126)
	at Pages.Base.clear(Base.java:153)
	at Pages.Base.sendKeys(Base.java:169)
	at Pages.LoginPage.emailAccount(LoginPage.java:71)
	at Pages.LoginPage.goToCreateAccount(LoginPage.java:86)
	at TestGlue.CreateAnAccountSteps.ingresaALaPaginaCreateAnAccount(CreateAnAccountSteps.java:11)
	at &#10045;.Ingresa a la pagina Create an account &quot;registro8@gmail.com&quot;(file:///D:/a/CucumberAutomationPage/CucumberAutomationPage/./src/test/resources/Features/CreateAnAccount.feature:33)
</pre>
      </div>
    </div>
  </div>


        
        

        

        
  
        

      </div>
          <div class="step">
        
<div class="brief skipped">
  <span class="keyword indention">When</span>
  <span class="name">Ingresa los datos personales &quot;Mr.&quot; &quot;aaa11a&quot; &quot;Farias&quot; &quot;registro8@gmail.com&quot; &quot;pass1&quot; &quot;20&quot; &quot;6&quot; &quot;2000&quot; &quot;yes&quot; &quot;no&quot;</span>
  
  <span class="lead-duration duration">0.000</span>

  </div>

        

        


        
        

        

        
  
        

      </div>
          <div class="step">
        
<div class="brief skipped">
  <span class="keyword indention">And</span>
  <span class="name">Ingresa datos de domicilio &quot;aaa11a&quot; &quot;Farias&quot; &quot;NA&quot; &quot;direccion11&quot; &quot;direccion12&quot; &quot;United States&quot; &quot;Arizona&quot; &quot;ciudad1&quot; &quot;11111&quot; &quot;infoAdicional1&quot; &quot;4444455214&quot; &quot;301211111&quot; &quot;alias1&quot;</span>
  
  <span class="lead-duration duration">0.000</span>

  </div>

        

        


        
        

        

        
  
        

      </div>
          <div class="step">
        
<div class="brief skipped">
  <span class="keyword indention">And</span>
  <span class="name">presiona el boton de registro</span>
  
  <span class="lead-duration duration">0.000</span>

  </div>

        

        


        
        

        

        
  
        

      </div>
          <div class="step">
        
<div class="brief skipped">
  <span class="keyword indention">Then</span>
  <span class="name">deberia mostrar un mensaje de error &quot;firstname is invalid.&quot;</span>
  
  <span class="lead-duration duration">0.000</span>

  </div>

        

        


        
        

        

        
  
        

      </div>
      </div>
</div>


    
  <div class="inner-level hooks-element-after">
        <div data-toggle="collapse" class=" collapsed  collapsable-control" data-target="#after-55">
      
<div class="brief passed">
  <span class="keyword indention">Hooks</span>
  <span class="name"></span>
  

       <i class="chevron fa fa-fw"></i>
  </div>

    </div>

    <div id="after-55" class="inner-level collapse collapsable-details ">
              <div class="hook">
          <div class="brief passed">
            <span class="keyword indention">After</span>
                          <span class="location name">TestGlue.Hooks.tearDown(io.cucumber.java.Scenario)</span>
                        
  <span class="lead-duration duration">0.465</span>

          </div>

                      

          
                    

          
    <div class="embeddings inner-level">
                <div class="embedding indention">
        <div data-toggle="collapse" data-target="#embedding-56" class="collapsable-control">
      <a>Attachment 1 (png)</a>
      <a href="embeddings/embedding_-476300210.png" download target="_blank">
        <span class="download-button glyphicon glyphicon-download-alt"></span>
      </a>
    </div>
    <div id="embedding-56" class="collapse collapsable-details">
      <div class="embedding-content">
        <img src="embeddings/embedding_-476300210.png">
      </div>
    </div>
  </div>
        </div>
  
        </div>
          </div>
  </div>

  </div>
</div>

                      
<div class="element">
      <div class="indention">
      <b>Feature:</b>
      <a href="report-feature_file-src-test-resources-Features-CreateAnAccount-feature.html">Registro de usuarios</a>
    </div>
  
  
<div class="tags indention">
  </div>

  
  <span class="lead-duration duration">8.735</span>


    <span data-toggle="collapse" class=" collapsable-control" data-target="#element-57">
    
<div class="brief failed">
  <span class="keyword indention">Background</span>
  <span class="name"></span>
  

       <i class="chevron fa fa-fw"></i>
  </div>

  </span>
  <div class="description indention"></div>

  <div id="element-57" class="collapse collapsable-details  in ">
    


    
<div class="steps inner-level">
    <div data-toggle="collapse" class=" collapsable-control" data-target="#steps-58">
    
<div class="brief failed">
  <span class="keyword indention">Steps</span>
  <span class="name"></span>
  

       <i class="chevron fa fa-fw"></i>
  </div>

  </div>

  <div id="steps-58" class="inner-level collapse collapsable-details  in ">
          <div class="step">
        
<div class="brief failed">
  <span class="keyword indention">Given</span>
  <span class="name">El usuario esta en login page</span>
  
  <span class="lead-duration duration">8.735</span>

  </div>

        

        

  <div class="inner-level">
    <div class="message indention">
      <div data-toggle="collapse" class=" collapsable-control" data-target="#msg-59">
          <a>java.lang.AssertionError:</a>
      </div>
      <div id="msg-59" class="collapse collapsable-details  in ">
        <pre>java.lang.AssertionError: No esta en la home page
	at org.junit.Assert.fail(Assert.java:89)
	at org.junit.Assert.assertTrue(Assert.java:42)
	at TestGlue.LoginSteps.elUsuarioEstaEnLoginPage(LoginSteps.java:13)
	at &#10045;.El usuario esta en login page(file:///D:/a/CucumberAutomationPage/CucumberAutomationPage/./src/test/resources/Features/CreateAnAccount.feature:6)
</pre>
      </div>
    </div>
  </div>


        
        

        

        
  
        

      </div>
      </div>
</div>


    

  </div>
</div>

                      
<div class="element">
      <div class="indention">
      <b>Feature:</b>
      <a href="report-feature_file-src-test-resources-Features-CreateAnAccount-feature.html">Registro de usuarios</a>
    </div>
  
  
<div class="tags indention">
      <b>Tags:</b>
           <a href="report-tag_registro.html">@registro</a>
      </div>

  
  <span class="lead-duration duration">0.000</span>


    <span data-toggle="collapse" class=" collapsable-control" data-target="#element-60">
    
<div class="brief failed">
  <span class="keyword indention">Scenario Outline</span>
  <span class="name">Registrarse en la pagina ingresando datos invalidos</span>
  

       <i class="chevron fa fa-fw"></i>
  </div>

  </span>
  <div class="description indention"></div>

  <div id="element-60" class="collapse collapsable-details  in ">
    
  <div class="inner-level hooks-element-before">
        <div data-toggle="collapse" class=" collapsed  collapsable-control" data-target="#before-61">
      
<div class="brief passed">
  <span class="keyword indention">Hooks</span>
  <span class="name"></span>
  

       <i class="chevron fa fa-fw"></i>
  </div>

    </div>

    <div id="before-61" class="inner-level collapse collapsable-details ">
              <div class="hook">
          <div class="brief passed">
            <span class="keyword indention">Before</span>
                          <span class="location name">TestGlue.Hooks.setUp()</span>
                        
  <span class="lead-duration duration">1.293</span>

          </div>

                      

          
                    

          
  
        </div>
          </div>
  </div>


    
<div class="steps inner-level">
    <div data-toggle="collapse" class=" collapsable-control" data-target="#steps-62">
    
<div class="brief failed">
  <span class="keyword indention">Steps</span>
  <span class="name"></span>
  

       <i class="chevron fa fa-fw"></i>
  </div>

  </div>

  <div id="steps-62" class="inner-level collapse collapsable-details  in ">
          <div class="step">
        
<div class="brief skipped">
  <span class="keyword indention">When</span>
  <span class="name">Ingresa a la pagina Create an account &quot;registro8@gmail.com&quot;</span>
  
  <span class="lead-duration duration">0.000</span>

  </div>

        

        


        
        

        

        
  
        

      </div>
          <div class="step">
        
<div class="brief skipped">
  <span class="keyword indention">When</span>
  <span class="name">Ingresa los datos personales &quot;Mr.&quot; &quot;Daniel&quot; &quot;111aaa&quot; &quot;registro8@gmail.com&quot; &quot;pass1&quot; &quot;20&quot; &quot;6&quot; &quot;2000&quot; &quot;yes&quot; &quot;no&quot;</span>
  
  <span class="lead-duration duration">0.000</span>

  </div>

        

        


        
        

        

        
  
        

      </div>
          <div class="step">
        
<div class="brief skipped">
  <span class="keyword indention">And</span>
  <span class="name">Ingresa datos de domicilio &quot;Daniel&quot; &quot;111aaa&quot; &quot;NA&quot; &quot;direccion11&quot; &quot;direccion12&quot; &quot;United States&quot; &quot;Arizona&quot; &quot;ciudad1&quot; &quot;11111&quot; &quot;infoAdicional1&quot; &quot;4444455214&quot; &quot;301211111&quot; &quot;alias1&quot;</span>
  
  <span class="lead-duration duration">0.000</span>

  </div>

        

        


        
        

        

        
  
        

      </div>
          <div class="step">
        
<div class="brief skipped">
  <span class="keyword indention">And</span>
  <span class="name">presiona el boton de registro</span>
  
  <span class="lead-duration duration">0.000</span>

  </div>

        

        


        
        

        

        
  
        

      </div>
          <div class="step">
        
<div class="brief skipped">
  <span class="keyword indention">Then</span>
  <span class="name">deberia mostrar un mensaje de error &quot;lastname is invalid.&quot;</span>
  
  <span class="lead-duration duration">0.000</span>

  </div>

        

        


        
        

        

        
  
        

      </div>
      </div>
</div>


    
  <div class="inner-level hooks-element-after">
        <div data-toggle="collapse" class=" collapsed  collapsable-control" data-target="#after-63">
      
<div class="brief passed">
  <span class="keyword indention">Hooks</span>
  <span class="name"></span>
  

       <i class="chevron fa fa-fw"></i>
  </div>

    </div>

    <div id="after-63" class="inner-level collapse collapsable-details ">
              <div class="hook">
          <div class="brief passed">
            <span class="keyword indention">After</span>
                          <span class="location name">TestGlue.Hooks.tearDown(io.cucumber.java.Scenario)</span>
                        
  <span class="lead-duration duration">3.624</span>

          </div>

                      

          
                    

          
    <div class="embeddings inner-level">
                <div class="embedding indention">
        <div data-toggle="collapse" data-target="#embedding-64" class="collapsable-control">
      <a>Attachment 1 (png)</a>
      <a href="embeddings/embedding_13213901.png" download target="_blank">
        <span class="download-button glyphicon glyphicon-download-alt"></span>
      </a>
    </div>
    <div id="embedding-64" class="collapse collapsable-details">
      <div class="embedding-content">
        <img src="embeddings/embedding_13213901.png">
      </div>
    </div>
  </div>
        </div>
  
        </div>
          </div>
  </div>

  </div>
</div>

                      
<div class="element">
      <div class="indention">
      <b>Feature:</b>
      <a href="report-feature_file-src-test-resources-Features-Login-feature.html">Login</a>
    </div>
  
  
<div class="tags indention">
      <b>Tags:</b>
           <a href="report-tag_test.html">@test</a>
      </div>

  
  <span class="lead-duration duration">10.765</span>


    <span data-toggle="collapse" class=" collapsable-control" data-target="#element-65">
    
<div class="brief failed">
  <span class="keyword indention">Scenario Outline</span>
  <span class="name">Login con email y password correctos partiendo de la home page</span>
  

       <i class="chevron fa fa-fw"></i>
  </div>

  </span>
  <div class="description indention"></div>

  <div id="element-65" class="collapse collapsable-details  in ">
    
  <div class="inner-level hooks-element-before">
        <div data-toggle="collapse" class=" collapsed  collapsable-control" data-target="#before-66">
      
<div class="brief passed">
  <span class="keyword indention">Hooks</span>
  <span class="name"></span>
  

       <i class="chevron fa fa-fw"></i>
  </div>

    </div>

    <div id="before-66" class="inner-level collapse collapsable-details ">
              <div class="hook">
          <div class="brief passed">
            <span class="keyword indention">Before</span>
                          <span class="location name">TestGlue.Hooks.setUp()</span>
                        
  <span class="lead-duration duration">20.639</span>

          </div>

                      

          
                    

          
  
        </div>
          </div>
  </div>


    
<div class="steps inner-level">
    <div data-toggle="collapse" class=" collapsable-control" data-target="#steps-67">
    
<div class="brief failed">
  <span class="keyword indention">Steps</span>
  <span class="name"></span>
  

       <i class="chevron fa fa-fw"></i>
  </div>

  </div>

  <div id="steps-67" class="inner-level collapse collapsable-details  in ">
          <div class="step">
        
<div class="brief passed">
  <span class="keyword indention">When</span>
  <span class="name">Se logea &quot;mycuenta@gmail.com&quot; &quot;pass1&quot;</span>
  
  <span class="lead-duration duration">6.217</span>

  </div>

        

        


        
        

        

        
  
        

      </div>
          <div class="step">
        
<div class="brief failed">
  <span class="keyword indention">Then</span>
  <span class="name">Deveria ser redirigido a la pagina My Account</span>
  
  <span class="lead-duration duration">4.547</span>

  </div>

        

        

  <div class="inner-level">
    <div class="message indention">
      <div data-toggle="collapse" class=" collapsable-control" data-target="#msg-68">
          <a>java.lang.AssertionError:</a>
      </div>
      <div id="msg-68" class="collapse collapsable-details  in ">
        <pre>java.lang.AssertionError: No esta en la pagina My account - My Store
	at org.junit.Assert.fail(Assert.java:89)
	at org.junit.Assert.assertTrue(Assert.java:42)
	at TestGlue.LoginSteps.deveriaSerRedirigidoALaPaginaMyAccount(LoginSteps.java:24)
	at &#10045;.Deveria ser redirigido a la pagina My Account(file:///D:/a/CucumberAutomationPage/CucumberAutomationPage/./src/test/resources/Features/Login.feature:10)
</pre>
      </div>
    </div>
  </div>


        
        

        

        
  
        

      </div>
      </div>
</div>


    
  <div class="inner-level hooks-element-after">
        <div data-toggle="collapse" class=" collapsed  collapsable-control" data-target="#after-69">
      
<div class="brief passed">
  <span class="keyword indention">Hooks</span>
  <span class="name"></span>
  

       <i class="chevron fa fa-fw"></i>
  </div>

    </div>

    <div id="after-69" class="inner-level collapse collapsable-details ">
              <div class="hook">
          <div class="brief passed">
            <span class="keyword indention">After</span>
                          <span class="location name">TestGlue.Hooks.tearDown(io.cucumber.java.Scenario)</span>
                        
  <span class="lead-duration duration">7.150</span>

          </div>

                      

          
                    

          
    <div class="embeddings inner-level">
                <div class="embedding indention">
        <div data-toggle="collapse" data-target="#embedding-70" class="collapsable-control">
      <a>Attachment 1 (png)</a>
      <a href="embeddings/embedding_13213901.png" download target="_blank">
        <span class="download-button glyphicon glyphicon-download-alt"></span>
      </a>
    </div>
    <div id="embedding-70" class="collapse collapsable-details">
      <div class="embedding-content">
        <img src="embeddings/embedding_13213901.png">
      </div>
    </div>
  </div>
        </div>
  
        </div>
          </div>
  </div>

  </div>
</div>

                      
<div class="element">
      <div class="indention">
      <b>Feature:</b>
      <a href="report-feature_file-src-test-resources-Features-Login-feature.html">Login</a>
    </div>
  
  
<div class="tags indention">
  </div>

  
  <span class="lead-duration duration">7.544</span>


    <span data-toggle="collapse" class=" collapsable-control" data-target="#element-71">
    
<div class="brief failed">
  <span class="keyword indention">Background</span>
  <span class="name"></span>
  

       <i class="chevron fa fa-fw"></i>
  </div>

  </span>
  <div class="description indention"></div>

  <div id="element-71" class="collapse collapsable-details  in ">
    


    
<div class="steps inner-level">
    <div data-toggle="collapse" class=" collapsable-control" data-target="#steps-72">
    
<div class="brief failed">
  <span class="keyword indention">Steps</span>
  <span class="name"></span>
  

       <i class="chevron fa fa-fw"></i>
  </div>

  </div>

  <div id="steps-72" class="inner-level collapse collapsable-details  in ">
          <div class="step">
        
<div class="brief failed">
  <span class="keyword indention">Given</span>
  <span class="name">El usuario esta en login page</span>
  
  <span class="lead-duration duration">7.544</span>

  </div>

        

        

  <div class="inner-level">
    <div class="message indention">
      <div data-toggle="collapse" class=" collapsable-control" data-target="#msg-73">
          <a>java.lang.AssertionError:</a>
      </div>
      <div id="msg-73" class="collapse collapsable-details  in ">
        <pre>java.lang.AssertionError: No esta en la home page
	at org.junit.Assert.fail(Assert.java:89)
	at org.junit.Assert.assertTrue(Assert.java:42)
	at TestGlue.LoginSteps.elUsuarioEstaEnLoginPage(LoginSteps.java:13)
	at &#10045;.El usuario esta en login page(file:///D:/a/CucumberAutomationPage/CucumberAutomationPage/./src/test/resources/Features/Login.feature:6)
</pre>
      </div>
    </div>
  </div>


        
        

        

        
  
        

      </div>
      </div>
</div>


    

  </div>
</div>

                      
<div class="element">
      <div class="indention">
      <b>Feature:</b>
      <a href="report-feature_file-src-test-resources-Features-Login-feature.html">Login</a>
    </div>
  
  
<div class="tags indention">
      <b>Tags:</b>
           <a href="report-tag_test.html">@test</a>
      </div>

  
  <span class="lead-duration duration">0.000</span>


    <span data-toggle="collapse" class=" collapsable-control" data-target="#element-74">
    
<div class="brief failed">
  <span class="keyword indention">Scenario Outline</span>
  <span class="name">Login con email y password correctos partiendo de la home page</span>
  

       <i class="chevron fa fa-fw"></i>
  </div>

  </span>
  <div class="description indention"></div>

  <div id="element-74" class="collapse collapsable-details  in ">
    
  <div class="inner-level hooks-element-before">
        <div data-toggle="collapse" class=" collapsed  collapsable-control" data-target="#before-75">
      
<div class="brief passed">
  <span class="keyword indention">Hooks</span>
  <span class="name"></span>
  

       <i class="chevron fa fa-fw"></i>
  </div>

    </div>

    <div id="before-75" class="inner-level collapse collapsable-details ">
              <div class="hook">
          <div class="brief passed">
            <span class="keyword indention">Before</span>
                          <span class="location name">TestGlue.Hooks.setUp()</span>
                        
  <span class="lead-duration duration">1.274</span>

          </div>

                      

          
                    

          
  
        </div>
          </div>
  </div>


    
<div class="steps inner-level">
    <div data-toggle="collapse" class=" collapsable-control" data-target="#steps-76">
    
<div class="brief failed">
  <span class="keyword indention">Steps</span>
  <span class="name"></span>
  

       <i class="chevron fa fa-fw"></i>
  </div>

  </div>

  <div id="steps-76" class="inner-level collapse collapsable-details  in ">
          <div class="step">
        
<div class="brief skipped">
  <span class="keyword indention">When</span>
  <span class="name">Se logea &quot;mycuenta5@gmail.com&quot; &quot;pass1&quot;</span>
  
  <span class="lead-duration duration">0.000</span>

  </div>

        

        


        
        

        

        
  
        

      </div>
          <div class="step">
        
<div class="brief skipped">
  <span class="keyword indention">Then</span>
  <span class="name">Deveria ser redirigido a la pagina My Account</span>
  
  <span class="lead-duration duration">0.000</span>

  </div>

        

        


        
        

        

        
  
        

      </div>
      </div>
</div>


    
  <div class="inner-level hooks-element-after">
        <div data-toggle="collapse" class=" collapsed  collapsable-control" data-target="#after-77">
      
<div class="brief passed">
  <span class="keyword indention">Hooks</span>
  <span class="name"></span>
  

       <i class="chevron fa fa-fw"></i>
  </div>

    </div>

    <div id="after-77" class="inner-level collapse collapsable-details ">
              <div class="hook">
          <div class="brief passed">
            <span class="keyword indention">After</span>
                          <span class="location name">TestGlue.Hooks.tearDown(io.cucumber.java.Scenario)</span>
                        
  <span class="lead-duration duration">3.755</span>

          </div>

                      

          
                    

          
    <div class="embeddings inner-level">
                <div class="embedding indention">
        <div data-toggle="collapse" data-target="#embedding-78" class="collapsable-control">
      <a>Attachment 1 (png)</a>
      <a href="embeddings/embedding_13213901.png" download target="_blank">
        <span class="download-button glyphicon glyphicon-download-alt"></span>
      </a>
    </div>
    <div id="embedding-78" class="collapse collapsable-details">
      <div class="embedding-content">
        <img src="embeddings/embedding_13213901.png">
      </div>
    </div>
  </div>
        </div>
  
        </div>
          </div>
  </div>

  </div>
</div>

                      
<div class="element">
      <div class="indention">
      <b>Feature:</b>
      <a href="report-feature_file-src-test-resources-Features-Login-feature.html">Login</a>
    </div>
  
  
<div class="tags indention">
      <b>Tags:</b>
           <a href="report-tag_test.html">@test</a>
      </div>

  
  <span class="lead-duration duration">2.119</span>


    <span data-toggle="collapse" class=" collapsable-control" data-target="#element-79">
    
<div class="brief failed">
  <span class="keyword indention">Scenario Outline</span>
  <span class="name">Login con email y password incorrectos o invalidos partiendo de la home page</span>
  

       <i class="chevron fa fa-fw"></i>
  </div>

  </span>
  <div class="description indention"></div>

  <div id="element-79" class="collapse collapsable-details  in ">
    
  <div class="inner-level hooks-element-before">
        <div data-toggle="collapse" class=" collapsed  collapsable-control" data-target="#before-80">
      
<div class="brief passed">
  <span class="keyword indention">Hooks</span>
  <span class="name"></span>
  

       <i class="chevron fa fa-fw"></i>
  </div>

    </div>

    <div id="before-80" class="inner-level collapse collapsable-details ">
              <div class="hook">
          <div class="brief passed">
            <span class="keyword indention">Before</span>
                          <span class="location name">TestGlue.Hooks.setUp()</span>
                        
  <span class="lead-duration duration">2.350</span>

          </div>

                      

          
                    

          
  
        </div>
          </div>
  </div>


    
<div class="steps inner-level">
    <div data-toggle="collapse" class=" collapsable-control" data-target="#steps-81">
    
<div class="brief failed">
  <span class="keyword indention">Steps</span>
  <span class="name"></span>
  

       <i class="chevron fa fa-fw"></i>
  </div>

  </div>

  <div id="steps-81" class="inner-level collapse collapsable-details  in ">
          <div class="step">
        
<div class="brief failed">
  <span class="keyword indention">When</span>
  <span class="name">Se logea &quot;mycuenta@gmail.com&quot; &quot;pass&quot;</span>
  
  <span class="lead-duration duration">2.119</span>

  </div>

        

        

  <div class="inner-level">
    <div class="message indention">
      <div data-toggle="collapse" class=" collapsable-control" data-target="#msg-82">
          <a>org.openqa.selenium.StaleElementReferenceException:</a>
      </div>
      <div id="msg-82" class="collapse collapsable-details  in ">
        <pre>org.openqa.selenium.StaleElementReferenceException: stale element reference: element is not attached to the page document
  (Session info: chrome=101.0.4951.41)
For documentation on this error, please visit: https://selenium.dev/exceptions/#stale_element_reference
Build info: version: '4.1.3', revision: '7b1ebf28ef'
System info: host: 'fv-az90-914', ip: '10.1.0.100', os.name: 'Windows Server 2022', os.arch: 'amd64', os.version: '10.0', java.version: '11.0.15'
Driver info: org.openqa.selenium.chrome.ChromeDriver
Command: [a0eebd41d310318628a89f2c904ef97d, clearElement {id=270a2182-7a65-493b-925e-30e13a9f6c20}]
Capabilities {acceptInsecureCerts: false, browserName: chrome, browserVersion: 101.0.4951.41, chrome: {chromedriverVersion: 101.0.4951.41 (93c720db8323..., userDataDir: C:\Users\RUNNER~1\AppData\L...}, goog:chromeOptions: {debuggerAddress: localhost:53522}, javascriptEnabled: true, networkConnectionEnabled: false, pageLoadStrategy: normal, platform: WINDOWS, platformName: WINDOWS, proxy: Proxy(), se:cdp: ws://localhost:53522/devtoo..., se:cdpVersion: 101.0.4951.41, setWindowRect: true, strictFileInteractability: false, timeouts: {implicit: 0, pageLoad: 300000, script: 30000}, unhandledPromptBehavior: dismiss and notify, webauthn:extension:credBlob: true, webauthn:extension:largeBlob: true, webauthn:virtualAuthenticators: true}
Element: [[ChromeDriver: chrome on WINDOWS (a0eebd41d310318628a89f2c904ef97d)] -&gt; xpath: //*[@id=&quot;email&quot;]]
Session ID: a0eebd41d310318628a89f2c904ef97d
	at java.base/jdk.internal.reflect.NativeConstructorAccessorImpl.newInstance0(Native Method)
	at java.base/jdk.internal.reflect.NativeConstructorAccessorImpl.newInstance(NativeConstructorAccessorImpl.java:62)
	at java.base/jdk.internal.reflect.DelegatingConstructorAccessorImpl.newInstance(DelegatingConstructorAccessorImpl.java:45)
	at java.base/java.lang.reflect.Constructor.newInstance(Constructor.java:490)
	at org.openqa.selenium.remote.codec.w3c.W3CHttpResponseCodec.createException(W3CHttpResponseCodec.java:200)
	at org.openqa.selenium.remote.codec.w3c.W3CHttpResponseCodec.decode(W3CHttpResponseCodec.java:133)
	at org.openqa.selenium.remote.codec.w3c.W3CHttpResponseCodec.decode(W3CHttpResponseCodec.java:53)
	at org.openqa.selenium.remote.HttpCommandExecutor.execute(HttpCommandExecutor.java:184)
	at org.openqa.selenium.remote.service.DriverCommandExecutor.invokeExecute(DriverCommandExecutor.java:167)
	at org.openqa.selenium.remote.service.DriverCommandExecutor.execute(DriverCommandExecutor.java:142)
	at org.openqa.selenium.remote.RemoteWebDriver.execute(RemoteWebDriver.java:567)
	at org.openqa.selenium.remote.RemoteWebElement.execute(RemoteWebElement.java:251)
	at org.openqa.selenium.remote.RemoteWebElement.clear(RemoteWebElement.java:126)
	at Pages.Base.clear(Base.java:153)
	at Pages.Base.sendKeys(Base.java:169)
	at Pages.LoginPage.sendEmail(LoginPage.java:40)
	at Pages.LoginPage.login(LoginPage.java:80)
	at TestGlue.LoginSteps.seLogea(LoginSteps.java:19)
	at &#10045;.Se logea &quot;mycuenta@gmail.com&quot; &quot;pass&quot;(file:///D:/a/CucumberAutomationPage/CucumberAutomationPage/./src/test/resources/Features/Login.feature:18)
</pre>
      </div>
    </div>
  </div>


        
        

        

        
  
        

      </div>
          <div class="step">
        
<div class="brief skipped">
  <span class="keyword indention">Then</span>
  <span class="name">Deveria Mostrar un mensaje de &quot;Invalid password.&quot;</span>
  
  <span class="lead-duration duration">0.000</span>

  </div>

        

        


        
        

        

        
  
        

      </div>
      </div>
</div>


    
  <div class="inner-level hooks-element-after">
        <div data-toggle="collapse" class=" collapsed  collapsable-control" data-target="#after-83">
      
<div class="brief passed">
  <span class="keyword indention">Hooks</span>
  <span class="name"></span>
  

       <i class="chevron fa fa-fw"></i>
  </div>

    </div>

    <div id="after-83" class="inner-level collapse collapsable-details ">
              <div class="hook">
          <div class="brief passed">
            <span class="keyword indention">After</span>
                          <span class="location name">TestGlue.Hooks.tearDown(io.cucumber.java.Scenario)</span>
                        
  <span class="lead-duration duration">1.416</span>

          </div>

                      

          
                    

          
    <div class="embeddings inner-level">
                <div class="embedding indention">
        <div data-toggle="collapse" data-target="#embedding-84" class="collapsable-control">
      <a>Attachment 1 (png)</a>
      <a href="embeddings/embedding_-476300210.png" download target="_blank">
        <span class="download-button glyphicon glyphicon-download-alt"></span>
      </a>
    </div>
    <div id="embedding-84" class="collapse collapsable-details">
      <div class="embedding-content">
        <img src="embeddings/embedding_-476300210.png">
      </div>
    </div>
  </div>
        </div>
  
        </div>
          </div>
  </div>

  </div>
</div>

                      
<div class="element">
      <div class="indention">
      <b>Feature:</b>
      <a href="report-feature_file-src-test-resources-Features-Login-feature.html">Login</a>
    </div>
  
  
<div class="tags indention">
  </div>

  
  <span class="lead-duration duration">7.971</span>


    <span data-toggle="collapse" class=" collapsable-control" data-target="#element-85">
    
<div class="brief failed">
  <span class="keyword indention">Background</span>
  <span class="name"></span>
  

       <i class="chevron fa fa-fw"></i>
  </div>

  </span>
  <div class="description indention"></div>

  <div id="element-85" class="collapse collapsable-details  in ">
    


    
<div class="steps inner-level">
    <div data-toggle="collapse" class=" collapsable-control" data-target="#steps-86">
    
<div class="brief failed">
  <span class="keyword indention">Steps</span>
  <span class="name"></span>
  

       <i class="chevron fa fa-fw"></i>
  </div>

  </div>

  <div id="steps-86" class="inner-level collapse collapsable-details  in ">
          <div class="step">
        
<div class="brief failed">
  <span class="keyword indention">Given</span>
  <span class="name">El usuario esta en login page</span>
  
  <span class="lead-duration duration">7.971</span>

  </div>

        

        

  <div class="inner-level">
    <div class="message indention">
      <div data-toggle="collapse" class=" collapsable-control" data-target="#msg-87">
          <a>java.lang.AssertionError:</a>
      </div>
      <div id="msg-87" class="collapse collapsable-details  in ">
        <pre>java.lang.AssertionError: No esta en la home page
	at org.junit.Assert.fail(Assert.java:89)
	at org.junit.Assert.assertTrue(Assert.java:42)
	at TestGlue.LoginSteps.elUsuarioEstaEnLoginPage(LoginSteps.java:13)
	at &#10045;.El usuario esta en login page(file:///D:/a/CucumberAutomationPage/CucumberAutomationPage/./src/test/resources/Features/Login.feature:6)
</pre>
      </div>
    </div>
  </div>


        
        

        

        
  
        

      </div>
      </div>
</div>


    

  </div>
</div>

                      
<div class="element">
      <div class="indention">
      <b>Feature:</b>
      <a href="report-feature_file-src-test-resources-Features-Login-feature.html">Login</a>
    </div>
  
  
<div class="tags indention">
      <b>Tags:</b>
           <a href="report-tag_test.html">@test</a>
      </div>

  
  <span class="lead-duration duration">0.000</span>


    <span data-toggle="collapse" class=" collapsable-control" data-target="#element-88">
    
<div class="brief failed">
  <span class="keyword indention">Scenario Outline</span>
  <span class="name">Login con email y password incorrectos o invalidos partiendo de la home page</span>
  

       <i class="chevron fa fa-fw"></i>
  </div>

  </span>
  <div class="description indention"></div>

  <div id="element-88" class="collapse collapsable-details  in ">
    
  <div class="inner-level hooks-element-before">
        <div data-toggle="collapse" class=" collapsed  collapsable-control" data-target="#before-89">
      
<div class="brief passed">
  <span class="keyword indention">Hooks</span>
  <span class="name"></span>
  

       <i class="chevron fa fa-fw"></i>
  </div>

    </div>

    <div id="before-89" class="inner-level collapse collapsable-details ">
              <div class="hook">
          <div class="brief passed">
            <span class="keyword indention">Before</span>
                          <span class="location name">TestGlue.Hooks.setUp()</span>
                        
  <span class="lead-duration duration">1.711</span>

          </div>

                      

          
                    

          
  
        </div>
          </div>
  </div>


    
<div class="steps inner-level">
    <div data-toggle="collapse" class=" collapsable-control" data-target="#steps-90">
    
<div class="brief failed">
  <span class="keyword indention">Steps</span>
  <span class="name"></span>
  

       <i class="chevron fa fa-fw"></i>
  </div>

  </div>

  <div id="steps-90" class="inner-level collapse collapsable-details  in ">
          <div class="step">
        
<div class="brief skipped">
  <span class="keyword indention">When</span>
  <span class="name">Se logea &quot;mycuentagmail.com&quot; &quot;pass1&quot;</span>
  
  <span class="lead-duration duration">0.000</span>

  </div>

        

        


        
        

        

        
  
        

      </div>
          <div class="step">
        
<div class="brief skipped">
  <span class="keyword indention">Then</span>
  <span class="name">Deveria Mostrar un mensaje de &quot;Invalid email address.&quot;</span>
  
  <span class="lead-duration duration">0.000</span>

  </div>

        

        


        
        

        

        
  
        

      </div>
      </div>
</div>


    
  <div class="inner-level hooks-element-after">
        <div data-toggle="collapse" class=" collapsed  collapsable-control" data-target="#after-91">
      
<div class="brief passed">
  <span class="keyword indention">Hooks</span>
  <span class="name"></span>
  

       <i class="chevron fa fa-fw"></i>
  </div>

    </div>

    <div id="after-91" class="inner-level collapse collapsable-details ">
              <div class="hook">
          <div class="brief passed">
            <span class="keyword indention">After</span>
                          <span class="location name">TestGlue.Hooks.tearDown(io.cucumber.java.Scenario)</span>
                        
  <span class="lead-duration duration">2.629</span>

          </div>

                      

          
                    

          
    <div class="embeddings inner-level">
                <div class="embedding indention">
        <div data-toggle="collapse" data-target="#embedding-92" class="collapsable-control">
      <a>Attachment 1 (png)</a>
      <a href="embeddings/embedding_802536153.png" download target="_blank">
        <span class="download-button glyphicon glyphicon-download-alt"></span>
      </a>
    </div>
    <div id="embedding-92" class="collapse collapsable-details">
      <div class="embedding-content">
        <img src="embeddings/embedding_802536153.png">
      </div>
    </div>
  </div>
        </div>
  
        </div>
          </div>
  </div>

  </div>
</div>

                      
<div class="element">
      <div class="indention">
      <b>Feature:</b>
      <a href="report-feature_file-src-test-resources-Features-Login-feature.html">Login</a>
    </div>
  
  
<div class="tags indention">
      <b>Tags:</b>
           <a href="report-tag_test.html">@test</a>
      </div>

  
  <span class="lead-duration duration">12.942</span>


    <span data-toggle="collapse" class=" collapsable-control" data-target="#element-93">
    
<div class="brief failed">
  <span class="keyword indention">Scenario Outline</span>
  <span class="name">Login con email y password incorrectos o invalidos partiendo de la home page</span>
  

       <i class="chevron fa fa-fw"></i>
  </div>

  </span>
  <div class="description indention"></div>

  <div id="element-93" class="collapse collapsable-details  in ">
    
  <div class="inner-level hooks-element-before">
        <div data-toggle="collapse" class=" collapsed  collapsable-control" data-target="#before-94">
      
<div class="brief passed">
  <span class="keyword indention">Hooks</span>
  <span class="name"></span>
  

       <i class="chevron fa fa-fw"></i>
  </div>

    </div>

    <div id="before-94" class="inner-level collapse collapsable-details ">
              <div class="hook">
          <div class="brief passed">
            <span class="keyword indention">Before</span>
                          <span class="location name">TestGlue.Hooks.setUp()</span>
                        
  <span class="lead-duration duration">2.469</span>

          </div>

                      

          
                    

          
  
        </div>
          </div>
  </div>


    
<div class="steps inner-level">
    <div data-toggle="collapse" class=" collapsable-control" data-target="#steps-95">
    
<div class="brief failed">
  <span class="keyword indention">Steps</span>
  <span class="name"></span>
  

       <i class="chevron fa fa-fw"></i>
  </div>

  </div>

  <div id="steps-95" class="inner-level collapse collapsable-details  in ">
          <div class="step">
        
<div class="brief passed">
  <span class="keyword indention">When</span>
  <span class="name">Se logea &quot;mycuentagmail.com&quot; &quot;pass&quot;</span>
  
  <span class="lead-duration duration">2.875</span>

  </div>

        

        


        
        

        

        
  
        

      </div>
          <div class="step">
        
<div class="brief failed">
  <span class="keyword indention">Then</span>
  <span class="name">Deveria Mostrar un mensaje de &quot;Invalid email address.&quot;</span>
  
  <span class="lead-duration duration">10.066</span>

  </div>

        

        

  <div class="inner-level">
    <div class="message indention">
      <div data-toggle="collapse" class=" collapsable-control" data-target="#msg-96">
          <a>java.lang.Error:</a>
      </div>
      <div id="msg-96" class="collapse collapsable-details  in ">
        <pre>java.lang.Error: El locator //*[@id=&quot;center_column&quot;]/div[1]/ol no fue encontrado
	at Pages.Base.findElement(Base.java:32)
	at Pages.Base.isDisplayed(Base.java:114)
	at Pages.LoginPage.verifyErrorLogin(LoginPage.java:62)
	at TestGlue.LoginSteps.deveriaMostrarUnMensajeDeError(LoginSteps.java:29)
	at &#10045;.Deveria Mostrar un mensaje de &quot;Invalid email address.&quot;(file:///D:/a/CucumberAutomationPage/CucumberAutomationPage/./src/test/resources/Features/Login.feature:19)
</pre>
      </div>
    </div>
  </div>


        
        

        

        
  
        

      </div>
      </div>
</div>


    
  <div class="inner-level hooks-element-after">
        <div data-toggle="collapse" class=" collapsed  collapsable-control" data-target="#after-97">
      
<div class="brief passed">
  <span class="keyword indention">Hooks</span>
  <span class="name"></span>
  

       <i class="chevron fa fa-fw"></i>
  </div>

    </div>

    <div id="after-97" class="inner-level collapse collapsable-details ">
              <div class="hook">
          <div class="brief passed">
            <span class="keyword indention">After</span>
                          <span class="location name">TestGlue.Hooks.tearDown(io.cucumber.java.Scenario)</span>
                        
  <span class="lead-duration duration">1.521</span>

          </div>

                      

          
                    

          
    <div class="embeddings inner-level">
                <div class="embedding indention">
        <div data-toggle="collapse" data-target="#embedding-98" class="collapsable-control">
      <a>Attachment 1 (png)</a>
      <a href="embeddings/embedding_13213901.png" download target="_blank">
        <span class="download-button glyphicon glyphicon-download-alt"></span>
      </a>
    </div>
    <div id="embedding-98" class="collapse collapsable-details">
      <div class="embedding-content">
        <img src="embeddings/embedding_13213901.png">
      </div>
    </div>
  </div>
        </div>
  
        </div>
          </div>
  </div>

  </div>
</div>

                      
<div class="element">
      <div class="indention">
      <b>Feature:</b>
      <a href="report-feature_file-src-test-resources-Features-Login-feature.html">Login</a>
    </div>
  
  
<div class="tags indention">
  </div>

  
  <span class="lead-duration duration">5.778</span>


    <span data-toggle="collapse" class=" collapsable-control" data-target="#element-99">
    
<div class="brief failed">
  <span class="keyword indention">Background</span>
  <span class="name"></span>
  

       <i class="chevron fa fa-fw"></i>
  </div>

  </span>
  <div class="description indention"></div>

  <div id="element-99" class="collapse collapsable-details  in ">
    


    
<div class="steps inner-level">
    <div data-toggle="collapse" class=" collapsable-control" data-target="#steps-100">
    
<div class="brief failed">
  <span class="keyword indention">Steps</span>
  <span class="name"></span>
  

       <i class="chevron fa fa-fw"></i>
  </div>

  </div>

  <div id="steps-100" class="inner-level collapse collapsable-details  in ">
          <div class="step">
        
<div class="brief failed">
  <span class="keyword indention">Given</span>
  <span class="name">El usuario esta en login page</span>
  
  <span class="lead-duration duration">5.778</span>

  </div>

        

        

  <div class="inner-level">
    <div class="message indention">
      <div data-toggle="collapse" class=" collapsable-control" data-target="#msg-101">
          <a>java.lang.AssertionError:</a>
      </div>
      <div id="msg-101" class="collapse collapsable-details  in ">
        <pre>java.lang.AssertionError: No esta en la home page
	at org.junit.Assert.fail(Assert.java:89)
	at org.junit.Assert.assertTrue(Assert.java:42)
	at TestGlue.LoginSteps.elUsuarioEstaEnLoginPage(LoginSteps.java:13)
	at &#10045;.El usuario esta en login page(file:///D:/a/CucumberAutomationPage/CucumberAutomationPage/./src/test/resources/Features/Login.feature:6)
</pre>
      </div>
    </div>
  </div>


        
        

        

        
  
        

      </div>
      </div>
</div>


    

  </div>
</div>

                      
<div class="element">
      <div class="indention">
      <b>Feature:</b>
      <a href="report-feature_file-src-test-resources-Features-Login-feature.html">Login</a>
    </div>
  
  
<div class="tags indention">
      <b>Tags:</b>
           <a href="report-tag_test.html">@test</a>
      </div>

  
  <span class="lead-duration duration">0.000</span>


    <span data-toggle="collapse" class=" collapsable-control" data-target="#element-102">
    
<div class="brief failed">
  <span class="keyword indention">Scenario Outline</span>
  <span class="name">Login con email y password incorrectos o invalidos partiendo de la home page</span>
  

       <i class="chevron fa fa-fw"></i>
  </div>

  </span>
  <div class="description indention"></div>

  <div id="element-102" class="collapse collapsable-details  in ">
    
  <div class="inner-level hooks-element-before">
        <div data-toggle="collapse" class=" collapsed  collapsable-control" data-target="#before-103">
      
<div class="brief passed">
  <span class="keyword indention">Hooks</span>
  <span class="name"></span>
  

       <i class="chevron fa fa-fw"></i>
  </div>

    </div>

    <div id="before-103" class="inner-level collapse collapsable-details ">
              <div class="hook">
          <div class="brief passed">
            <span class="keyword indention">Before</span>
                          <span class="location name">TestGlue.Hooks.setUp()</span>
                        
  <span class="lead-duration duration">1.466</span>

          </div>

                      

          
                    

          
  
        </div>
          </div>
  </div>


    
<div class="steps inner-level">
    <div data-toggle="collapse" class=" collapsable-control" data-target="#steps-104">
    
<div class="brief failed">
  <span class="keyword indention">Steps</span>
  <span class="name"></span>
  

       <i class="chevron fa fa-fw"></i>
  </div>

  </div>

  <div id="steps-104" class="inner-level collapse collapsable-details  in ">
          <div class="step">
        
<div class="brief skipped">
  <span class="keyword indention">When</span>
  <span class="name">Se logea &quot;mycuenta@gmail.com&quot; &quot;123456&quot;</span>
  
  <span class="lead-duration duration">0.000</span>

  </div>

        

        


        
        

        

        
  
        

      </div>
          <div class="step">
        
<div class="brief skipped">
  <span class="keyword indention">Then</span>
  <span class="name">Deveria Mostrar un mensaje de &quot;Authentication failed.&quot;</span>
  
  <span class="lead-duration duration">0.000</span>

  </div>

        

        


        
        

        

        
  
        

      </div>
      </div>
</div>


    
  <div class="inner-level hooks-element-after">
        <div data-toggle="collapse" class=" collapsed  collapsable-control" data-target="#after-105">
      
<div class="brief passed">
  <span class="keyword indention">Hooks</span>
  <span class="name"></span>
  

       <i class="chevron fa fa-fw"></i>
  </div>

    </div>

    <div id="after-105" class="inner-level collapse collapsable-details ">
              <div class="hook">
          <div class="brief passed">
            <span class="keyword indention">After</span>
                          <span class="location name">TestGlue.Hooks.tearDown(io.cucumber.java.Scenario)</span>
                        
  <span class="lead-duration duration">5.517</span>

          </div>

                      

          
                    

          
    <div class="embeddings inner-level">
                <div class="embedding indention">
        <div data-toggle="collapse" data-target="#embedding-106" class="collapsable-control">
      <a>Attachment 1 (png)</a>
      <a href="embeddings/embedding_744579425.png" download target="_blank">
        <span class="download-button glyphicon glyphicon-download-alt"></span>
      </a>
    </div>
    <div id="embedding-106" class="collapse collapsable-details">
      <div class="embedding-content">
        <img src="embeddings/embedding_744579425.png">
      </div>
    </div>
  </div>
        </div>
  
        </div>
          </div>
  </div>

  </div>
</div>

                      
<div class="element">
      <div class="indention">
      <b>Feature:</b>
      <a href="report-feature_file-src-test-resources-Features-Login-feature.html">Login</a>
    </div>
  
  
<div class="tags indention">
      <b>Tags:</b>
           <a href="report-tag_test.html">@test</a>
      </div>

  
  <span class="lead-duration duration">10.100</span>


    <span data-toggle="collapse" class=" collapsable-control" data-target="#element-107">
    
<div class="brief failed">
  <span class="keyword indention">Scenario Outline</span>
  <span class="name">Login con email y password incorrectos o invalidos partiendo de la home page</span>
  

       <i class="chevron fa fa-fw"></i>
  </div>

  </span>
  <div class="description indention"></div>

  <div id="element-107" class="collapse collapsable-details  in ">
    
  <div class="inner-level hooks-element-before">
        <div data-toggle="collapse" class=" collapsed  collapsable-control" data-target="#before-108">
      
<div class="brief passed">
  <span class="keyword indention">Hooks</span>
  <span class="name"></span>
  

       <i class="chevron fa fa-fw"></i>
  </div>

    </div>

    <div id="before-108" class="inner-level collapse collapsable-details ">
              <div class="hook">
          <div class="brief passed">
            <span class="keyword indention">Before</span>
                          <span class="location name">TestGlue.Hooks.setUp()</span>
                        
  <span class="lead-duration duration">1.172</span>

          </div>

                      

          
                    

          
  
        </div>
          </div>
  </div>


    
<div class="steps inner-level">
    <div data-toggle="collapse" class=" collapsable-control" data-target="#steps-109">
    
<div class="brief failed">
  <span class="keyword indention">Steps</span>
  <span class="name"></span>
  

       <i class="chevron fa fa-fw"></i>
  </div>

  </div>

  <div id="steps-109" class="inner-level collapse collapsable-details  in ">
          <div class="step">
        
<div class="brief failed">
  <span class="keyword indention">When</span>
  <span class="name">Se logea &quot;mycuent@gmail.com&quot; &quot;123456&quot;</span>
  
  <span class="lead-duration duration">10.100</span>

  </div>

        

        

  <div class="inner-level">
    <div class="message indention">
      <div data-toggle="collapse" class=" collapsable-control" data-target="#msg-110">
          <a>java.lang.Error:</a>
      </div>
      <div id="msg-110" class="collapse collapsable-details  in ">
        <pre>java.lang.Error: El locator //*[@id=&quot;email&quot;] no fue encontrado
	at Pages.Base.findElement(Base.java:32)
	at Pages.Base.clear(Base.java:153)
	at Pages.Base.sendKeys(Base.java:169)
	at Pages.LoginPage.sendEmail(LoginPage.java:40)
	at Pages.LoginPage.login(LoginPage.java:80)
	at TestGlue.LoginSteps.seLogea(LoginSteps.java:19)
	at &#10045;.Se logea &quot;mycuent@gmail.com&quot; &quot;123456&quot;(file:///D:/a/CucumberAutomationPage/CucumberAutomationPage/./src/test/resources/Features/Login.feature:18)
</pre>
      </div>
    </div>
  </div>


        
        

        

        
  
        

      </div>
          <div class="step">
        
<div class="brief skipped">
  <span class="keyword indention">Then</span>
  <span class="name">Deveria Mostrar un mensaje de &quot;Authentication failed.&quot;</span>
  
  <span class="lead-duration duration">0.000</span>

  </div>

        

        


        
        

        

        
  
        

      </div>
      </div>
</div>


    
  <div class="inner-level hooks-element-after">
        <div data-toggle="collapse" class=" collapsed  collapsable-control" data-target="#after-111">
      
<div class="brief passed">
  <span class="keyword indention">Hooks</span>
  <span class="name"></span>
  

       <i class="chevron fa fa-fw"></i>
  </div>

    </div>

    <div id="after-111" class="inner-level collapse collapsable-details ">
              <div class="hook">
          <div class="brief passed">
            <span class="keyword indention">After</span>
                          <span class="location name">TestGlue.Hooks.tearDown(io.cucumber.java.Scenario)</span>
                        
  <span class="lead-duration duration">5.422</span>

          </div>

                      

          
                    

          
    <div class="embeddings inner-level">
                <div class="embedding indention">
        <div data-toggle="collapse" data-target="#embedding-112" class="collapsable-control">
      <a>Attachment 1 (png)</a>
      <a href="embeddings/embedding_13213901.png" download target="_blank">
        <span class="download-button glyphicon glyphicon-download-alt"></span>
      </a>
    </div>
    <div id="embedding-112" class="collapse collapsable-details">
      <div class="embedding-content">
        <img src="embeddings/embedding_13213901.png">
      </div>
    </div>
  </div>
        </div>
  
        </div>
          </div>
  </div>

  </div>
</div>

                      
<div class="element">
      <div class="indention">
      <b>Feature:</b>
      <a href="report-feature_file-src-test-resources-Features-Search-feature.html">Search</a>
    </div>
  
  
<div class="tags indention">
      <b>Tags:</b>
           <a href="report-tag_search.html">@search</a>
      </div>

  
  <span class="lead-duration duration">19.546</span>


    <span data-toggle="collapse" class=" collapsable-control" data-target="#element-113">
    
<div class="brief failed">
  <span class="keyword indention">Scenario Outline</span>
  <span class="name"></span>
  

       <i class="chevron fa fa-fw"></i>
  </div>

  </span>
  <div class="description indention">    Busqueda de productos desde la home page - sin logearse</div>

  <div id="element-113" class="collapse collapsable-details  in ">
    
  <div class="inner-level hooks-element-before">
        <div data-toggle="collapse" class=" collapsed  collapsable-control" data-target="#before-114">
      
<div class="brief passed">
  <span class="keyword indention">Hooks</span>
  <span class="name"></span>
  

       <i class="chevron fa fa-fw"></i>
  </div>

    </div>

    <div id="before-114" class="inner-level collapse collapsable-details ">
              <div class="hook">
          <div class="brief passed">
            <span class="keyword indention">Before</span>
                          <span class="location name">TestGlue.Hooks.setUp()</span>
                        
  <span class="lead-duration duration">21.031</span>

          </div>

                      

          
                    

          
  
        </div>
          </div>
  </div>


    
<div class="steps inner-level">
    <div data-toggle="collapse" class=" collapsable-control" data-target="#steps-115">
    
<div class="brief failed">
  <span class="keyword indention">Steps</span>
  <span class="name"></span>
  

       <i class="chevron fa fa-fw"></i>
  </div>

  </div>

  <div id="steps-115" class="inner-level collapse collapsable-details  in ">
          <div class="step">
        
<div class="brief failed">
  <span class="keyword indention">Given</span>
  <span class="name">El usuario esta en la home page</span>
  
  <span class="lead-duration duration">19.546</span>

  </div>

        

        

  <div class="inner-level">
    <div class="message indention">
      <div data-toggle="collapse" class=" collapsable-control" data-target="#msg-116">
          <a>java.lang.AssertionError:</a>
      </div>
      <div id="msg-116" class="collapse collapsable-details  in ">
        <pre>java.lang.AssertionError: No esta en la home page
	at org.junit.Assert.fail(Assert.java:89)
	at org.junit.Assert.assertTrue(Assert.java:42)
	at TestGlue.SearchSteps.elUsuarioEstaEnLaHomePage(SearchSteps.java:12)
	at &#10045;.El usuario esta en la home page(file:///D:/a/CucumberAutomationPage/CucumberAutomationPage/./src/test/resources/Features/Search.feature:8)
</pre>
      </div>
    </div>
  </div>


        
        

        

        
  
        

      </div>
          <div class="step">
        
<div class="brief skipped">
  <span class="keyword indention">When</span>
  <span class="name">realiza la busqueda de un producto &quot;blouse&quot;</span>
  
  <span class="lead-duration duration">0.000</span>

  </div>

        

        


        
        

        

        
  
        

      </div>
          <div class="step">
        
<div class="brief skipped">
  <span class="keyword indention">Then</span>
  <span class="name">deveria de mostrar un listado de productos encontrados &quot;1 result has been found.&quot;</span>
  
  <span class="lead-duration duration">0.000</span>

  </div>

        

        


        
        

        

        
  
        

      </div>
      </div>
</div>


    
  <div class="inner-level hooks-element-after">
        <div data-toggle="collapse" class=" collapsed  collapsable-control" data-target="#after-117">
      
<div class="brief passed">
  <span class="keyword indention">Hooks</span>
  <span class="name"></span>
  

       <i class="chevron fa fa-fw"></i>
  </div>

    </div>

    <div id="after-117" class="inner-level collapse collapsable-details ">
              <div class="hook">
          <div class="brief passed">
            <span class="keyword indention">After</span>
                          <span class="location name">TestGlue.Hooks.tearDown(io.cucumber.java.Scenario)</span>
                        
  <span class="lead-duration duration">1.879</span>

          </div>

                      

          
                    

          
    <div class="embeddings inner-level">
                <div class="embedding indention">
        <div data-toggle="collapse" data-target="#embedding-118" class="collapsable-control">
      <a>Attachment 1 (png)</a>
      <a href="embeddings/embedding_-1708017312.png" download target="_blank">
        <span class="download-button glyphicon glyphicon-download-alt"></span>
      </a>
    </div>
    <div id="embedding-118" class="collapse collapsable-details">
      <div class="embedding-content">
        <img src="embeddings/embedding_-1708017312.png">
      </div>
    </div>
  </div>
        </div>
  
        </div>
          </div>
  </div>

  </div>
</div>

                      
<div class="element">
      <div class="indention">
      <b>Feature:</b>
      <a href="report-feature_file-src-test-resources-Features-Search-feature.html">Search</a>
    </div>
  
  
<div class="tags indention">
      <b>Tags:</b>
           <a href="report-tag_search.html">@search</a>
      </div>

  
  <span class="lead-duration duration">12.251</span>


    <span data-toggle="collapse" class=" collapsable-control" data-target="#element-119">
    
<div class="brief failed">
  <span class="keyword indention">Scenario Outline</span>
  <span class="name"></span>
  

       <i class="chevron fa fa-fw"></i>
  </div>

  </span>
  <div class="description indention">    Busqueda de productos desde la home page - sin logearse</div>

  <div id="element-119" class="collapse collapsable-details  in ">
    
  <div class="inner-level hooks-element-before">
        <div data-toggle="collapse" class=" collapsed  collapsable-control" data-target="#before-120">
      
<div class="brief passed">
  <span class="keyword indention">Hooks</span>
  <span class="name"></span>
  

       <i class="chevron fa fa-fw"></i>
  </div>

    </div>

    <div id="before-120" class="inner-level collapse collapsable-details ">
              <div class="hook">
          <div class="brief passed">
            <span class="keyword indention">Before</span>
                          <span class="location name">TestGlue.Hooks.setUp()</span>
                        
  <span class="lead-duration duration">2.967</span>

          </div>

                      

          
                    

          
  
        </div>
          </div>
  </div>


    
<div class="steps inner-level">
    <div data-toggle="collapse" class=" collapsable-control" data-target="#steps-121">
    
<div class="brief failed">
  <span class="keyword indention">Steps</span>
  <span class="name"></span>
  

       <i class="chevron fa fa-fw"></i>
  </div>

  </div>

  <div id="steps-121" class="inner-level collapse collapsable-details  in ">
          <div class="step">
        
<div class="brief passed">
  <span class="keyword indention">Given</span>
  <span class="name">El usuario esta en la home page</span>
  
  <span class="lead-duration duration">6.034</span>

  </div>

        

        


        
        

        

        
  
        

      </div>
          <div class="step">
        
<div class="brief failed">
  <span class="keyword indention">When</span>
  <span class="name">realiza la busqueda de un producto &quot;a&quot;</span>
  
  <span class="lead-duration duration">6.217</span>

  </div>

        

        

  <div class="inner-level">
    <div class="message indention">
      <div data-toggle="collapse" class=" collapsable-control" data-target="#msg-122">
          <a>org.openqa.selenium.StaleElementReferenceException:</a>
      </div>
      <div id="msg-122" class="collapse collapsable-details  in ">
        <pre>org.openqa.selenium.StaleElementReferenceException: stale element reference: element is not attached to the page document
  (Session info: chrome=101.0.4951.41)
For documentation on this error, please visit: https://selenium.dev/exceptions/#stale_element_reference
Build info: version: '4.1.3', revision: '7b1ebf28ef'
System info: host: 'fv-az90-914', ip: '10.1.0.100', os.name: 'Windows Server 2022', os.arch: 'amd64', os.version: '10.0', java.version: '11.0.15'
Driver info: org.openqa.selenium.chrome.ChromeDriver
Command: [b4f2f85944e93c735a6581e6ef60e723, submitElement {id=a3b4773f-ade2-423a-911e-3b2c698ee488}]
Capabilities {acceptInsecureCerts: false, browserName: chrome, browserVersion: 101.0.4951.41, chrome: {chromedriverVersion: 101.0.4951.41 (93c720db8323..., userDataDir: C:\Users\RUNNER~1\AppData\L...}, goog:chromeOptions: {debuggerAddress: localhost:53321}, javascriptEnabled: true, networkConnectionEnabled: false, pageLoadStrategy: normal, platform: WINDOWS, platformName: WINDOWS, proxy: Proxy(), se:cdp: ws://localhost:53321/devtoo..., se:cdpVersion: 101.0.4951.41, setWindowRect: true, strictFileInteractability: false, timeouts: {implicit: 0, pageLoad: 300000, script: 30000}, unhandledPromptBehavior: dismiss and notify, webauthn:extension:credBlob: true, webauthn:extension:largeBlob: true, webauthn:virtualAuthenticators: true}
Element: [[ChromeDriver: chrome on WINDOWS (b4f2f85944e93c735a6581e6ef60e723)] -&gt; xpath: //*[@id=&quot;search_query_top&quot;]]
Session ID: b4f2f85944e93c735a6581e6ef60e723
	at java.base/jdk.internal.reflect.NativeConstructorAccessorImpl.newInstance0(Native Method)
	at java.base/jdk.internal.reflect.NativeConstructorAccessorImpl.newInstance(NativeConstructorAccessorImpl.java:62)
	at java.base/jdk.internal.reflect.DelegatingConstructorAccessorImpl.newInstance(DelegatingConstructorAccessorImpl.java:45)
	at java.base/java.lang.reflect.Constructor.newInstance(Constructor.java:490)
	at org.openqa.selenium.remote.codec.w3c.W3CHttpResponseCodec.createException(W3CHttpResponseCodec.java:200)
	at org.openqa.selenium.remote.codec.w3c.W3CHttpResponseCodec.decode(W3CHttpResponseCodec.java:133)
	at org.openqa.selenium.remote.codec.w3c.W3CHttpResponseCodec.decode(W3CHttpResponseCodec.java:53)
	at org.openqa.selenium.remote.HttpCommandExecutor.execute(HttpCommandExecutor.java:184)
	at org.openqa.selenium.remote.service.DriverCommandExecutor.invokeExecute(DriverCommandExecutor.java:167)
	at org.openqa.selenium.remote.service.DriverCommandExecutor.execute(DriverCommandExecutor.java:142)
	at org.openqa.selenium.remote.RemoteWebDriver.execute(RemoteWebDriver.java:567)
	at org.openqa.selenium.remote.RemoteWebElement.execute(RemoteWebElement.java:251)
	at org.openqa.selenium.remote.RemoteWebElement.submit(RemoteWebElement.java:82)
	at Pages.Base.submit(Base.java:174)
	at Pages.HomePage.searchProduct(HomePage.java:41)
	at TestGlue.SearchSteps.realizaLaBusquedaDeUnProducto(SearchSteps.java:18)
	at &#10045;.realiza la busqueda de un producto &quot;a&quot;(file:///D:/a/CucumberAutomationPage/CucumberAutomationPage/./src/test/resources/Features/Search.feature:9)
</pre>
      </div>
    </div>
  </div>


        
        

        

        
  
        

      </div>
          <div class="step">
        
<div class="brief skipped">
  <span class="keyword indention">Then</span>
  <span class="name">deveria de mostrar un listado de productos encontrados &quot;0 results have been found.&quot;</span>
  
  <span class="lead-duration duration">0.000</span>

  </div>

        

        


        
        

        

        
  
        

      </div>
      </div>
</div>


    
  <div class="inner-level hooks-element-after">
        <div data-toggle="collapse" class=" collapsed  collapsable-control" data-target="#after-123">
      
<div class="brief passed">
  <span class="keyword indention">Hooks</span>
  <span class="name"></span>
  

       <i class="chevron fa fa-fw"></i>
  </div>

    </div>

    <div id="after-123" class="inner-level collapse collapsable-details ">
              <div class="hook">
          <div class="brief passed">
            <span class="keyword indention">After</span>
                          <span class="location name">TestGlue.Hooks.tearDown(io.cucumber.java.Scenario)</span>
                        
  <span class="lead-duration duration">2.148</span>

          </div>

                      

          
                    

          
    <div class="embeddings inner-level">
                <div class="embedding indention">
        <div data-toggle="collapse" data-target="#embedding-124" class="collapsable-control">
      <a>Attachment 1 (png)</a>
      <a href="embeddings/embedding_-538625954.png" download target="_blank">
        <span class="download-button glyphicon glyphicon-download-alt"></span>
      </a>
    </div>
    <div id="embedding-124" class="collapse collapsable-details">
      <div class="embedding-content">
        <img src="embeddings/embedding_-538625954.png">
      </div>
    </div>
  </div>
        </div>
  
        </div>
          </div>
  </div>

  </div>
</div>

                      
<div class="element">
      <div class="indention">
      <b>Feature:</b>
      <a href="report-feature_file-src-test-resources-Features-Search-feature.html">Search</a>
    </div>
  
  
<div class="tags indention">
      <b>Tags:</b>
           <a href="report-tag_search.html">@search</a>
      </div>

  
  <span class="lead-duration duration">11.963</span>


    <span data-toggle="collapse" class=" collapsable-control" data-target="#element-125">
    
<div class="brief failed">
  <span class="keyword indention">Scenario Outline</span>
  <span class="name"></span>
  

       <i class="chevron fa fa-fw"></i>
  </div>

  </span>
  <div class="description indention">    Busqueda de productos desde la home page - sin logearse</div>

  <div id="element-125" class="collapse collapsable-details  in ">
    
  <div class="inner-level hooks-element-before">
        <div data-toggle="collapse" class=" collapsed  collapsable-control" data-target="#before-126">
      
<div class="brief passed">
  <span class="keyword indention">Hooks</span>
  <span class="name"></span>
  

       <i class="chevron fa fa-fw"></i>
  </div>

    </div>

    <div id="before-126" class="inner-level collapse collapsable-details ">
              <div class="hook">
          <div class="brief passed">
            <span class="keyword indention">Before</span>
                          <span class="location name">TestGlue.Hooks.setUp()</span>
                        
  <span class="lead-duration duration">1.325</span>

          </div>

                      

          
                    

          
  
        </div>
          </div>
  </div>


    
<div class="steps inner-level">
    <div data-toggle="collapse" class=" collapsable-control" data-target="#steps-127">
    
<div class="brief failed">
  <span class="keyword indention">Steps</span>
  <span class="name"></span>
  

       <i class="chevron fa fa-fw"></i>
  </div>

  </div>

  <div id="steps-127" class="inner-level collapse collapsable-details  in ">
          <div class="step">
        
<div class="brief passed">
  <span class="keyword indention">Given</span>
  <span class="name">El usuario esta en la home page</span>
  
  <span class="lead-duration duration">2.576</span>

  </div>

        

        


        
        

        

        
  
        

      </div>
          <div class="step">
        
<div class="brief failed">
  <span class="keyword indention">When</span>
  <span class="name">realiza la busqueda de un producto &quot;blo&quot;</span>
  
  <span class="lead-duration duration">9.386</span>

  </div>

        

        

  <div class="inner-level">
    <div class="message indention">
      <div data-toggle="collapse" class=" collapsable-control" data-target="#msg-128">
          <a>org.openqa.selenium.StaleElementReferenceException:</a>
      </div>
      <div id="msg-128" class="collapse collapsable-details  in ">
        <pre>org.openqa.selenium.StaleElementReferenceException: stale element reference: element is not attached to the page document
  (Session info: chrome=101.0.4951.41)
For documentation on this error, please visit: https://selenium.dev/exceptions/#stale_element_reference
Build info: version: '4.1.3', revision: '7b1ebf28ef'
System info: host: 'fv-az90-914', ip: '10.1.0.100', os.name: 'Windows Server 2022', os.arch: 'amd64', os.version: '10.0', java.version: '11.0.15'
Driver info: org.openqa.selenium.chrome.ChromeDriver
Command: [12364d65fcacdf04a3f8abff4938b39c, submitElement {id=f4e0123b-f404-45ea-a536-bb5d8c2f9433}]
Capabilities {acceptInsecureCerts: false, browserName: chrome, browserVersion: 101.0.4951.41, chrome: {chromedriverVersion: 101.0.4951.41 (93c720db8323..., userDataDir: C:\Users\RUNNER~1\AppData\L...}, goog:chromeOptions: {debuggerAddress: localhost:53620}, javascriptEnabled: true, networkConnectionEnabled: false, pageLoadStrategy: normal, platform: WINDOWS, platformName: WINDOWS, proxy: Proxy(), se:cdp: ws://localhost:53620/devtoo..., se:cdpVersion: 101.0.4951.41, setWindowRect: true, strictFileInteractability: false, timeouts: {implicit: 0, pageLoad: 300000, script: 30000}, unhandledPromptBehavior: dismiss and notify, webauthn:extension:credBlob: true, webauthn:extension:largeBlob: true, webauthn:virtualAuthenticators: true}
Element: [[ChromeDriver: chrome on WINDOWS (12364d65fcacdf04a3f8abff4938b39c)] -&gt; xpath: //*[@id=&quot;search_query_top&quot;]]
Session ID: 12364d65fcacdf04a3f8abff4938b39c
	at java.base/jdk.internal.reflect.NativeConstructorAccessorImpl.newInstance0(Native Method)
	at java.base/jdk.internal.reflect.NativeConstructorAccessorImpl.newInstance(NativeConstructorAccessorImpl.java:62)
	at java.base/jdk.internal.reflect.DelegatingConstructorAccessorImpl.newInstance(DelegatingConstructorAccessorImpl.java:45)
	at java.base/java.lang.reflect.Constructor.newInstance(Constructor.java:490)
	at org.openqa.selenium.remote.codec.w3c.W3CHttpResponseCodec.createException(W3CHttpResponseCodec.java:200)
	at org.openqa.selenium.remote.codec.w3c.W3CHttpResponseCodec.decode(W3CHttpResponseCodec.java:133)
	at org.openqa.selenium.remote.codec.w3c.W3CHttpResponseCodec.decode(W3CHttpResponseCodec.java:53)
	at org.openqa.selenium.remote.HttpCommandExecutor.execute(HttpCommandExecutor.java:184)
	at org.openqa.selenium.remote.service.DriverCommandExecutor.invokeExecute(DriverCommandExecutor.java:167)
	at org.openqa.selenium.remote.service.DriverCommandExecutor.execute(DriverCommandExecutor.java:142)
	at org.openqa.selenium.remote.RemoteWebDriver.execute(RemoteWebDriver.java:567)
	at org.openqa.selenium.remote.RemoteWebElement.execute(RemoteWebElement.java:251)
	at org.openqa.selenium.remote.RemoteWebElement.submit(RemoteWebElement.java:82)
	at Pages.Base.submit(Base.java:174)
	at Pages.HomePage.searchProduct(HomePage.java:41)
	at TestGlue.SearchSteps.realizaLaBusquedaDeUnProducto(SearchSteps.java:18)
	at &#10045;.realiza la busqueda de un producto &quot;blo&quot;(file:///D:/a/CucumberAutomationPage/CucumberAutomationPage/./src/test/resources/Features/Search.feature:9)
</pre>
      </div>
    </div>
  </div>


        
        

        

        
  
        

      </div>
          <div class="step">
        
<div class="brief skipped">
  <span class="keyword indention">Then</span>
  <span class="name">deveria de mostrar un listado de productos encontrados &quot;1 result has been found.&quot;</span>
  
  <span class="lead-duration duration">0.000</span>

  </div>

        

        


        
        

        

        
  
        

      </div>
      </div>
</div>


    
  <div class="inner-level hooks-element-after">
        <div data-toggle="collapse" class=" collapsed  collapsable-control" data-target="#after-129">
      
<div class="brief passed">
  <span class="keyword indention">Hooks</span>
  <span class="name"></span>
  

       <i class="chevron fa fa-fw"></i>
  </div>

    </div>

    <div id="after-129" class="inner-level collapse collapsable-details ">
              <div class="hook">
          <div class="brief passed">
            <span class="keyword indention">After</span>
                          <span class="location name">TestGlue.Hooks.tearDown(io.cucumber.java.Scenario)</span>
                        
  <span class="lead-duration duration">6.142</span>

          </div>

                      

          
                    

          
    <div class="embeddings inner-level">
                <div class="embedding indention">
        <div data-toggle="collapse" data-target="#embedding-130" class="collapsable-control">
      <a>Attachment 1 (png)</a>
      <a href="embeddings/embedding_-1708017312.png" download target="_blank">
        <span class="download-button glyphicon glyphicon-download-alt"></span>
      </a>
    </div>
    <div id="embedding-130" class="collapse collapsable-details">
      <div class="embedding-content">
        <img src="embeddings/embedding_-1708017312.png">
      </div>
    </div>
  </div>
        </div>
  
        </div>
          </div>
  </div>

  </div>
</div>

                      
<div class="element">
      <div class="indention">
      <b>Feature:</b>
      <a href="report-feature_file-src-test-resources-Features-Search-feature.html">Search</a>
    </div>
  
  
<div class="tags indention">
      <b>Tags:</b>
           <a href="report-tag_search.html">@search</a>
      </div>

  
  <span class="lead-duration duration">11.131</span>


    <span data-toggle="collapse" class=" collapsable-control" data-target="#element-131">
    
<div class="brief failed">
  <span class="keyword indention">Scenario Outline</span>
  <span class="name"></span>
  

       <i class="chevron fa fa-fw"></i>
  </div>

  </span>
  <div class="description indention">    Busqueda de productos desde la home page - sin logearse</div>

  <div id="element-131" class="collapse collapsable-details  in ">
    
  <div class="inner-level hooks-element-before">
        <div data-toggle="collapse" class=" collapsed  collapsable-control" data-target="#before-132">
      
<div class="brief passed">
  <span class="keyword indention">Hooks</span>
  <span class="name"></span>
  

       <i class="chevron fa fa-fw"></i>
  </div>

    </div>

    <div id="before-132" class="inner-level collapse collapsable-details ">
              <div class="hook">
          <div class="brief passed">
            <span class="keyword indention">Before</span>
                          <span class="location name">TestGlue.Hooks.setUp()</span>
                        
  <span class="lead-duration duration">1.217</span>

          </div>

                      

          
                    

          
  
        </div>
          </div>
  </div>


    
<div class="steps inner-level">
    <div data-toggle="collapse" class=" collapsable-control" data-target="#steps-133">
    
<div class="brief failed">
  <span class="keyword indention">Steps</span>
  <span class="name"></span>
  

       <i class="chevron fa fa-fw"></i>
  </div>

  </div>

  <div id="steps-133" class="inner-level collapse collapsable-details  in ">
          <div class="step">
        
<div class="brief passed">
  <span class="keyword indention">Given</span>
  <span class="name">El usuario esta en la home page</span>
  
  <span class="lead-duration duration">7.003</span>

  </div>

        

        


        
        

        

        
  
        

      </div>
          <div class="step">
        
<div class="brief passed">
  <span class="keyword indention">When</span>
  <span class="name">realiza la busqueda de un producto &quot;chiffon blouse&quot;</span>
  
  <span class="lead-duration duration">2.737</span>

  </div>

        

        


        
        

        

        
  
        

      </div>
          <div class="step">
        
<div class="brief failed">
  <span class="keyword indention">Then</span>
  <span class="name">deveria de mostrar un listado de productos encontrados &quot;0 results have been found.&quot;</span>
  
  <span class="lead-duration duration">1.390</span>

  </div>

        

        

  <div class="inner-level">
    <div class="message indention">
      <div data-toggle="collapse" class=" collapsable-control" data-target="#msg-134">
          <a>java.lang.AssertionError:</a>
      </div>
      <div id="msg-134" class="collapse collapsable-details  in ">
        <pre>java.lang.AssertionError: No se encuentra en la pagina de resultados de busquedas!
	at org.junit.Assert.fail(Assert.java:89)
	at org.junit.Assert.assertTrue(Assert.java:42)
	at TestGlue.SearchSteps.deveriaDeMostrarUnListadoDeProductosEncontrados(SearchSteps.java:24)
	at &#10045;.deveria de mostrar un listado de productos encontrados &quot;0 results have been found.&quot;(file:///D:/a/CucumberAutomationPage/CucumberAutomationPage/./src/test/resources/Features/Search.feature:10)
</pre>
      </div>
    </div>
  </div>


        
        

        

        
  
        

      </div>
      </div>
</div>


    
  <div class="inner-level hooks-element-after">
        <div data-toggle="collapse" class=" collapsed  collapsable-control" data-target="#after-135">
      
<div class="brief passed">
  <span class="keyword indention">Hooks</span>
  <span class="name"></span>
  

       <i class="chevron fa fa-fw"></i>
  </div>

    </div>

    <div id="after-135" class="inner-level collapse collapsable-details ">
              <div class="hook">
          <div class="brief passed">
            <span class="keyword indention">After</span>
                          <span class="location name">TestGlue.Hooks.tearDown(io.cucumber.java.Scenario)</span>
                        
  <span class="lead-duration duration">1.236</span>

          </div>

                      

          
                    

          
    <div class="embeddings inner-level">
                <div class="embedding indention">
        <div data-toggle="collapse" data-target="#embedding-136" class="collapsable-control">
      <a>Attachment 1 (png)</a>
      <a href="embeddings/embedding_13213901.png" download target="_blank">
        <span class="download-button glyphicon glyphicon-download-alt"></span>
      </a>
    </div>
    <div id="embedding-136" class="collapse collapsable-details">
      <div class="embedding-content">
        <img src="embeddings/embedding_13213901.png">
      </div>
    </div>
  </div>
        </div>
  
        </div>
          </div>
  </div>

  </div>
</div>

                      
<div class="element">
      <div class="indention">
      <b>Feature:</b>
      <a href="report-feature_file-src-test-resources-Features-Search-feature.html">Search</a>
    </div>
  
  
<div class="tags indention">
      <b>Tags:</b>
           <a href="report-tag_search.html">@search</a>
      </div>

  
  <span class="lead-duration duration">16.327</span>


    <span data-toggle="collapse" class=" collapsable-control" data-target="#element-137">
    
<div class="brief failed">
  <span class="keyword indention">Scenario Outline</span>
  <span class="name"></span>
  

       <i class="chevron fa fa-fw"></i>
  </div>

  </span>
  <div class="description indention">    Busqueda de productos desde la home page - sin logearse</div>

  <div id="element-137" class="collapse collapsable-details  in ">
    
  <div class="inner-level hooks-element-before">
        <div data-toggle="collapse" class=" collapsed  collapsable-control" data-target="#before-138">
      
<div class="brief passed">
  <span class="keyword indention">Hooks</span>
  <span class="name"></span>
  

       <i class="chevron fa fa-fw"></i>
  </div>

    </div>

    <div id="before-138" class="inner-level collapse collapsable-details ">
              <div class="hook">
          <div class="brief passed">
            <span class="keyword indention">Before</span>
                          <span class="location name">TestGlue.Hooks.setUp()</span>
                        
  <span class="lead-duration duration">1.559</span>

          </div>

                      

          
                    

          
  
        </div>
          </div>
  </div>


    
<div class="steps inner-level">
    <div data-toggle="collapse" class=" collapsable-control" data-target="#steps-139">
    
<div class="brief failed">
  <span class="keyword indention">Steps</span>
  <span class="name"></span>
  

       <i class="chevron fa fa-fw"></i>
  </div>

  </div>

  <div id="steps-139" class="inner-level collapse collapsable-details  in ">
          <div class="step">
        
<div class="brief passed">
  <span class="keyword indention">Given</span>
  <span class="name">El usuario esta en la home page</span>
  
  <span class="lead-duration duration">7.360</span>

  </div>

        

        


        
        

        

        
  
        

      </div>
          <div class="step">
        
<div class="brief passed">
  <span class="keyword indention">When</span>
  <span class="name">realiza la busqueda de un producto &quot;chiffon&quot;</span>
  
  <span class="lead-duration duration">8.745</span>

  </div>

        

        


        
        

        

        
  
        

      </div>
          <div class="step">
        
<div class="brief failed">
  <span class="keyword indention">Then</span>
  <span class="name">deveria de mostrar un listado de productos encontrados &quot;2 results have been found.&quot;</span>
  
  <span class="lead-duration duration">0.221</span>

  </div>

        

        

  <div class="inner-level">
    <div class="message indention">
      <div data-toggle="collapse" class=" collapsable-control" data-target="#msg-140">
          <a>org.junit.ComparisonFailure:</a>
      </div>
      <div id="msg-140" class="collapse collapsable-details  in ">
        <pre>org.junit.ComparisonFailure: la cantidad de resultados no es la esperada: Esperada: 2 results have been found. obtenida: 0 results have been found. expected:&lt;[0] results have been f...&gt; but was:&lt;[2] results have been f...&gt;
	at org.junit.Assert.assertEquals(Assert.java:117)
	at TestGlue.SearchSteps.deveriaDeMostrarUnListadoDeProductosEncontrados(SearchSteps.java:25)
	at &#10045;.deveria de mostrar un listado de productos encontrados &quot;2 results have been found.&quot;(file:///D:/a/CucumberAutomationPage/CucumberAutomationPage/./src/test/resources/Features/Search.feature:10)
</pre>
      </div>
    </div>
  </div>


        
        

        

        
  
        

      </div>
      </div>
</div>


    
  <div class="inner-level hooks-element-after">
        <div data-toggle="collapse" class=" collapsed  collapsable-control" data-target="#after-141">
      
<div class="brief passed">
  <span class="keyword indention">Hooks</span>
  <span class="name"></span>
  

       <i class="chevron fa fa-fw"></i>
  </div>

    </div>

    <div id="after-141" class="inner-level collapse collapsable-details ">
              <div class="hook">
          <div class="brief passed">
            <span class="keyword indention">After</span>
                          <span class="location name">TestGlue.Hooks.tearDown(io.cucumber.java.Scenario)</span>
                        
  <span class="lead-duration duration">1.309</span>

          </div>

                      

          
                    

          
    <div class="embeddings inner-level">
                <div class="embedding indention">
        <div data-toggle="collapse" data-target="#embedding-142" class="collapsable-control">
      <a>Attachment 1 (png)</a>
      <a href="embeddings/embedding_-476300210.png" download target="_blank">
        <span class="download-button glyphicon glyphicon-download-alt"></span>
      </a>
    </div>
    <div id="embedding-142" class="collapse collapsable-details">
      <div class="embedding-content">
        <img src="embeddings/embedding_-476300210.png">
      </div>
    </div>
  </div>
        </div>
  
        </div>
          </div>
  </div>

  </div>
</div>

                      
<div class="element">
      <div class="indention">
      <b>Feature:</b>
      <a href="report-feature_file-src-test-resources-Features-VerifySummary-feature.html">Verificar sumario</a>
    </div>
  
  
<div class="tags indention">
      <b>Tags:</b>
           <a href="report-tag_verifySummary.html">@verifySummary</a>
      </div>

  
  <span class="lead-duration duration">19.546</span>


    <span data-toggle="collapse" class=" collapsable-control" data-target="#element-143">
    
<div class="brief failed">
  <span class="keyword indention">Scenario Outline</span>
  <span class="name"></span>
  

       <i class="chevron fa fa-fw"></i>
  </div>

  </span>
  <div class="description indention">    Verificar que el monto total de la compra es correcto.</div>

  <div id="element-143" class="collapse collapsable-details  in ">
    
  <div class="inner-level hooks-element-before">
        <div data-toggle="collapse" class=" collapsed  collapsable-control" data-target="#before-144">
      
<div class="brief passed">
  <span class="keyword indention">Hooks</span>
  <span class="name"></span>
  

       <i class="chevron fa fa-fw"></i>
  </div>

    </div>

    <div id="before-144" class="inner-level collapse collapsable-details ">
              <div class="hook">
          <div class="brief passed">
            <span class="keyword indention">Before</span>
                          <span class="location name">TestGlue.Hooks.setUp()</span>
                        
  <span class="lead-duration duration">21.051</span>

          </div>

                      

          
                    

          
  
        </div>
          </div>
  </div>


    
<div class="steps inner-level">
    <div data-toggle="collapse" class=" collapsable-control" data-target="#steps-145">
    
<div class="brief failed">
  <span class="keyword indention">Steps</span>
  <span class="name"></span>
  

       <i class="chevron fa fa-fw"></i>
  </div>

  </div>

  <div id="steps-145" class="inner-level collapse collapsable-details  in ">
          <div class="step">
        
<div class="brief failed">
  <span class="keyword indention">Given</span>
  <span class="name">El usuario esta en la home page</span>
  
  <span class="lead-duration duration">19.544</span>

  </div>

        

        

  <div class="inner-level">
    <div class="message indention">
      <div data-toggle="collapse" class=" collapsable-control" data-target="#msg-146">
          <a>java.lang.AssertionError:</a>
      </div>
      <div id="msg-146" class="collapse collapsable-details  in ">
        <pre>java.lang.AssertionError: No esta en la home page
	at org.junit.Assert.fail(Assert.java:89)
	at org.junit.Assert.assertTrue(Assert.java:42)
	at TestGlue.SearchSteps.elUsuarioEstaEnLaHomePage(SearchSteps.java:12)
	at &#10045;.El usuario esta en la home page(file:///D:/a/CucumberAutomationPage/CucumberAutomationPage/./src/test/resources/Features/VerifySummary.feature:8)
</pre>
      </div>
    </div>
  </div>


        
        

        

        
  
        

      </div>
          <div class="step">
        
<div class="brief skipped">
  <span class="keyword indention">And</span>
  <span class="name">realiza la busqueda de un producto &quot;Blouse&quot;</span>
  
  <span class="lead-duration duration">0.000</span>

  </div>

        

        


        
        

        

        
  
        

      </div>
          <div class="step">
        
<div class="brief skipped">
  <span class="keyword indention">And</span>
  <span class="name">Selecciona el producto &quot;Blouse&quot;</span>
  
  <span class="lead-duration duration">0.000</span>

  </div>

        

        


        
        

        

        
  
        

      </div>
          <div class="step">
        
<div class="brief skipped">
  <span class="keyword indention">And</span>
  <span class="name">agrega el producto al carrito &quot;1&quot; &quot;M&quot; &quot;Black&quot;</span>
  
  <span class="lead-duration duration">0.000</span>

  </div>

        

        


        
        

        

        
  
        

      </div>
          <div class="step">
        
<div class="brief skipped">
  <span class="keyword indention">When</span>
  <span class="name">Presiona en el boton Check out</span>
  
  <span class="lead-duration duration">0.001</span>

  </div>

        

        


        
        

        

        
  
        

      </div>
          <div class="step">
        
<div class="brief skipped">
  <span class="keyword indention">Then</span>
  <span class="name">deberia redirigir a la pagina Order</span>
  
  <span class="lead-duration duration">0.000</span>

  </div>

        

        


        
        

        

        
  
        

      </div>
          <div class="step">
        
<div class="brief skipped">
  <span class="keyword indention">And</span>
  <span class="name">el total de la compra deberia ser igual al total esperado &quot;$29.00&quot;</span>
  
  <span class="lead-duration duration">0.000</span>

  </div>

        

        


        
        

        

        
  
        

      </div>
      </div>
</div>


    
  <div class="inner-level hooks-element-after">
        <div data-toggle="collapse" class=" collapsed  collapsable-control" data-target="#after-147">
      
<div class="brief passed">
  <span class="keyword indention">Hooks</span>
  <span class="name"></span>
  

       <i class="chevron fa fa-fw"></i>
  </div>

    </div>

    <div id="after-147" class="inner-level collapse collapsable-details ">
              <div class="hook">
          <div class="brief passed">
            <span class="keyword indention">After</span>
                          <span class="location name">TestGlue.Hooks.tearDown(io.cucumber.java.Scenario)</span>
                        
  <span class="lead-duration duration">2.208</span>

          </div>

                      

          
                    

          
    <div class="embeddings inner-level">
                <div class="embedding indention">
        <div data-toggle="collapse" data-target="#embedding-148" class="collapsable-control">
      <a>Attachment 1 (png)</a>
      <a href="embeddings/embedding_-1708017312.png" download target="_blank">
        <span class="download-button glyphicon glyphicon-download-alt"></span>
      </a>
    </div>
    <div id="embedding-148" class="collapse collapsable-details">
      <div class="embedding-content">
        <img src="embeddings/embedding_-1708017312.png">
      </div>
    </div>
  </div>
        </div>
  
        </div>
          </div>
  </div>

  </div>
</div>

                      
<div class="element">
      <div class="indention">
      <b>Feature:</b>
      <a href="report-feature_file-src-test-resources-Features-VerifySummary-feature.html">Verificar sumario</a>
    </div>
  
  
<div class="tags indention">
      <b>Tags:</b>
           <a href="report-tag_verifySummary.html">@verifySummary</a>
      </div>

  
  <span class="lead-duration duration">10.793</span>


    <span data-toggle="collapse" class=" collapsable-control" data-target="#element-149">
    
<div class="brief failed">
  <span class="keyword indention">Scenario Outline</span>
  <span class="name"></span>
  

       <i class="chevron fa fa-fw"></i>
  </div>

  </span>
  <div class="description indention">    Verificar que el monto total de la compra es correcto.</div>

  <div id="element-149" class="collapse collapsable-details  in ">
    
  <div class="inner-level hooks-element-before">
        <div data-toggle="collapse" class=" collapsed  collapsable-control" data-target="#before-150">
      
<div class="brief passed">
  <span class="keyword indention">Hooks</span>
  <span class="name"></span>
  

       <i class="chevron fa fa-fw"></i>
  </div>

    </div>

    <div id="before-150" class="inner-level collapse collapsable-details ">
              <div class="hook">
          <div class="brief passed">
            <span class="keyword indention">Before</span>
                          <span class="location name">TestGlue.Hooks.setUp()</span>
                        
  <span class="lead-duration duration">4.110</span>

          </div>

                      

          
                    

          
  
        </div>
          </div>
  </div>


    
<div class="steps inner-level">
    <div data-toggle="collapse" class=" collapsable-control" data-target="#steps-151">
    
<div class="brief failed">
  <span class="keyword indention">Steps</span>
  <span class="name"></span>
  

       <i class="chevron fa fa-fw"></i>
  </div>

  </div>

  <div id="steps-151" class="inner-level collapse collapsable-details  in ">
          <div class="step">
        
<div class="brief passed">
  <span class="keyword indention">Given</span>
  <span class="name">El usuario esta en la home page</span>
  
  <span class="lead-duration duration">4.885</span>

  </div>

        

        


        
        

        

        
  
        

      </div>
          <div class="step">
        
<div class="brief failed">
  <span class="keyword indention">And</span>
  <span class="name">realiza la busqueda de un producto &quot;Faded Short Sleeve T-shirts&quot;</span>
  
  <span class="lead-duration duration">5.907</span>

  </div>

        

        

  <div class="inner-level">
    <div class="message indention">
      <div data-toggle="collapse" class=" collapsable-control" data-target="#msg-152">
          <a>org.openqa.selenium.StaleElementReferenceException:</a>
      </div>
      <div id="msg-152" class="collapse collapsable-details  in ">
        <pre>org.openqa.selenium.StaleElementReferenceException: stale element reference: element is not attached to the page document
  (Session info: chrome=101.0.4951.41)
For documentation on this error, please visit: https://selenium.dev/exceptions/#stale_element_reference
Build info: version: '4.1.3', revision: '7b1ebf28ef'
System info: host: 'fv-az90-914', ip: '10.1.0.100', os.name: 'Windows Server 2022', os.arch: 'amd64', os.version: '10.0', java.version: '11.0.15'
Driver info: org.openqa.selenium.chrome.ChromeDriver
Command: [b4f2f85944e93c735a6581e6ef60e723, submitElement {id=a3b4773f-ade2-423a-911e-3b2c698ee488}]
Capabilities {acceptInsecureCerts: false, browserName: chrome, browserVersion: 101.0.4951.41, chrome: {chromedriverVersion: 101.0.4951.41 (93c720db8323..., userDataDir: C:\Users\RUNNER~1\AppData\L...}, goog:chromeOptions: {debuggerAddress: localhost:53321}, javascriptEnabled: true, networkConnectionEnabled: false, pageLoadStrategy: normal, platform: WINDOWS, platformName: WINDOWS, proxy: Proxy(), se:cdp: ws://localhost:53321/devtoo..., se:cdpVersion: 101.0.4951.41, setWindowRect: true, strictFileInteractability: false, timeouts: {implicit: 0, pageLoad: 300000, script: 30000}, unhandledPromptBehavior: dismiss and notify, webauthn:extension:credBlob: true, webauthn:extension:largeBlob: true, webauthn:virtualAuthenticators: true}
Element: [[ChromeDriver: chrome on WINDOWS (b4f2f85944e93c735a6581e6ef60e723)] -&gt; xpath: //*[@id=&quot;search_query_top&quot;]]
Session ID: b4f2f85944e93c735a6581e6ef60e723
	at java.base/jdk.internal.reflect.NativeConstructorAccessorImpl.newInstance0(Native Method)
	at java.base/jdk.internal.reflect.NativeConstructorAccessorImpl.newInstance(NativeConstructorAccessorImpl.java:62)
	at java.base/jdk.internal.reflect.DelegatingConstructorAccessorImpl.newInstance(DelegatingConstructorAccessorImpl.java:45)
	at java.base/java.lang.reflect.Constructor.newInstance(Constructor.java:490)
	at org.openqa.selenium.remote.codec.w3c.W3CHttpResponseCodec.createException(W3CHttpResponseCodec.java:200)
	at org.openqa.selenium.remote.codec.w3c.W3CHttpResponseCodec.decode(W3CHttpResponseCodec.java:133)
	at org.openqa.selenium.remote.codec.w3c.W3CHttpResponseCodec.decode(W3CHttpResponseCodec.java:53)
	at org.openqa.selenium.remote.HttpCommandExecutor.execute(HttpCommandExecutor.java:184)
	at org.openqa.selenium.remote.service.DriverCommandExecutor.invokeExecute(DriverCommandExecutor.java:167)
	at org.openqa.selenium.remote.service.DriverCommandExecutor.execute(DriverCommandExecutor.java:142)
	at org.openqa.selenium.remote.RemoteWebDriver.execute(RemoteWebDriver.java:567)
	at org.openqa.selenium.remote.RemoteWebElement.execute(RemoteWebElement.java:251)
	at org.openqa.selenium.remote.RemoteWebElement.submit(RemoteWebElement.java:82)
	at Pages.Base.submit(Base.java:174)
	at Pages.HomePage.searchProduct(HomePage.java:41)
	at TestGlue.SearchSteps.realizaLaBusquedaDeUnProducto(SearchSteps.java:18)
	at &#10045;.realiza la busqueda de un producto &quot;Faded Short Sleeve T-shirts&quot;(file:///D:/a/CucumberAutomationPage/CucumberAutomationPage/./src/test/resources/Features/VerifySummary.feature:9)
</pre>
      </div>
    </div>
  </div>


        
        

        

        
  
        

      </div>
          <div class="step">
        
<div class="brief skipped">
  <span class="keyword indention">And</span>
  <span class="name">Selecciona el producto &quot;Faded Short Sleeve T-shirts&quot;</span>
  
  <span class="lead-duration duration">0.000</span>

  </div>

        

        


        
        

        

        
  
        

      </div>
          <div class="step">
        
<div class="brief skipped">
  <span class="keyword indention">And</span>
  <span class="name">agrega el producto al carrito &quot;3&quot; &quot;L&quot; &quot;Blue&quot;</span>
  
  <span class="lead-duration duration">0.000</span>

  </div>

        

        


        
        

        

        
  
        

      </div>
          <div class="step">
        
<div class="brief skipped">
  <span class="keyword indention">When</span>
  <span class="name">Presiona en el boton Check out</span>
  
  <span class="lead-duration duration">0.000</span>

  </div>

        

        


        
        

        

        
  
        

      </div>
          <div class="step">
        
<div class="brief skipped">
  <span class="keyword indention">Then</span>
  <span class="name">deberia redirigir a la pagina Order</span>
  
  <span class="lead-duration duration">0.000</span>

  </div>

        

        


        
        

        

        
  
        

      </div>
          <div class="step">
        
<div class="brief skipped">
  <span class="keyword indention">And</span>
  <span class="name">el total de la compra deberia ser igual al total esperado &quot;$51.53&quot;</span>
  
  <span class="lead-duration duration">0.000</span>

  </div>

        

        


        
        

        

        
  
        

      </div>
      </div>
</div>


    
  <div class="inner-level hooks-element-after">
        <div data-toggle="collapse" class=" collapsed  collapsable-control" data-target="#after-153">
      
<div class="brief passed">
  <span class="keyword indention">Hooks</span>
  <span class="name"></span>
  

       <i class="chevron fa fa-fw"></i>
  </div>

    </div>

    <div id="after-153" class="inner-level collapse collapsable-details ">
              <div class="hook">
          <div class="brief passed">
            <span class="keyword indention">After</span>
                          <span class="location name">TestGlue.Hooks.tearDown(io.cucumber.java.Scenario)</span>
                        
  <span class="lead-duration duration">6.988</span>

          </div>

                      

          
                    

          
    <div class="embeddings inner-level">
                <div class="embedding indention">
        <div data-toggle="collapse" data-target="#embedding-154" class="collapsable-control">
      <a>Attachment 1 (png)</a>
      <a href="embeddings/embedding_-538625954.png" download target="_blank">
        <span class="download-button glyphicon glyphicon-download-alt"></span>
      </a>
    </div>
    <div id="embedding-154" class="collapse collapsable-details">
      <div class="embedding-content">
        <img src="embeddings/embedding_-538625954.png">
      </div>
    </div>
  </div>
        </div>
  
        </div>
          </div>
  </div>

  </div>
</div>

                      
<div class="element">
      <div class="indention">
      <b>Feature:</b>
      <a href="report-feature_file-src-test-resources-Features-VerifySummary-feature.html">Verificar sumario</a>
    </div>
  
  
<div class="tags indention">
      <b>Tags:</b>
           <a href="report-tag_verifySummary.html">@verifySummary</a>
      </div>

  
  <span class="lead-duration duration">6.817</span>


    <span data-toggle="collapse" class=" collapsable-control" data-target="#element-155">
    
<div class="brief failed">
  <span class="keyword indention">Scenario Outline</span>
  <span class="name"></span>
  

       <i class="chevron fa fa-fw"></i>
  </div>

  </span>
  <div class="description indention">    Verificar que el monto total de la compra es correcto.</div>

  <div id="element-155" class="collapse collapsable-details  in ">
    
  <div class="inner-level hooks-element-before">
        <div data-toggle="collapse" class=" collapsed  collapsable-control" data-target="#before-156">
      
<div class="brief passed">
  <span class="keyword indention">Hooks</span>
  <span class="name"></span>
  

       <i class="chevron fa fa-fw"></i>
  </div>

    </div>

    <div id="before-156" class="inner-level collapse collapsable-details ">
              <div class="hook">
          <div class="brief passed">
            <span class="keyword indention">Before</span>
                          <span class="location name">TestGlue.Hooks.setUp()</span>
                        
  <span class="lead-duration duration">1.793</span>

          </div>

                      

          
                    

          
  
        </div>
          </div>
  </div>


    
<div class="steps inner-level">
    <div data-toggle="collapse" class=" collapsable-control" data-target="#steps-157">
    
<div class="brief failed">
  <span class="keyword indention">Steps</span>
  <span class="name"></span>
  

       <i class="chevron fa fa-fw"></i>
  </div>

  </div>

  <div id="steps-157" class="inner-level collapse collapsable-details  in ">
          <div class="step">
        
<div class="brief passed">
  <span class="keyword indention">Given</span>
  <span class="name">El usuario esta en la home page</span>
  
  <span class="lead-duration duration">3.139</span>

  </div>

        

        


        
        

        

        
  
        

      </div>
          <div class="step">
        
<div class="brief failed">
  <span class="keyword indention">And</span>
  <span class="name">realiza la busqueda de un producto &quot;Printed Dress&quot;</span>
  
  <span class="lead-duration duration">3.678</span>

  </div>

        

        

  <div class="inner-level">
    <div class="message indention">
      <div data-toggle="collapse" class=" collapsable-control" data-target="#msg-158">
          <a>org.openqa.selenium.StaleElementReferenceException:</a>
      </div>
      <div id="msg-158" class="collapse collapsable-details  in ">
        <pre>org.openqa.selenium.StaleElementReferenceException: stale element reference: element is not attached to the page document
  (Session info: chrome=101.0.4951.41)
For documentation on this error, please visit: https://selenium.dev/exceptions/#stale_element_reference
Build info: version: '4.1.3', revision: '7b1ebf28ef'
System info: host: 'fv-az90-914', ip: '10.1.0.100', os.name: 'Windows Server 2022', os.arch: 'amd64', os.version: '10.0', java.version: '11.0.15'
Driver info: org.openqa.selenium.chrome.ChromeDriver
Command: [4b5f0b9c3ffaac721ad8e71370606e51, submitElement {id=40558084-aff5-44f6-a42e-b6c24b80d06a}]
Capabilities {acceptInsecureCerts: false, browserName: chrome, browserVersion: 101.0.4951.41, chrome: {chromedriverVersion: 101.0.4951.41 (93c720db8323..., userDataDir: C:\Users\RUNNER~1\AppData\L...}, goog:chromeOptions: {debuggerAddress: localhost:53480}, javascriptEnabled: true, networkConnectionEnabled: false, pageLoadStrategy: normal, platform: WINDOWS, platformName: WINDOWS, proxy: Proxy(), se:cdp: ws://localhost:53480/devtoo..., se:cdpVersion: 101.0.4951.41, setWindowRect: true, strictFileInteractability: false, timeouts: {implicit: 0, pageLoad: 300000, script: 30000}, unhandledPromptBehavior: dismiss and notify, webauthn:extension:credBlob: true, webauthn:extension:largeBlob: true, webauthn:virtualAuthenticators: true}
Element: [[ChromeDriver: chrome on WINDOWS (4b5f0b9c3ffaac721ad8e71370606e51)] -&gt; xpath: //*[@id=&quot;search_query_top&quot;]]
Session ID: 4b5f0b9c3ffaac721ad8e71370606e51
	at java.base/jdk.internal.reflect.NativeConstructorAccessorImpl.newInstance0(Native Method)
	at java.base/jdk.internal.reflect.NativeConstructorAccessorImpl.newInstance(NativeConstructorAccessorImpl.java:62)
	at java.base/jdk.internal.reflect.DelegatingConstructorAccessorImpl.newInstance(DelegatingConstructorAccessorImpl.java:45)
	at java.base/java.lang.reflect.Constructor.newInstance(Constructor.java:490)
	at org.openqa.selenium.remote.codec.w3c.W3CHttpResponseCodec.createException(W3CHttpResponseCodec.java:200)
	at org.openqa.selenium.remote.codec.w3c.W3CHttpResponseCodec.decode(W3CHttpResponseCodec.java:133)
	at org.openqa.selenium.remote.codec.w3c.W3CHttpResponseCodec.decode(W3CHttpResponseCodec.java:53)
	at org.openqa.selenium.remote.HttpCommandExecutor.execute(HttpCommandExecutor.java:184)
	at org.openqa.selenium.remote.service.DriverCommandExecutor.invokeExecute(DriverCommandExecutor.java:167)
	at org.openqa.selenium.remote.service.DriverCommandExecutor.execute(DriverCommandExecutor.java:142)
	at org.openqa.selenium.remote.RemoteWebDriver.execute(RemoteWebDriver.java:567)
	at org.openqa.selenium.remote.RemoteWebElement.execute(RemoteWebElement.java:251)
	at org.openqa.selenium.remote.RemoteWebElement.submit(RemoteWebElement.java:82)
	at Pages.Base.submit(Base.java:174)
	at Pages.HomePage.searchProduct(HomePage.java:41)
	at TestGlue.SearchSteps.realizaLaBusquedaDeUnProducto(SearchSteps.java:18)
	at &#10045;.realiza la busqueda de un producto &quot;Printed Dress&quot;(file:///D:/a/CucumberAutomationPage/CucumberAutomationPage/./src/test/resources/Features/VerifySummary.feature:9)
</pre>
      </div>
    </div>
  </div>


        
        

        

        
  
        

      </div>
          <div class="step">
        
<div class="brief skipped">
  <span class="keyword indention">And</span>
  <span class="name">Selecciona el producto &quot;Printed Chiffon Dress&quot;</span>
  
  <span class="lead-duration duration">0.000</span>

  </div>

        

        


        
        

        

        
  
        

      </div>
          <div class="step">
        
<div class="brief skipped">
  <span class="keyword indention">And</span>
  <span class="name">agrega el producto al carrito &quot;5&quot; &quot;M&quot; &quot;Green&quot;</span>
  
  <span class="lead-duration duration">0.000</span>

  </div>

        

        


        
        

        

        
  
        

      </div>
          <div class="step">
        
<div class="brief skipped">
  <span class="keyword indention">When</span>
  <span class="name">Presiona en el boton Check out</span>
  
  <span class="lead-duration duration">0.000</span>

  </div>

        

        


        
        

        

        
  
        

      </div>
          <div class="step">
        
<div class="brief skipped">
  <span class="keyword indention">Then</span>
  <span class="name">deberia redirigir a la pagina Order</span>
  
  <span class="lead-duration duration">0.000</span>

  </div>

        

        


        
        

        

        
  
        

      </div>
          <div class="step">
        
<div class="brief skipped">
  <span class="keyword indention">And</span>
  <span class="name">el total de la compra deberia ser igual al total esperado &quot;$84.00&quot;</span>
  
  <span class="lead-duration duration">0.000</span>

  </div>

        

        


        
        

        

        
  
        

      </div>
      </div>
</div>


    
  <div class="inner-level hooks-element-after">
        <div data-toggle="collapse" class=" collapsed  collapsable-control" data-target="#after-159">
      
<div class="brief passed">
  <span class="keyword indention">Hooks</span>
  <span class="name"></span>
  

       <i class="chevron fa fa-fw"></i>
  </div>

    </div>

    <div id="after-159" class="inner-level collapse collapsable-details ">
              <div class="hook">
          <div class="brief passed">
            <span class="keyword indention">After</span>
                          <span class="location name">TestGlue.Hooks.tearDown(io.cucumber.java.Scenario)</span>
                        
  <span class="lead-duration duration">6.819</span>

          </div>

                      

          
                    

          
    <div class="embeddings inner-level">
                <div class="embedding indention">
        <div data-toggle="collapse" data-target="#embedding-160" class="collapsable-control">
      <a>Attachment 1 (png)</a>
      <a href="embeddings/embedding_-1708017312.png" download target="_blank">
        <span class="download-button glyphicon glyphicon-download-alt"></span>
      </a>
    </div>
    <div id="embedding-160" class="collapse collapsable-details">
      <div class="embedding-content">
        <img src="embeddings/embedding_-1708017312.png">
      </div>
    </div>
  </div>
        </div>
  
        </div>
          </div>
  </div>

  </div>
</div>

                      
<div class="element">
      <div class="indention">
      <b>Feature:</b>
      <a href="report-feature_file-src-test-resources-Features-WayToPay-feature.html">Formas de pago</a>
    </div>
  
  
<div class="tags indention">
  </div>

  
  <span class="lead-duration duration">19.544</span>


    <span data-toggle="collapse" class=" collapsable-control" data-target="#element-161">
    
<div class="brief failed">
  <span class="keyword indention">Background</span>
  <span class="name"></span>
  

       <i class="chevron fa fa-fw"></i>
  </div>

  </span>
  <div class="description indention"></div>

  <div id="element-161" class="collapse collapsable-details  in ">
    


    
<div class="steps inner-level">
    <div data-toggle="collapse" class=" collapsable-control" data-target="#steps-162">
    
<div class="brief failed">
  <span class="keyword indention">Steps</span>
  <span class="name"></span>
  

       <i class="chevron fa fa-fw"></i>
  </div>

  </div>

  <div id="steps-162" class="inner-level collapse collapsable-details  in ">
          <div class="step">
        
<div class="brief failed">
  <span class="keyword indention">Given</span>
  <span class="name">El usuario esta en la home page</span>
  
  <span class="lead-duration duration">19.544</span>

  </div>

        

        

  <div class="inner-level">
    <div class="message indention">
      <div data-toggle="collapse" class=" collapsable-control" data-target="#msg-163">
          <a>java.lang.AssertionError:</a>
      </div>
      <div id="msg-163" class="collapse collapsable-details  in ">
        <pre>java.lang.AssertionError: No esta en la home page
	at org.junit.Assert.fail(Assert.java:89)
	at org.junit.Assert.assertTrue(Assert.java:42)
	at TestGlue.SearchSteps.elUsuarioEstaEnLaHomePage(SearchSteps.java:12)
	at &#10045;.El usuario esta en la home page(file:///D:/a/CucumberAutomationPage/CucumberAutomationPage/./src/test/resources/Features/WayToPay.feature:6)
</pre>
      </div>
    </div>
  </div>


        
        

        

        
  
        

      </div>
      </div>
</div>


    

  </div>
</div>

                      
<div class="element">
      <div class="indention">
      <b>Feature:</b>
      <a href="report-feature_file-src-test-resources-Features-WayToPay-feature.html">Formas de pago</a>
    </div>
  
  
<div class="tags indention">
      <b>Tags:</b>
           <a href="report-tag_pay.html">@pay</a>
      </div>

  
  <span class="lead-duration duration">0.000</span>


    <span data-toggle="collapse" class=" collapsable-control" data-target="#element-164">
    
<div class="brief failed">
  <span class="keyword indention">Scenario Outline</span>
  <span class="name"></span>
  

       <i class="chevron fa fa-fw"></i>
  </div>

  </span>
  <div class="description indention">    Forma de pago transferencia bancaria.</div>

  <div id="element-164" class="collapse collapsable-details  in ">
    
  <div class="inner-level hooks-element-before">
        <div data-toggle="collapse" class=" collapsed  collapsable-control" data-target="#before-165">
      
<div class="brief passed">
  <span class="keyword indention">Hooks</span>
  <span class="name"></span>
  

       <i class="chevron fa fa-fw"></i>
  </div>

    </div>

    <div id="before-165" class="inner-level collapse collapsable-details ">
              <div class="hook">
          <div class="brief passed">
            <span class="keyword indention">Before</span>
                          <span class="location name">TestGlue.Hooks.setUp()</span>
                        
  <span class="lead-duration duration">21.244</span>

          </div>

                      

          
                    

          
  
        </div>
          </div>
  </div>


    
<div class="steps inner-level">
    <div data-toggle="collapse" class=" collapsable-control" data-target="#steps-166">
    
<div class="brief failed">
  <span class="keyword indention">Steps</span>
  <span class="name"></span>
  

       <i class="chevron fa fa-fw"></i>
  </div>

  </div>

  <div id="steps-166" class="inner-level collapse collapsable-details  in ">
          <div class="step">
        
<div class="brief skipped">
  <span class="keyword indention">And</span>
  <span class="name">realiza la busqueda de un producto &quot;Blouse&quot;</span>
  
  <span class="lead-duration duration">0.000</span>

  </div>

        

        


        
        

        

        
  
        

      </div>
          <div class="step">
        
<div class="brief skipped">
  <span class="keyword indention">And</span>
  <span class="name">Selecciona el producto &quot;Blouse&quot;</span>
  
  <span class="lead-duration duration">0.000</span>

  </div>

        

        


        
        

        

        
  
        

      </div>
          <div class="step">
        
<div class="brief skipped">
  <span class="keyword indention">And</span>
  <span class="name">agrega el producto al carrito &quot;3&quot; &quot;M&quot; &quot;Black&quot;</span>
  
  <span class="lead-duration duration">0.000</span>

  </div>

        

        


        
        

        

        
  
        

      </div>
          <div class="step">
        
<div class="brief skipped">
  <span class="keyword indention">And</span>
  <span class="name">Presiona en el boton Check out</span>
  
  <span class="lead-duration duration">0.000</span>

  </div>

        

        


        
        

        

        
  
        

      </div>
          <div class="step">
        
<div class="brief skipped">
  <span class="keyword indention">When</span>
  <span class="name">Presiona el boton Proceed to checkout desde order page</span>
  
  <span class="lead-duration duration">0.000</span>

  </div>

        

        


        
        

        

        
  
        

      </div>
          <div class="step">
        
<div class="brief skipped">
  <span class="keyword indention">And</span>
  <span class="name">Se logea &quot;mycuenta@gmail.com&quot; &quot;pass1&quot;</span>
  
  <span class="lead-duration duration">0.000</span>

  </div>

        

        


        
        

        

        
  
        

      </div>
          <div class="step">
        
<div class="brief skipped">
  <span class="keyword indention">And</span>
  <span class="name">Presiona el boton Proceed to checkout desde Addresses page</span>
  
  <span class="lead-duration duration">0.000</span>

  </div>

        

        


        
        

        

        
  
        

      </div>
          <div class="step">
        
<div class="brief skipped">
  <span class="keyword indention">And</span>
  <span class="name">Presiona el boton Proceed to checkout desde Shipping page</span>
  
  <span class="lead-duration duration">0.000</span>

  </div>

        

        


        
        

        

        
  
        

      </div>
          <div class="step">
        
<div class="brief skipped">
  <span class="keyword indention">And</span>
  <span class="name">Selecciona la opcion Pay by bank wire</span>
  
  <span class="lead-duration duration">0.000</span>

  </div>

        

        


        
        

        

        
  
        

      </div>
          <div class="step">
        
<div class="brief skipped">
  <span class="keyword indention">And</span>
  <span class="name">Presiona el boton I confirm my order</span>
  
  <span class="lead-duration duration">0.000</span>

  </div>

        

        


        
        

        

        
  
        

      </div>
          <div class="step">
        
<div class="brief skipped">
  <span class="keyword indention">Then</span>
  <span class="name">Es redireccionado a la pagina Order Confirmation</span>
  
  <span class="lead-duration duration">0.000</span>

  </div>

        

        


        
        

        

        
  
        

      </div>
      </div>
</div>


    
  <div class="inner-level hooks-element-after">
        <div data-toggle="collapse" class=" collapsed  collapsable-control" data-target="#after-167">
      
<div class="brief passed">
  <span class="keyword indention">Hooks</span>
  <span class="name"></span>
  

       <i class="chevron fa fa-fw"></i>
  </div>

    </div>

    <div id="after-167" class="inner-level collapse collapsable-details ">
              <div class="hook">
          <div class="brief passed">
            <span class="keyword indention">After</span>
                          <span class="location name">TestGlue.Hooks.tearDown(io.cucumber.java.Scenario)</span>
                        
  <span class="lead-duration duration">1.653</span>

          </div>

                      

          
                    

          
    <div class="embeddings inner-level">
                <div class="embedding indention">
        <div data-toggle="collapse" data-target="#embedding-168" class="collapsable-control">
      <a>Attachment 1 (png)</a>
      <a href="embeddings/embedding_-1708017312.png" download target="_blank">
        <span class="download-button glyphicon glyphicon-download-alt"></span>
      </a>
    </div>
    <div id="embedding-168" class="collapse collapsable-details">
      <div class="embedding-content">
        <img src="embeddings/embedding_-1708017312.png">
      </div>
    </div>
  </div>
        </div>
  
        </div>
          </div>
  </div>

  </div>
</div>

                      
<div class="element">
      <div class="indention">
      <b>Feature:</b>
      <a href="report-feature_file-src-test-resources-Features-WayToPay-feature.html">Formas de pago</a>
    </div>
  
  
<div class="tags indention">
      <b>Tags:</b>
           <a href="report-tag_pay.html">@pay</a>
      </div>

  
  <span class="lead-duration duration">6.221</span>


    <span data-toggle="collapse" class=" collapsable-control" data-target="#element-169">
    
<div class="brief failed">
  <span class="keyword indention">Scenario Outline</span>
  <span class="name"></span>
  

       <i class="chevron fa fa-fw"></i>
  </div>

  </span>
  <div class="description indention">    Forma de pago transferencia bancaria.</div>

  <div id="element-169" class="collapse collapsable-details  in ">
    
  <div class="inner-level hooks-element-before">
        <div data-toggle="collapse" class=" collapsed  collapsable-control" data-target="#before-170">
      
<div class="brief passed">
  <span class="keyword indention">Hooks</span>
  <span class="name"></span>
  

       <i class="chevron fa fa-fw"></i>
  </div>

    </div>

    <div id="before-170" class="inner-level collapse collapsable-details ">
              <div class="hook">
          <div class="brief passed">
            <span class="keyword indention">Before</span>
                          <span class="location name">TestGlue.Hooks.setUp()</span>
                        
  <span class="lead-duration duration">4.056</span>

          </div>

                      

          
                    

          
  
        </div>
          </div>
  </div>


    
<div class="steps inner-level">
    <div data-toggle="collapse" class=" collapsable-control" data-target="#steps-171">
    
<div class="brief failed">
  <span class="keyword indention">Steps</span>
  <span class="name"></span>
  

       <i class="chevron fa fa-fw"></i>
  </div>

  </div>

  <div id="steps-171" class="inner-level collapse collapsable-details  in ">
          <div class="step">
        
<div class="brief failed">
  <span class="keyword indention">And</span>
  <span class="name">realiza la busqueda de un producto &quot;Faded Short Sleeve T-shirts&quot;</span>
  
  <span class="lead-duration duration">6.221</span>

  </div>

        

        

  <div class="inner-level">
    <div class="message indention">
      <div data-toggle="collapse" class=" collapsable-control" data-target="#msg-172">
          <a>org.openqa.selenium.StaleElementReferenceException:</a>
      </div>
      <div id="msg-172" class="collapse collapsable-details  in ">
        <pre>org.openqa.selenium.StaleElementReferenceException: stale element reference: element is not attached to the page document
  (Session info: chrome=101.0.4951.41)
For documentation on this error, please visit: https://selenium.dev/exceptions/#stale_element_reference
Build info: version: '4.1.3', revision: '7b1ebf28ef'
System info: host: 'fv-az90-914', ip: '10.1.0.100', os.name: 'Windows Server 2022', os.arch: 'amd64', os.version: '10.0', java.version: '11.0.15'
Driver info: org.openqa.selenium.chrome.ChromeDriver
Command: [b4f2f85944e93c735a6581e6ef60e723, submitElement {id=a3b4773f-ade2-423a-911e-3b2c698ee488}]
Capabilities {acceptInsecureCerts: false, browserName: chrome, browserVersion: 101.0.4951.41, chrome: {chromedriverVersion: 101.0.4951.41 (93c720db8323..., userDataDir: C:\Users\RUNNER~1\AppData\L...}, goog:chromeOptions: {debuggerAddress: localhost:53321}, javascriptEnabled: true, networkConnectionEnabled: false, pageLoadStrategy: normal, platform: WINDOWS, platformName: WINDOWS, proxy: Proxy(), se:cdp: ws://localhost:53321/devtoo..., se:cdpVersion: 101.0.4951.41, setWindowRect: true, strictFileInteractability: false, timeouts: {implicit: 0, pageLoad: 300000, script: 30000}, unhandledPromptBehavior: dismiss and notify, webauthn:extension:credBlob: true, webauthn:extension:largeBlob: true, webauthn:virtualAuthenticators: true}
Element: [[ChromeDriver: chrome on WINDOWS (b4f2f85944e93c735a6581e6ef60e723)] -&gt; xpath: //*[@id=&quot;search_query_top&quot;]]
Session ID: b4f2f85944e93c735a6581e6ef60e723
	at java.base/jdk.internal.reflect.NativeConstructorAccessorImpl.newInstance0(Native Method)
	at java.base/jdk.internal.reflect.NativeConstructorAccessorImpl.newInstance(NativeConstructorAccessorImpl.java:62)
	at java.base/jdk.internal.reflect.DelegatingConstructorAccessorImpl.newInstance(DelegatingConstructorAccessorImpl.java:45)
	at java.base/java.lang.reflect.Constructor.newInstance(Constructor.java:490)
	at org.openqa.selenium.remote.codec.w3c.W3CHttpResponseCodec.createException(W3CHttpResponseCodec.java:200)
	at org.openqa.selenium.remote.codec.w3c.W3CHttpResponseCodec.decode(W3CHttpResponseCodec.java:133)
	at org.openqa.selenium.remote.codec.w3c.W3CHttpResponseCodec.decode(W3CHttpResponseCodec.java:53)
	at org.openqa.selenium.remote.HttpCommandExecutor.execute(HttpCommandExecutor.java:184)
	at org.openqa.selenium.remote.service.DriverCommandExecutor.invokeExecute(DriverCommandExecutor.java:167)
	at org.openqa.selenium.remote.service.DriverCommandExecutor.execute(DriverCommandExecutor.java:142)
	at org.openqa.selenium.remote.RemoteWebDriver.execute(RemoteWebDriver.java:567)
	at org.openqa.selenium.remote.RemoteWebElement.execute(RemoteWebElement.java:251)
	at org.openqa.selenium.remote.RemoteWebElement.submit(RemoteWebElement.java:82)
	at Pages.Base.submit(Base.java:174)
	at Pages.HomePage.searchProduct(HomePage.java:41)
	at TestGlue.SearchSteps.realizaLaBusquedaDeUnProducto(SearchSteps.java:18)
	at &#10045;.realiza la busqueda de un producto &quot;Faded Short Sleeve T-shirts&quot;(file:///D:/a/CucumberAutomationPage/CucumberAutomationPage/./src/test/resources/Features/WayToPay.feature:11)
</pre>
      </div>
    </div>
  </div>


        
        

        

        
  
        

      </div>
          <div class="step">
        
<div class="brief skipped">
  <span class="keyword indention">And</span>
  <span class="name">Selecciona el producto &quot;Faded Short Sleeve T-shirts&quot;</span>
  
  <span class="lead-duration duration">0.000</span>

  </div>

        

        


        
        

        

        
  
        

      </div>
          <div class="step">
        
<div class="brief skipped">
  <span class="keyword indention">And</span>
  <span class="name">agrega el producto al carrito &quot;2&quot; &quot;L&quot; &quot;Blue&quot;</span>
  
  <span class="lead-duration duration">0.000</span>

  </div>

        

        


        
        

        

        
  
        

      </div>
          <div class="step">
        
<div class="brief skipped">
  <span class="keyword indention">And</span>
  <span class="name">Presiona en el boton Check out</span>
  
  <span class="lead-duration duration">0.000</span>

  </div>

        

        


        
        

        

        
  
        

      </div>
          <div class="step">
        
<div class="brief skipped">
  <span class="keyword indention">When</span>
  <span class="name">Presiona el boton Proceed to checkout desde order page</span>
  
  <span class="lead-duration duration">0.000</span>

  </div>

        

        


        
        

        

        
  
        

      </div>
          <div class="step">
        
<div class="brief skipped">
  <span class="keyword indention">And</span>
  <span class="name">Se logea &quot;mycuenta5@gmail.com&quot; &quot;pass1&quot;</span>
  
  <span class="lead-duration duration">0.000</span>

  </div>

        

        


        
        

        

        
  
        

      </div>
          <div class="step">
        
<div class="brief skipped">
  <span class="keyword indention">And</span>
  <span class="name">Presiona el boton Proceed to checkout desde Addresses page</span>
  
  <span class="lead-duration duration">0.000</span>

  </div>

        

        


        
        

        

        
  
        

      </div>
          <div class="step">
        
<div class="brief skipped">
  <span class="keyword indention">And</span>
  <span class="name">Presiona el boton Proceed to checkout desde Shipping page</span>
  
  <span class="lead-duration duration">0.000</span>

  </div>

        

        


        
        

        

        
  
        

      </div>
          <div class="step">
        
<div class="brief skipped">
  <span class="keyword indention">And</span>
  <span class="name">Selecciona la opcion Pay by bank wire</span>
  
  <span class="lead-duration duration">0.000</span>

  </div>

        

        


        
        

        

        
  
        

      </div>
          <div class="step">
        
<div class="brief skipped">
  <span class="keyword indention">And</span>
  <span class="name">Presiona el boton I confirm my order</span>
  
  <span class="lead-duration duration">0.000</span>

  </div>

        

        


        
        

        

        
  
        

      </div>
          <div class="step">
        
<div class="brief skipped">
  <span class="keyword indention">Then</span>
  <span class="name">Es redireccionado a la pagina Order Confirmation</span>
  
  <span class="lead-duration duration">0.000</span>

  </div>

        

        


        
        

        

        
  
        

      </div>
      </div>
</div>


    
  <div class="inner-level hooks-element-after">
        <div data-toggle="collapse" class=" collapsed  collapsable-control" data-target="#after-173">
      
<div class="brief passed">
  <span class="keyword indention">Hooks</span>
  <span class="name"></span>
  

       <i class="chevron fa fa-fw"></i>
  </div>

    </div>

    <div id="after-173" class="inner-level collapse collapsable-details ">
              <div class="hook">
          <div class="brief passed">
            <span class="keyword indention">After</span>
                          <span class="location name">TestGlue.Hooks.tearDown(io.cucumber.java.Scenario)</span>
                        
  <span class="lead-duration duration">3.278</span>

          </div>

                      

          
                    

          
    <div class="embeddings inner-level">
                <div class="embedding indention">
        <div data-toggle="collapse" data-target="#embedding-174" class="collapsable-control">
      <a>Attachment 1 (png)</a>
      <a href="embeddings/embedding_-538625954.png" download target="_blank">
        <span class="download-button glyphicon glyphicon-download-alt"></span>
      </a>
    </div>
    <div id="embedding-174" class="collapse collapsable-details">
      <div class="embedding-content">
        <img src="embeddings/embedding_-538625954.png">
      </div>
    </div>
  </div>
        </div>
  
        </div>
          </div>
  </div>

  </div>
</div>

                      
<div class="element">
      <div class="indention">
      <b>Feature:</b>
      <a href="report-feature_file-src-test-resources-Features-WayToPay-feature.html">Formas de pago</a>
    </div>
  
  
<div class="tags indention">
      <b>Tags:</b>
           <a href="report-tag_pay.html">@pay</a>
      </div>

  
  <span class="lead-duration duration">10.699</span>


    <span data-toggle="collapse" class=" collapsable-control" data-target="#element-175">
    
<div class="brief failed">
  <span class="keyword indention">Scenario Outline</span>
  <span class="name"></span>
  

       <i class="chevron fa fa-fw"></i>
  </div>

  </span>
  <div class="description indention">    Forma de pago cheque.</div>

  <div id="element-175" class="collapse collapsable-details  in ">
    
  <div class="inner-level hooks-element-before">
        <div data-toggle="collapse" class=" collapsed  collapsable-control" data-target="#before-176">
      
<div class="brief passed">
  <span class="keyword indention">Hooks</span>
  <span class="name"></span>
  

       <i class="chevron fa fa-fw"></i>
  </div>

    </div>

    <div id="before-176" class="inner-level collapse collapsable-details ">
              <div class="hook">
          <div class="brief passed">
            <span class="keyword indention">Before</span>
                          <span class="location name">TestGlue.Hooks.setUp()</span>
                        
  <span class="lead-duration duration">2.967</span>

          </div>

                      

          
                    

          
  
        </div>
          </div>
  </div>


    
<div class="steps inner-level">
    <div data-toggle="collapse" class=" collapsable-control" data-target="#steps-177">
    
<div class="brief failed">
  <span class="keyword indention">Steps</span>
  <span class="name"></span>
  

       <i class="chevron fa fa-fw"></i>
  </div>

  </div>

  <div id="steps-177" class="inner-level collapse collapsable-details  in ">
          <div class="step">
        
<div class="brief passed">
  <span class="keyword indention">And</span>
  <span class="name">realiza la busqueda de un producto &quot;Blouse&quot;</span>
  
  <span class="lead-duration duration">3.914</span>

  </div>

        

        


        
        

        

        
  
        

      </div>
          <div class="step">
        
<div class="brief failed">
  <span class="keyword indention">And</span>
  <span class="name">Selecciona el producto &quot;Blouse&quot;</span>
  
  <span class="lead-duration duration">6.784</span>

  </div>

        

        

  <div class="inner-level">
    <div class="message indention">
      <div data-toggle="collapse" class=" collapsable-control" data-target="#msg-178">
          <a>org.openqa.selenium.NoSuchSessionException:</a>
      </div>
      <div id="msg-178" class="collapse collapsable-details  in ">
        <pre>org.openqa.selenium.NoSuchSessionException: invalid session id
Build info: version: '4.1.3', revision: '7b1ebf28ef'
System info: host: 'fv-az90-914', ip: '10.1.0.100', os.name: 'Windows Server 2022', os.arch: 'amd64', os.version: '10.0', java.version: '11.0.15'
Driver info: org.openqa.selenium.chrome.ChromeDriver
Command: [41c061c7d0131d2b5ecee2d8822493ef, findElement {using=link text, value=Blouse}]
Capabilities {acceptInsecureCerts: false, browserName: chrome, browserVersion: 101.0.4951.41, chrome: {chromedriverVersion: 101.0.4951.41 (93c720db8323..., userDataDir: C:\Users\RUNNER~1\AppData\L...}, goog:chromeOptions: {debuggerAddress: localhost:53524}, javascriptEnabled: true, networkConnectionEnabled: false, pageLoadStrategy: normal, platform: WINDOWS, platformName: WINDOWS, proxy: Proxy(), se:cdp: ws://localhost:53524/devtoo..., se:cdpVersion: 101.0.4951.41, setWindowRect: true, strictFileInteractability: false, timeouts: {implicit: 0, pageLoad: 300000, script: 30000}, unhandledPromptBehavior: dismiss and notify, webauthn:extension:credBlob: true, webauthn:extension:largeBlob: true, webauthn:virtualAuthenticators: true}
Session ID: 41c061c7d0131d2b5ecee2d8822493ef
	at java.base/jdk.internal.reflect.NativeConstructorAccessorImpl.newInstance0(Native Method)
	at java.base/jdk.internal.reflect.NativeConstructorAccessorImpl.newInstance(NativeConstructorAccessorImpl.java:62)
	at java.base/jdk.internal.reflect.DelegatingConstructorAccessorImpl.newInstance(DelegatingConstructorAccessorImpl.java:45)
	at java.base/java.lang.reflect.Constructor.newInstance(Constructor.java:490)
	at org.openqa.selenium.remote.codec.w3c.W3CHttpResponseCodec.createException(W3CHttpResponseCodec.java:200)
	at org.openqa.selenium.remote.codec.w3c.W3CHttpResponseCodec.decode(W3CHttpResponseCodec.java:133)
	at org.openqa.selenium.remote.codec.w3c.W3CHttpResponseCodec.decode(W3CHttpResponseCodec.java:53)
	at org.openqa.selenium.remote.HttpCommandExecutor.execute(HttpCommandExecutor.java:184)
	at org.openqa.selenium.remote.service.DriverCommandExecutor.invokeExecute(DriverCommandExecutor.java:167)
	at org.openqa.selenium.remote.service.DriverCommandExecutor.execute(DriverCommandExecutor.java:142)
	at org.openqa.selenium.remote.RemoteWebDriver.execute(RemoteWebDriver.java:567)
	at org.openqa.selenium.remote.ElementLocation$ElementFinder$2.findElement(ElementLocation.java:162)
	at org.openqa.selenium.remote.ElementLocation.findElement(ElementLocation.java:60)
	at org.openqa.selenium.remote.RemoteWebDriver.findElement(RemoteWebDriver.java:385)
	at org.openqa.selenium.remote.RemoteWebDriver.findElement(RemoteWebDriver.java:377)
	at org.openqa.selenium.support.ui.ExpectedConditions$6.apply(ExpectedConditions.java:174)
	at org.openqa.selenium.support.ui.ExpectedConditions$6.apply(ExpectedConditions.java:171)
	at org.openqa.selenium.support.ui.FluentWait.until(FluentWait.java:208)
	at Pages.Base.findElementLinkText(Base.java:39)
	at Pages.Base.clicLinkText(Base.java:71)
	at Pages.SearchPage.clicTextProduct(SearchPage.java:33)
	at TestGlue.AddToCartSteps.seleccionaElProducto(AddToCartSteps.java:11)
	at &#10045;.Selecciona el producto &quot;Blouse&quot;(file:///D:/a/CucumberAutomationPage/CucumberAutomationPage/./src/test/resources/Features/WayToPay.feature:32)
</pre>
      </div>
    </div>
  </div>


        
        

        

        
  
        

      </div>
          <div class="step">
        
<div class="brief skipped">
  <span class="keyword indention">And</span>
  <span class="name">agrega el producto al carrito &quot;3&quot; &quot;M&quot; &quot;Black&quot;</span>
  
  <span class="lead-duration duration">0.000</span>

  </div>

        

        


        
        

        

        
  
        

      </div>
          <div class="step">
        
<div class="brief skipped">
  <span class="keyword indention">And</span>
  <span class="name">Presiona en el boton Check out</span>
  
  <span class="lead-duration duration">0.000</span>

  </div>

        

        


        
        

        

        
  
        

      </div>
          <div class="step">
        
<div class="brief skipped">
  <span class="keyword indention">When</span>
  <span class="name">Presiona el boton Proceed to checkout desde order page</span>
  
  <span class="lead-duration duration">0.000</span>

  </div>

        

        


        
        

        

        
  
        

      </div>
          <div class="step">
        
<div class="brief skipped">
  <span class="keyword indention">And</span>
  <span class="name">Se logea &quot;mycuenta@gmail.com&quot; &quot;pass1&quot;</span>
  
  <span class="lead-duration duration">0.000</span>

  </div>

        

        


        
        

        

        
  
        

      </div>
          <div class="step">
        
<div class="brief skipped">
  <span class="keyword indention">And</span>
  <span class="name">Presiona el boton Proceed to checkout desde Addresses page</span>
  
  <span class="lead-duration duration">0.000</span>

  </div>

        

        


        
        

        

        
  
        

      </div>
          <div class="step">
        
<div class="brief skipped">
  <span class="keyword indention">And</span>
  <span class="name">Presiona el boton Proceed to checkout desde Shipping page</span>
  
  <span class="lead-duration duration">0.000</span>

  </div>

        

        


        
        

        

        
  
        

      </div>
          <div class="step">
        
<div class="brief skipped">
  <span class="keyword indention">And</span>
  <span class="name">Selecciona la opcion Pay by check</span>
  
  <span class="lead-duration duration">0.000</span>

  </div>

        

        


        
        

        

        
  
        

      </div>
          <div class="step">
        
<div class="brief skipped">
  <span class="keyword indention">And</span>
  <span class="name">Presiona el boton I confirm my order</span>
  
  <span class="lead-duration duration">0.000</span>

  </div>

        

        


        
        

        

        
  
        

      </div>
          <div class="step">
        
<div class="brief skipped">
  <span class="keyword indention">Then</span>
  <span class="name">Es redireccionado a la pagina Order Confirmation</span>
  
  <span class="lead-duration duration">0.000</span>

  </div>

        

        


        
        

        

        
  
        

      </div>
      </div>
</div>


    
  <div class="inner-level hooks-element-after">
        <div data-toggle="collapse" class=" collapsed  collapsable-control" data-target="#after-179">
      
<div class="brief passed">
  <span class="keyword indention">Hooks</span>
  <span class="name"></span>
  

       <i class="chevron fa fa-fw"></i>
  </div>

    </div>

    <div id="after-179" class="inner-level collapse collapsable-details ">
              <div class="hook">
          <div class="brief passed">
            <span class="keyword indention">After</span>
                          <span class="location name">TestGlue.Hooks.tearDown(io.cucumber.java.Scenario)</span>
                        
  <span class="lead-duration duration">10.384</span>

          </div>

                      

          
                    

          
    <div class="embeddings inner-level">
                <div class="embedding indention">
        <div data-toggle="collapse" data-target="#embedding-180" class="collapsable-control">
      <a>Attachment 1 (png)</a>
      <a href="embeddings/embedding_-476300210.png" download target="_blank">
        <span class="download-button glyphicon glyphicon-download-alt"></span>
      </a>
    </div>
    <div id="embedding-180" class="collapse collapsable-details">
      <div class="embedding-content">
        <img src="embeddings/embedding_-476300210.png">
      </div>
    </div>
  </div>
        </div>
  
        </div>
          </div>
  </div>

  </div>
</div>

                      
<div class="element">
      <div class="indention">
      <b>Feature:</b>
      <a href="report-feature_file-src-test-resources-Features-WayToPay-feature.html">Formas de pago</a>
    </div>
  
  
<div class="tags indention">
  </div>

  
  <span class="lead-duration duration">8.241</span>


    <span data-toggle="collapse" class=" collapsable-control" data-target="#element-181">
    
<div class="brief failed">
  <span class="keyword indention">Background</span>
  <span class="name"></span>
  

       <i class="chevron fa fa-fw"></i>
  </div>

  </span>
  <div class="description indention"></div>

  <div id="element-181" class="collapse collapsable-details  in ">
    


    
<div class="steps inner-level">
    <div data-toggle="collapse" class=" collapsable-control" data-target="#steps-182">
    
<div class="brief failed">
  <span class="keyword indention">Steps</span>
  <span class="name"></span>
  

       <i class="chevron fa fa-fw"></i>
  </div>

  </div>

  <div id="steps-182" class="inner-level collapse collapsable-details  in ">
          <div class="step">
        
<div class="brief failed">
  <span class="keyword indention">Given</span>
  <span class="name">El usuario esta en la home page</span>
  
  <span class="lead-duration duration">8.241</span>

  </div>

        

        

  <div class="inner-level">
    <div class="message indention">
      <div data-toggle="collapse" class=" collapsable-control" data-target="#msg-183">
          <a>java.lang.AssertionError:</a>
      </div>
      <div id="msg-183" class="collapse collapsable-details  in ">
        <pre>java.lang.AssertionError: No esta en la home page
	at org.junit.Assert.fail(Assert.java:89)
	at org.junit.Assert.assertTrue(Assert.java:42)
	at TestGlue.SearchSteps.elUsuarioEstaEnLaHomePage(SearchSteps.java:12)
	at &#10045;.El usuario esta en la home page(file:///D:/a/CucumberAutomationPage/CucumberAutomationPage/./src/test/resources/Features/WayToPay.feature:6)
</pre>
      </div>
    </div>
  </div>


        
        

        

        
  
        

      </div>
      </div>
</div>


    

  </div>
</div>

                      
<div class="element">
      <div class="indention">
      <b>Feature:</b>
      <a href="report-feature_file-src-test-resources-Features-WayToPay-feature.html">Formas de pago</a>
    </div>
  
  
<div class="tags indention">
      <b>Tags:</b>
           <a href="report-tag_pay.html">@pay</a>
      </div>

  
  <span class="lead-duration duration">0.000</span>


    <span data-toggle="collapse" class=" collapsable-control" data-target="#element-184">
    
<div class="brief failed">
  <span class="keyword indention">Scenario Outline</span>
  <span class="name"></span>
  

       <i class="chevron fa fa-fw"></i>
  </div>

  </span>
  <div class="description indention">    Forma de pago cheque.</div>

  <div id="element-184" class="collapse collapsable-details  in ">
    
  <div class="inner-level hooks-element-before">
        <div data-toggle="collapse" class=" collapsed  collapsable-control" data-target="#before-185">
      
<div class="brief passed">
  <span class="keyword indention">Hooks</span>
  <span class="name"></span>
  

       <i class="chevron fa fa-fw"></i>
  </div>

    </div>

    <div id="before-185" class="inner-level collapse collapsable-details ">
              <div class="hook">
          <div class="brief passed">
            <span class="keyword indention">Before</span>
                          <span class="location name">TestGlue.Hooks.setUp()</span>
                        
  <span class="lead-duration duration">1.306</span>

          </div>

                      

          
                    

          
  
        </div>
          </div>
  </div>


    
<div class="steps inner-level">
    <div data-toggle="collapse" class=" collapsable-control" data-target="#steps-186">
    
<div class="brief failed">
  <span class="keyword indention">Steps</span>
  <span class="name"></span>
  

       <i class="chevron fa fa-fw"></i>
  </div>

  </div>

  <div id="steps-186" class="inner-level collapse collapsable-details  in ">
          <div class="step">
        
<div class="brief skipped">
  <span class="keyword indention">And</span>
  <span class="name">realiza la busqueda de un producto &quot;Faded Short Sleeve T-shirts&quot;</span>
  
  <span class="lead-duration duration">0.000</span>

  </div>

        

        


        
        

        

        
  
        

      </div>
          <div class="step">
        
<div class="brief skipped">
  <span class="keyword indention">And</span>
  <span class="name">Selecciona el producto &quot;Faded Short Sleeve T-shirts&quot;</span>
  
  <span class="lead-duration duration">0.000</span>

  </div>

        

        


        
        

        

        
  
        

      </div>
          <div class="step">
        
<div class="brief skipped">
  <span class="keyword indention">And</span>
  <span class="name">agrega el producto al carrito &quot;2&quot; &quot;L&quot; &quot;Blue&quot;</span>
  
  <span class="lead-duration duration">0.000</span>

  </div>

        

        


        
        

        

        
  
        

      </div>
          <div class="step">
        
<div class="brief skipped">
  <span class="keyword indention">And</span>
  <span class="name">Presiona en el boton Check out</span>
  
  <span class="lead-duration duration">0.000</span>

  </div>

        

        


        
        

        

        
  
        

      </div>
          <div class="step">
        
<div class="brief skipped">
  <span class="keyword indention">When</span>
  <span class="name">Presiona el boton Proceed to checkout desde order page</span>
  
  <span class="lead-duration duration">0.000</span>

  </div>

        

        


        
        

        

        
  
        

      </div>
          <div class="step">
        
<div class="brief skipped">
  <span class="keyword indention">And</span>
  <span class="name">Se logea &quot;mycuenta5@gmail.com&quot; &quot;pass1&quot;</span>
  
  <span class="lead-duration duration">0.000</span>

  </div>

        

        


        
        

        

        
  
        

      </div>
          <div class="step">
        
<div class="brief skipped">
  <span class="keyword indention">And</span>
  <span class="name">Presiona el boton Proceed to checkout desde Addresses page</span>
  
  <span class="lead-duration duration">0.000</span>

  </div>

        

        


        
        

        

        
  
        

      </div>
          <div class="step">
        
<div class="brief skipped">
  <span class="keyword indention">And</span>
  <span class="name">Presiona el boton Proceed to checkout desde Shipping page</span>
  
  <span class="lead-duration duration">0.000</span>

  </div>

        

        


        
        

        

        
  
        

      </div>
          <div class="step">
        
<div class="brief skipped">
  <span class="keyword indention">And</span>
  <span class="name">Selecciona la opcion Pay by check</span>
  
  <span class="lead-duration duration">0.000</span>

  </div>

        

        


        
        

        

        
  
        

      </div>
          <div class="step">
        
<div class="brief skipped">
  <span class="keyword indention">And</span>
  <span class="name">Presiona el boton I confirm my order</span>
  
  <span class="lead-duration duration">0.000</span>

  </div>

        

        


        
        

        

        
  
        

      </div>
          <div class="step">
        
<div class="brief skipped">
  <span class="keyword indention">Then</span>
  <span class="name">Es redireccionado a la pagina Order Confirmation</span>
  
  <span class="lead-duration duration">0.000</span>

  </div>

        

        


        
        

        

        
  
        

      </div>
      </div>
</div>


    
  <div class="inner-level hooks-element-after">
        <div data-toggle="collapse" class=" collapsed  collapsable-control" data-target="#after-187">
      
<div class="brief passed">
  <span class="keyword indention">Hooks</span>
  <span class="name"></span>
  

       <i class="chevron fa fa-fw"></i>
  </div>

    </div>

    <div id="after-187" class="inner-level collapse collapsable-details ">
              <div class="hook">
          <div class="brief passed">
            <span class="keyword indention">After</span>
                          <span class="location name">TestGlue.Hooks.tearDown(io.cucumber.java.Scenario)</span>
                        
  <span class="lead-duration duration">0.870</span>

          </div>

                      

          
                    

          
    <div class="embeddings inner-level">
                <div class="embedding indention">
        <div data-toggle="collapse" data-target="#embedding-188" class="collapsable-control">
      <a>Attachment 1 (png)</a>
      <a href="embeddings/embedding_-1708017312.png" download target="_blank">
        <span class="download-button glyphicon glyphicon-download-alt"></span>
      </a>
    </div>
    <div id="embedding-188" class="collapse collapsable-details">
      <div class="embedding-content">
        <img src="embeddings/embedding_-1708017312.png">
      </div>
    </div>
  </div>
        </div>
  
        </div>
          </div>
  </div>

  </div>
</div>

                  </div>
      
    </div>
  </div>
</div>


<div class="container-fluid">
  <div class="row">
    <div class="col-md-10 col-md-offset-10">
      <i class="fa fa-chevron-circle-down fa-2x collapsable-control"
        onClick="javascript:$('#report .collapsable-details').collapse('show')"></i>
      <i class="fa fa-chevron-circle-up fa-2x collapsable-control"
        onClick="javascript:$('#report .collapsable-details').collapse('hide')"></i>
    </div>
  </div>
</div>

<br>

<nav class="navbar navbar-default" id="footer">
  <div class="container-fluid">
    <p class="navbar-text navbar-right">
        <small>generate Cucumber HTML reports via:&nbsp;</small>
        <a class="navbar-link" href="https://github.com/jenkinsci/cucumber-reports-plugin">Jenkins Plugin</a> |
        <a class="navbar-link" href="https://github.com/damianszczepanik/cucumber-reporting">Standalone</a> |
        <a class="navbar-link" href="https://github.com/damianszczepanik/cucumber-sandwich">Sandwich</a> |
        <a class="navbar-link" href="https://github.com/damianszczepanik/maven-cucumber-reporting">Maven</a>
        &nbsp;&nbsp;
    </p>
  </div>
</nav>

</body>
</html>
